#
# There is insufficient memory for the Java Runtime Environment to continue.
# Native memory allocation (malloc) failed to allocate 3527760 bytes for Chunk::new
# Possible reasons:
#   The system is out of physical RAM or swap space
#   The process is running with CompressedOops enabled, and the Java Heap may be blocking the growth of the native heap
# Possible solutions:
#   Reduce memory load on the system
#   Increase physical memory or swap space
#   Check if swap backing store is full
#   Decrease Java heap size (-Xmx/-Xms)
#   Decrease number of Java threads
#   Decrease Java thread stack sizes (-Xss)
#   Set larger code cache with -XX:ReservedCodeCacheSize=
#   JVM is running with Zero Based Compressed Oops mode in which the Java heap is
#     placed in the first 32GB address space. The Java Heap base address is the
#     maximum limit for the native heap growth. Please use -XX:HeapBaseMinAddress
#     to set the Java Heap base and to place the Java Heap above 32GB virtual address.
# This output file may be truncated or incomplete.
#
#  Out of Memory Error (arena.cpp:189), pid=20772, tid=552
#
# JRE version: OpenJDK Runtime Environment JBR-17.0.8.1+7-1059.3-nomod (17.0.8.1+7) (build 17.0.8.1+7-b1059.3)
# Java VM: OpenJDK 64-Bit Server VM JBR-17.0.8.1+7-1059.3-nomod (17.0.8.1+7-b1059.3, mixed mode, tiered, compressed oops, compressed class ptrs, g1 gc, windows-amd64)
# No core dump will be written. Minidumps are not enabled by default on client versions of Windows
#

---------------  S U M M A R Y ------------

Command Line: -javaagent:C:\Program Files\JetBrains\IntelliJ IDEA 2023.2.2\lib\idea_rt.jar=55030:C:\Program Files\JetBrains\IntelliJ IDEA 2023.2.2\bin -Dfile.encoding=UTF-8 --module-path=C:\Users\dell\.m2\repository\org\openjfx\javafx-web\17.0.6\javafx-web-17.0.6-win.jar;C:\Users\dell\.m2\repository\com\google\oauth-client\google-oauth-client\1.34.1\google-oauth-client-1.34.1.jar;C:\Users\dell\.m2\repository\org\apache\httpcomponents\httpcore\4.4.13\httpcore-4.4.13.jar;C:\Users\dell\.m2\repository\com\zaxxer\SparseBitSet\1.2\SparseBitSet-1.2.jar;C:\Users\dell\.m2\repository\org\testng\testng\7.10.2\testng-7.10.2.jar;C:\Users\dell\.m2\repository\org\json\json\20210307\json-20210307.jar;C:\Users\dell\.m2\repository\org\opentest4j\opentest4j\1.2.0\opentest4j-1.2.0.jar;C:\Users\dell\.m2\repository\com\google\zxing\core\3.4.1\core-3.4.1.jar;C:\Users\dell\.m2\repository\com\mysql\mysql-connector-j\8.2.0\mysql-connector-j-8.2.0.jar;C:\Users\dell\.m2\repository\org\openjfx\javafx-fxml\17.0.6\javafx-fxml-17.0.6-win.jar;C:\Users\dell\.m2\repository\org\glassfish\jakarta.json\2.0.1\jakarta.json-2.0.1.jar;C:\Users\dell\.m2\repository\jakarta\json\jakarta.json-api\2.0.1\jakarta.json-api-2.0.1.jar;C:\Users\dell\.m2\repository\com\google\api-client\google-api-client\2.0.0\google-api-client-2.0.0.jar;C:\Users\dell\.m2\repository\org\junit\platform\junit-platform-commons\1.9.2\junit-platform-commons-1.9.2.jar;F:\TJv2\TJv2\target\classes;C:\Users\dell\.m2\repository\org\glassfish\javax.json\1.1.4\javax.json-1.1.4.jar;C:\Users\dell\.m2\repository\commons-codec\commons-codec\1.11\commons-codec-1.11.jar;C:\Users\dell\.m2\repository\com\twilio\sdk\twilio\8.22.0\twilio-8.22.0.jar;C:\Users\dell\.m2\repository\org\apache\xmlbeans\xmlbeans\5.1.1\xmlbeans-5.1.1.jar;C:\Users\dell\.m2\repository\org\apache\pdfbox\fontbox\2.0.26\fontbox-2.0.26.jar;C:\Users\dell\.m2\repository\com\sun\mail\javax.mail\1.6.2\javax.mail-1.6.2.jar;C:\Users\dell\.m2\repository\com\google\http-client\google-http-client-gson\1.42.1\google-http-client-gson-1.42.1.jar;C:\Users\dell\.m2\repository\com\google\apis\google-api-services-gmail\v1-rev20220404-2.0.0\google-api-services-gmail-v1-rev-Djdk.module.main=com.example.tourjoy com.example.tourjoy/com.example.javafx.HelloApplication

Host: Intel(R) Core(TM) i5-10300H CPU @ 2.50GHz, 8 cores, 15G,  Windows 10 , 64 bit Build 19041 (10.0.19041.3636)
Time: Mon May  6 11:25:31 2024 Afr. centrale Ouest elapsed time: 128.975460 seconds (0d 0h 2m 8s)

---------------  T H R E A D  ---------------

Current thread (0x0000023e91b81c20):  JavaThread "C2 CompilerThread0" daemon [_thread_in_native, id=552, stack(0x000000bafb400000,0x000000bafb500000)]


Current CompileTask:
C2: 128975 6004   !   4       javafx.scene.CssStyleHelper::transitionToState (1031 bytes)

Stack: [0x000000bafb400000,0x000000bafb500000]
Native frames: (J=compiled Java code, j=interpreted, Vv=VM code, C=native code)
V  [jvm.dll+0x6852da]


---------------  P R O C E S S  ---------------

Threads class SMR info:
_java_thread_list=0x0000023e91e5cca0, length=21, elements={
0x0000023ef2df1040, 0x0000023e91b59270, 0x0000023e91b5a000, 0x0000023e91b43f70,
0x0000023e91b44a40, 0x0000023e91b45310, 0x0000023e91b81020, 0x0000023e91b81c20,
0x0000023e91b86540, 0x0000023e91b8c360, 0x0000023e913dfe60, 0x0000023e96da6cf0,
0x0000023e96ca1e70, 0x0000023e9773ae00, 0x0000023e96f42050, 0x0000023e96f429b0,
0x0000023e96633f50, 0x0000023e977c23d0, 0x0000023e977c3810, 0x0000023e977c4c50,
0x0000023e977c5670
}

Java Threads: ( => current thread )
  0x0000023ef2df1040 JavaThread "main" [_thread_blocked, id=8612, stack(0x000000bafa700000,0x000000bafa800000)]
  0x0000023e91b59270 JavaThread "Reference Handler" daemon [_thread_blocked, id=20736, stack(0x000000bafae00000,0x000000bafaf00000)]
  0x0000023e91b5a000 JavaThread "Finalizer" daemon [_thread_blocked, id=14008, stack(0x000000bafaf00000,0x000000bafb000000)]
  0x0000023e91b43f70 JavaThread "Signal Dispatcher" daemon [_thread_blocked, id=13764, stack(0x000000bafb000000,0x000000bafb100000)]
  0x0000023e91b44a40 JavaThread "Attach Listener" daemon [_thread_blocked, id=21884, stack(0x000000bafb100000,0x000000bafb200000)]
  0x0000023e91b45310 JavaThread "Service Thread" daemon [_thread_blocked, id=23384, stack(0x000000bafb200000,0x000000bafb300000)]
  0x0000023e91b81020 JavaThread "Monitor Deflation Thread" daemon [_thread_blocked, id=20052, stack(0x000000bafb300000,0x000000bafb400000)]
=>0x0000023e91b81c20 JavaThread "C2 CompilerThread0" daemon [_thread_in_native, id=552, stack(0x000000bafb400000,0x000000bafb500000)]
  0x0000023e91b86540 JavaThread "C1 CompilerThread0" daemon [_thread_blocked, id=19396, stack(0x000000bafb500000,0x000000bafb600000)]
  0x0000023e91b8c360 JavaThread "Sweeper thread" daemon [_thread_blocked, id=17792, stack(0x000000bafb600000,0x000000bafb700000)]
  0x0000023e913dfe60 JavaThread "Common-Cleaner" daemon [_thread_blocked, id=21208, stack(0x000000bafb700000,0x000000bafb800000)]
  0x0000023e96da6cf0 JavaThread "Monitor Ctrl-Break" daemon [_thread_in_native, id=16180, stack(0x000000bafbf00000,0x000000bafc000000)]
  0x0000023e96ca1e70 JavaThread "Notification Thread" daemon [_thread_blocked, id=11200, stack(0x000000bafc000000,0x000000bafc100000)]
  0x0000023e9773ae00 JavaThread "QuantumRenderer-0" daemon [_thread_blocked, id=22684, stack(0x000000bafc200000,0x000000bafc300000)]
  0x0000023e96f42050 JavaThread "InvokeLaterDispatcher" daemon [_thread_blocked, id=13980, stack(0x000000bafc300000,0x000000bafc400000)]
  0x0000023e96f429b0 JavaThread "JavaFX Application Thread" [_thread_in_native, id=12936, stack(0x000000bafc400000,0x000000bafc500000)]
  0x0000023e96633f50 JavaThread "Thread-1" daemon [_thread_in_native, id=5240, stack(0x000000bafc800000,0x000000bafc900000)]
  0x0000023e977c23d0 JavaThread "JavaFX-Launcher" [_thread_blocked, id=7344, stack(0x000000bafc900000,0x000000bafca00000)]
  0x0000023e977c3810 JavaThread "Prism Font Disposer" daemon [_thread_blocked, id=6884, stack(0x000000bafca00000,0x000000bafcb00000)]
  0x0000023e977c4c50 JavaThread "mysql-cj-abandoned-connection-cleanup" daemon [_thread_blocked, id=17916, stack(0x000000bafcb00000,0x000000bafcc00000)]
  0x0000023e977c5670 JavaThread "Cleaner-0" daemon [_thread_blocked, id=22076, stack(0x000000bafd400000,0x000000bafd500000)]

Other Threads:
  0x0000023e91b36410 VMThread "VM Thread" [stack: 0x000000bafad00000,0x000000bafae00000] [id=23160]
  0x0000023ef2e7b4b0 WatcherThread [stack: 0x000000bafc100000,0x000000bafc200000] [id=14664]
  0x0000023ef2e5e730 GCTaskThread "GC Thread#0" [stack: 0x000000bafa800000,0x000000bafa900000] [id=5820]
  0x0000023e964d0c30 GCTaskThread "GC Thread#1" [stack: 0x000000bafba00000,0x000000bafbb00000] [id=17852]
  0x0000023e964d0ef0 GCTaskThread "GC Thread#2" [stack: 0x000000bafbb00000,0x000000bafbc00000] [id=10208]
  0x0000023e964d11b0 GCTaskThread "GC Thread#3" [stack: 0x000000bafbc00000,0x000000bafbd00000] [id=4188]
  0x0000023e91daf2c0 GCTaskThread "GC Thread#4" [stack: 0x000000bafbd00000,0x000000bafbe00000] [id=18500]
  0x0000023e91daf580 GCTaskThread "GC Thread#5" [stack: 0x000000bafbe00000,0x000000bafbf00000] [id=13416]
  0x0000023e9c76abe0 GCTaskThread "GC Thread#6" [stack: 0x000000bafcc00000,0x000000bafcd00000] [id=4408]
  0x0000023e9c76a920 GCTaskThread "GC Thread#7" [stack: 0x000000bafcd00000,0x000000bafce00000] [id=8484]
  0x0000023ef2e70270 ConcurrentGCThread "G1 Main Marker" [stack: 0x000000bafa900000,0x000000bafaa00000] [id=10788]
  0x0000023ef2e71330 ConcurrentGCThread "G1 Conc#0" [stack: 0x000000bafaa00000,0x000000bafab00000] [id=16228]
  0x0000023e9c769b60 ConcurrentGCThread "G1 Conc#1" [stack: 0x000000bafce00000,0x000000bafcf00000] [id=20840]
  0x0000023e91329780 ConcurrentGCThread "G1 Refine#0" [stack: 0x000000bafab00000,0x000000bafac00000] [id=13392]
  0x0000023e9132a0c0 ConcurrentGCThread "G1 Service" [stack: 0x000000bafac00000,0x000000bafad00000] [id=1940]

Threads with active compile tasks:
C2 CompilerThread0   129069 6004   !   4       javafx.scene.CssStyleHelper::transitionToState (1031 bytes)

VM state: not at safepoint (normal execution)

VM Mutex/Monitor currently owned by a thread: None

Heap address: 0x0000000703200000, size: 4046 MB, Compressed Oops mode: Zero based, Oop shift amount: 3

CDS archive(s) not mapped
Compressed class space mapped at: 0x0000000800000000-0x0000000840000000, reserved size: 1073741824
Narrow klass base: 0x0000000800000000, Narrow klass shift: 0, Narrow klass range: 0x40000000

GC Precious Log:
 CPUs: 8 total, 8 available
 Memory: 16177M
 Large Page Support: Disabled
 NUMA Support: Disabled
 Compressed Oops: Enabled (Zero based)
 Heap Region Size: 2M
 Heap Min Capacity: 8M
 Heap Initial Capacity: 254M
 Heap Max Capacity: 4046M
 Pre-touch: Disabled
 Parallel Workers: 8
 Concurrent Workers: 2
 Concurrent Refinement Workers: 8
 Periodic GC: Disabled

Heap:
 garbage-first heap   total 477184K, used 230639K [0x0000000703200000, 0x0000000800000000)
  region size 2048K, 7 young (14336K), 4 survivors (8192K)
 Metaspace       used 34877K, committed 35200K, reserved 1114112K
  class space    used 4442K, committed 4608K, reserved 1048576K

Heap Regions: E=young(eden), S=young(survivor), O=old, HS=humongous(starts), HC=humongous(continues), CS=collection set, F=free, OA=open archive, CA=closed archive, TAMS=top-at-mark-start (previous, next)
|   0|0x0000000703200000, 0x0000000703400000, 0x0000000703400000|100%| O|  |TAMS 0x0000000703400000, 0x0000000703400000| Untracked 
|   1|0x0000000703400000, 0x0000000703600000, 0x0000000703600000|100%|HS|  |TAMS 0x0000000703400000, 0x0000000703600000| Complete 
|   2|0x0000000703600000, 0x0000000703800000, 0x0000000703800000|100%|HC|  |TAMS 0x0000000703600000, 0x0000000703800000| Complete 
|   3|0x0000000703800000, 0x0000000703a00000, 0x0000000703a00000|100%|HC|  |TAMS 0x0000000703800000, 0x0000000703a00000| Complete 
|   4|0x0000000703a00000, 0x0000000703c00000, 0x0000000703c00000|100%|HC|  |TAMS 0x0000000703a00000, 0x0000000703c00000| Complete 
|   5|0x0000000703c00000, 0x0000000703e00000, 0x0000000703e00000|100%|HC|  |TAMS 0x0000000703c00000, 0x0000000703e00000| Complete 
|   6|0x0000000703e00000, 0x0000000704000000, 0x0000000704000000|100%|HC|  |TAMS 0x0000000703e00000, 0x0000000704000000| Complete 
|   7|0x0000000704000000, 0x0000000704200000, 0x0000000704200000|100%|HC|  |TAMS 0x0000000704000000, 0x0000000704200000| Complete 
|   8|0x0000000704200000, 0x0000000704400000, 0x0000000704400000|100%|HC|  |TAMS 0x0000000704200000, 0x0000000704400000| Complete 
|   9|0x0000000704400000, 0x0000000704600000, 0x0000000704600000|100%|HC|  |TAMS 0x0000000704400000, 0x0000000704600000| Complete 
|  10|0x0000000704600000, 0x0000000704800000, 0x0000000704800000|100%|HC|  |TAMS 0x0000000704600000, 0x0000000704800000| Complete 
|  11|0x0000000704800000, 0x0000000704a00000, 0x0000000704a00000|100%|HC|  |TAMS 0x0000000704800000, 0x0000000704a00000| Complete 
|  12|0x0000000704a00000, 0x0000000704c00000, 0x0000000704c00000|100%|HC|  |TAMS 0x0000000704a00000, 0x0000000704c00000| Complete 
|  13|0x0000000704c00000, 0x0000000704e00000, 0x0000000704e00000|100%|HC|  |TAMS 0x0000000704c00000, 0x0000000704e00000| Complete 
|  14|0x0000000704e00000, 0x0000000705000000, 0x0000000705000000|100%|HC|  |TAMS 0x0000000704e00000, 0x0000000705000000| Complete 
|  15|0x0000000705000000, 0x0000000705200000, 0x0000000705200000|100%|HC|  |TAMS 0x0000000705000000, 0x0000000705200000| Complete 
|  16|0x0000000705200000, 0x0000000705400000, 0x0000000705400000|100%|HC|  |TAMS 0x0000000705200000, 0x0000000705400000| Complete 
|  17|0x0000000705400000, 0x0000000705600000, 0x0000000705600000|100%|HC|  |TAMS 0x0000000705400000, 0x0000000705600000| Complete 
|  18|0x0000000705600000, 0x0000000705800000, 0x0000000705800000|100%|HC|  |TAMS 0x0000000705600000, 0x0000000705800000| Complete 
|  19|0x0000000705800000, 0x0000000705a00000, 0x0000000705a00000|100%|HS|  |TAMS 0x0000000705800000, 0x0000000705a00000| Complete 
|  20|0x0000000705a00000, 0x0000000705c00000, 0x0000000705c00000|100%|HC|  |TAMS 0x0000000705a00000, 0x0000000705c00000| Complete 
|  21|0x0000000705c00000, 0x0000000705e00000, 0x0000000705e00000|100%|HC|  |TAMS 0x0000000705c00000, 0x0000000705e00000| Complete 
|  22|0x0000000705e00000, 0x0000000706000000, 0x0000000706000000|100%|HC|  |TAMS 0x0000000705e00000, 0x0000000706000000| Complete 
|  23|0x0000000706000000, 0x0000000706200000, 0x0000000706200000|100%|HC|  |TAMS 0x0000000706000000, 0x0000000706200000| Complete 
|  24|0x0000000706200000, 0x0000000706400000, 0x0000000706400000|100%|HS|  |TAMS 0x0000000706400000, 0x0000000706400000| Complete 
|  25|0x0000000706400000, 0x0000000706600000, 0x0000000706600000|100%|HC|  |TAMS 0x0000000706600000, 0x0000000706600000| Complete 
|  26|0x0000000706600000, 0x0000000706800000, 0x0000000706800000|100%|HC|  |TAMS 0x0000000706800000, 0x0000000706800000| Complete 
|  27|0x0000000706800000, 0x0000000706a00000, 0x0000000706a00000|100%|HC|  |TAMS 0x0000000706a00000, 0x0000000706a00000| Complete 
|  28|0x0000000706a00000, 0x0000000706c00000, 0x0000000706c00000|100%|HC|  |TAMS 0x0000000706c00000, 0x0000000706c00000| Complete 
|  29|0x0000000706c00000, 0x0000000706c00000, 0x0000000706e00000|  0%| F|  |TAMS 0x0000000706c00000, 0x0000000706c00000| Untracked 
|  30|0x0000000706e00000, 0x0000000706e00000, 0x0000000707000000|  0%| F|  |TAMS 0x0000000706e00000, 0x0000000706e00000| Untracked 
|  31|0x0000000707000000, 0x0000000707200000, 0x0000000707200000|100%| O|  |TAMS 0x0000000707000000, 0x0000000707200000| Untracked 
|  32|0x0000000707200000, 0x000000070733c200, 0x0000000707400000| 61%| O|  |TAMS 0x0000000707200000, 0x000000070733c200| Untracked 
|  33|0x0000000707400000, 0x0000000707400000, 0x0000000707600000|  0%| F|  |TAMS 0x0000000707400000, 0x0000000707400000| Untracked 
|  34|0x0000000707600000, 0x0000000707600000, 0x0000000707800000|  0%| F|  |TAMS 0x0000000707600000, 0x0000000707600000| Untracked 
|  35|0x0000000707800000, 0x0000000707a00000, 0x0000000707a00000|100%|HS|  |TAMS 0x0000000707a00000, 0x0000000707a00000| Complete 
|  36|0x0000000707a00000, 0x0000000707c00000, 0x0000000707c00000|100%|HS|  |TAMS 0x0000000707a00000, 0x0000000707c00000| Complete 
|  37|0x0000000707c00000, 0x0000000707e00000, 0x0000000707e00000|100%|HC|  |TAMS 0x0000000707c00000, 0x0000000707e00000| Complete 
|  38|0x0000000707e00000, 0x0000000708000000, 0x0000000708000000|100%|HC|  |TAMS 0x0000000707e00000, 0x0000000708000000| Complete 
|  39|0x0000000708000000, 0x0000000708200000, 0x0000000708200000|100%|HC|  |TAMS 0x0000000708000000, 0x0000000708200000| Complete 
|  40|0x0000000708200000, 0x0000000708400000, 0x0000000708400000|100%|HC|  |TAMS 0x0000000708200000, 0x0000000708400000| Complete 
|  41|0x0000000708400000, 0x0000000708600000, 0x0000000708600000|100%| O|  |TAMS 0x0000000708600000, 0x0000000708600000| Untracked 
|  42|0x0000000708600000, 0x0000000708800000, 0x0000000708800000|100%| O|  |TAMS 0x0000000708800000, 0x0000000708800000| Untracked 
|  43|0x0000000708800000, 0x0000000708a00000, 0x0000000708a00000|100%| O|  |TAMS 0x0000000708986c00, 0x0000000708a00000| Untracked 
|  44|0x0000000708a00000, 0x0000000708c00000, 0x0000000708c00000|100%|HS|  |TAMS 0x0000000708a00000, 0x0000000708c00000| Complete 
|  45|0x0000000708c00000, 0x0000000708e00000, 0x0000000708e00000|100%|HC|  |TAMS 0x0000000708c00000, 0x0000000708e00000| Complete 
|  46|0x0000000708e00000, 0x0000000709000000, 0x0000000709000000|100%|HC|  |TAMS 0x0000000708e00000, 0x0000000709000000| Complete 
|  47|0x0000000709000000, 0x0000000709200000, 0x0000000709200000|100%|HC|  |TAMS 0x0000000709000000, 0x0000000709200000| Complete 
|  48|0x0000000709200000, 0x0000000709400000, 0x0000000709400000|100%|HC|  |TAMS 0x0000000709200000, 0x0000000709400000| Complete 
|  49|0x0000000709400000, 0x0000000709600000, 0x0000000709600000|100%|HC|  |TAMS 0x0000000709400000, 0x0000000709600000| Complete 
|  50|0x0000000709600000, 0x0000000709800000, 0x0000000709800000|100%|HC|  |TAMS 0x0000000709600000, 0x0000000709800000| Complete 
|  51|0x0000000709800000, 0x0000000709a00000, 0x0000000709a00000|100%|HC|  |TAMS 0x0000000709800000, 0x0000000709a00000| Complete 
|  52|0x0000000709a00000, 0x0000000709c00000, 0x0000000709c00000|100%|HC|  |TAMS 0x0000000709a00000, 0x0000000709c00000| Complete 
|  53|0x0000000709c00000, 0x0000000709e00000, 0x0000000709e00000|100%|HC|  |TAMS 0x0000000709c00000, 0x0000000709e00000| Complete 
|  54|0x0000000709e00000, 0x000000070a000000, 0x000000070a000000|100%|HC|  |TAMS 0x0000000709e00000, 0x000000070a000000| Complete 
|  55|0x000000070a000000, 0x000000070a200000, 0x000000070a200000|100%|HC|  |TAMS 0x000000070a000000, 0x000000070a200000| Complete 
|  56|0x000000070a200000, 0x000000070a400000, 0x000000070a400000|100%|HC|  |TAMS 0x000000070a200000, 0x000000070a400000| Complete 
|  57|0x000000070a400000, 0x000000070a600000, 0x000000070a600000|100%|HC|  |TAMS 0x000000070a400000, 0x000000070a600000| Complete 
|  58|0x000000070a600000, 0x000000070a800000, 0x000000070a800000|100%|HC|  |TAMS 0x000000070a600000, 0x000000070a800000| Complete 
|  59|0x000000070a800000, 0x000000070aa00000, 0x000000070aa00000|100%|HC|  |TAMS 0x000000070a800000, 0x000000070aa00000| Complete 
|  60|0x000000070aa00000, 0x000000070ac00000, 0x000000070ac00000|100%|HC|  |TAMS 0x000000070aa00000, 0x000000070ac00000| Complete 
|  61|0x000000070ac00000, 0x000000070ae00000, 0x000000070ae00000|100%|HC|  |TAMS 0x000000070ac00000, 0x000000070ae00000| Complete 
|  62|0x000000070ae00000, 0x000000070ae00000, 0x000000070b000000|  0%| F|  |TAMS 0x000000070ae00000, 0x000000070ae00000| Untracked 
|  63|0x000000070b000000, 0x000000070b000000, 0x000000070b200000|  0%| F|  |TAMS 0x000000070b000000, 0x000000070b000000| Untracked 
|  64|0x000000070b200000, 0x000000070b200000, 0x000000070b400000|  0%| F|  |TAMS 0x000000070b200000, 0x000000070b200000| Untracked 
|  65|0x000000070b400000, 0x000000070b400000, 0x000000070b600000|  0%| F|  |TAMS 0x000000070b400000, 0x000000070b400000| Untracked 
|  66|0x000000070b600000, 0x000000070b600000, 0x000000070b800000|  0%| F|  |TAMS 0x000000070b600000, 0x000000070b600000| Untracked 
|  67|0x000000070b800000, 0x000000070b800000, 0x000000070ba00000|  0%| F|  |TAMS 0x000000070b800000, 0x000000070b800000| Untracked 
|  68|0x000000070ba00000, 0x000000070ba00000, 0x000000070bc00000|  0%| F|  |TAMS 0x000000070ba00000, 0x000000070ba00000| Untracked 
|  69|0x000000070bc00000, 0x000000070bc00000, 0x000000070be00000|  0%| F|  |TAMS 0x000000070bc00000, 0x000000070bc00000| Untracked 
|  70|0x000000070be00000, 0x000000070be00000, 0x000000070c000000|  0%| F|  |TAMS 0x000000070be00000, 0x000000070be00000| Untracked 
|  71|0x000000070c000000, 0x000000070c000000, 0x000000070c200000|  0%| F|  |TAMS 0x000000070c000000, 0x000000070c000000| Untracked 
|  72|0x000000070c200000, 0x000000070c200000, 0x000000070c400000|  0%| F|  |TAMS 0x000000070c200000, 0x000000070c200000| Untracked 
|  73|0x000000070c400000, 0x000000070c400000, 0x000000070c600000|  0%| F|  |TAMS 0x000000070c400000, 0x000000070c400000| Untracked 
|  74|0x000000070c600000, 0x000000070c600000, 0x000000070c800000|  0%| F|  |TAMS 0x000000070c600000, 0x000000070c600000| Untracked 
|  75|0x000000070c800000, 0x000000070ca00000, 0x000000070ca00000|100%|HS|  |TAMS 0x000000070ca00000, 0x000000070ca00000| Complete 
|  76|0x000000070ca00000, 0x000000070cc00000, 0x000000070cc00000|100%|HC|  |TAMS 0x000000070cc00000, 0x000000070cc00000| Complete 
|  77|0x000000070cc00000, 0x000000070ce00000, 0x000000070ce00000|100%|HC|  |TAMS 0x000000070ce00000, 0x000000070ce00000| Complete 
|  78|0x000000070ce00000, 0x000000070d000000, 0x000000070d000000|100%|HC|  |TAMS 0x000000070d000000, 0x000000070d000000| Complete 
|  79|0x000000070d000000, 0x000000070d200000, 0x000000070d200000|100%|HC|  |TAMS 0x000000070d200000, 0x000000070d200000| Complete 
|  80|0x000000070d200000, 0x000000070d400000, 0x000000070d400000|100%|HC|  |TAMS 0x000000070d400000, 0x000000070d400000| Complete 
|  81|0x000000070d400000, 0x000000070d600000, 0x000000070d600000|100%|HC|  |TAMS 0x000000070d600000, 0x000000070d600000| Complete 
|  82|0x000000070d600000, 0x000000070d800000, 0x000000070d800000|100%|HC|  |TAMS 0x000000070d800000, 0x000000070d800000| Complete 
|  83|0x000000070d800000, 0x000000070da00000, 0x000000070da00000|100%|HC|  |TAMS 0x000000070da00000, 0x000000070da00000| Complete 
|  84|0x000000070da00000, 0x000000070dc00000, 0x000000070dc00000|100%|HC|  |TAMS 0x000000070dc00000, 0x000000070dc00000| Complete 
|  85|0x000000070dc00000, 0x000000070de00000, 0x000000070de00000|100%|HC|  |TAMS 0x000000070de00000, 0x000000070de00000| Complete 
|  86|0x000000070de00000, 0x000000070e000000, 0x000000070e000000|100%|HC|  |TAMS 0x000000070e000000, 0x000000070e000000| Complete 
|  87|0x000000070e000000, 0x000000070e200000, 0x000000070e200000|100%|HC|  |TAMS 0x000000070e200000, 0x000000070e200000| Complete 
|  88|0x000000070e200000, 0x000000070e400000, 0x000000070e400000|100%|HC|  |TAMS 0x000000070e400000, 0x000000070e400000| Complete 
|  89|0x000000070e400000, 0x000000070e600000, 0x000000070e600000|100%|HC|  |TAMS 0x000000070e600000, 0x000000070e600000| Complete 
|  90|0x000000070e600000, 0x000000070e800000, 0x000000070e800000|100%|HC|  |TAMS 0x000000070e800000, 0x000000070e800000| Complete 
|  91|0x000000070e800000, 0x000000070ea00000, 0x000000070ea00000|100%|HC|  |TAMS 0x000000070ea00000, 0x000000070ea00000| Complete 
|  92|0x000000070ea00000, 0x000000070ec00000, 0x000000070ec00000|100%|HC|  |TAMS 0x000000070ec00000, 0x000000070ec00000| Complete 
|  93|0x000000070ec00000, 0x000000070ee00000, 0x000000070ee00000|100%|HS|  |TAMS 0x000000070ec00000, 0x000000070ec00000| Complete 
|  94|0x000000070ee00000, 0x000000070f000000, 0x000000070f000000|100%|HC|  |TAMS 0x000000070ee00000, 0x000000070ee00000| Complete 
|  95|0x000000070f000000, 0x000000070f200000, 0x000000070f200000|100%|HC|  |TAMS 0x000000070f000000, 0x000000070f000000| Complete 
|  96|0x000000070f200000, 0x000000070f400000, 0x000000070f400000|100%|HC|  |TAMS 0x000000070f200000, 0x000000070f200000| Complete 
|  97|0x000000070f400000, 0x000000070f600000, 0x000000070f600000|100%|HC|  |TAMS 0x000000070f400000, 0x000000070f400000| Complete 
|  98|0x000000070f600000, 0x000000070f800000, 0x000000070f800000|100%|HC|  |TAMS 0x000000070f600000, 0x000000070f600000| Complete 
|  99|0x000000070f800000, 0x000000070fa00000, 0x000000070fa00000|100%|HC|  |TAMS 0x000000070f800000, 0x000000070f800000| Complete 
| 100|0x000000070fa00000, 0x000000070fc00000, 0x000000070fc00000|100%|HC|  |TAMS 0x000000070fa00000, 0x000000070fa00000| Complete 
| 101|0x000000070fc00000, 0x000000070fe00000, 0x000000070fe00000|100%|HC|  |TAMS 0x000000070fc00000, 0x000000070fc00000| Complete 
| 102|0x000000070fe00000, 0x0000000710000000, 0x0000000710000000|100%|HC|  |TAMS 0x000000070fe00000, 0x000000070fe00000| Complete 
| 103|0x0000000710000000, 0x0000000710200000, 0x0000000710200000|100%|HC|  |TAMS 0x0000000710000000, 0x0000000710000000| Complete 
| 104|0x0000000710200000, 0x0000000710400000, 0x0000000710400000|100%|HC|  |TAMS 0x0000000710200000, 0x0000000710200000| Complete 
| 105|0x0000000710400000, 0x0000000710600000, 0x0000000710600000|100%|HC|  |TAMS 0x0000000710400000, 0x0000000710400000| Complete 
| 106|0x0000000710600000, 0x0000000710800000, 0x0000000710800000|100%|HC|  |TAMS 0x0000000710600000, 0x0000000710600000| Complete 
| 107|0x0000000710800000, 0x0000000710a00000, 0x0000000710a00000|100%|HC|  |TAMS 0x0000000710800000, 0x0000000710800000| Complete 
| 108|0x0000000710a00000, 0x0000000710c00000, 0x0000000710c00000|100%|HC|  |TAMS 0x0000000710a00000, 0x0000000710a00000| Complete 
| 109|0x0000000710c00000, 0x0000000710e00000, 0x0000000710e00000|100%|HC|  |TAMS 0x0000000710c00000, 0x0000000710c00000| Complete 
| 110|0x0000000710e00000, 0x0000000711000000, 0x0000000711000000|100%|HC|  |TAMS 0x0000000710e00000, 0x0000000710e00000| Complete 
| 111|0x0000000711000000, 0x0000000711200000, 0x0000000711200000|100%|HC|  |TAMS 0x0000000711000000, 0x0000000711000000| Complete 
| 112|0x0000000711200000, 0x0000000711400000, 0x0000000711400000|100%|HC|  |TAMS 0x0000000711200000, 0x0000000711200000| Complete 
| 113|0x0000000711400000, 0x0000000711600000, 0x0000000711600000|100%|HC|  |TAMS 0x0000000711400000, 0x0000000711400000| Complete 
| 114|0x0000000711600000, 0x0000000711800000, 0x0000000711800000|100%|HC|  |TAMS 0x0000000711600000, 0x0000000711600000| Complete 
| 115|0x0000000711800000, 0x0000000711a00000, 0x0000000711a00000|100%|HC|  |TAMS 0x0000000711800000, 0x0000000711800000| Complete 
| 116|0x0000000711a00000, 0x0000000711c00000, 0x0000000711c00000|100%|HC|  |TAMS 0x0000000711a00000, 0x0000000711a00000| Complete 
| 117|0x0000000711c00000, 0x0000000711e00000, 0x0000000711e00000|100%|HC|  |TAMS 0x0000000711c00000, 0x0000000711c00000| Complete 
| 118|0x0000000711e00000, 0x0000000712000000, 0x0000000712000000|100%|HC|  |TAMS 0x0000000711e00000, 0x0000000711e00000| Complete 
| 119|0x0000000712000000, 0x0000000712200000, 0x0000000712200000|100%|HC|  |TAMS 0x0000000712000000, 0x0000000712000000| Complete 
| 120|0x0000000712200000, 0x0000000712400000, 0x0000000712400000|100%|HC|  |TAMS 0x0000000712200000, 0x0000000712200000| Complete 
| 121|0x0000000712400000, 0x0000000712600000, 0x0000000712600000|100%|HC|  |TAMS 0x0000000712400000, 0x0000000712400000| Complete 
| 122|0x0000000712600000, 0x0000000712800000, 0x0000000712800000|100%|HC|  |TAMS 0x0000000712600000, 0x0000000712600000| Complete 
| 123|0x0000000712800000, 0x0000000712a00000, 0x0000000712a00000|100%|HC|  |TAMS 0x0000000712800000, 0x0000000712800000| Complete 
| 124|0x0000000712a00000, 0x0000000712a00000, 0x0000000712c00000|  0%| F|  |TAMS 0x0000000712a00000, 0x0000000712a00000| Untracked 
| 125|0x0000000712c00000, 0x0000000712c00000, 0x0000000712e00000|  0%| F|  |TAMS 0x0000000712c00000, 0x0000000712c00000| Untracked 
| 126|0x0000000712e00000, 0x0000000712e00000, 0x0000000713000000|  0%| F|  |TAMS 0x0000000712e00000, 0x0000000712e00000| Untracked 
| 127|0x0000000713000000, 0x0000000713000000, 0x0000000713200000|  0%| F|  |TAMS 0x0000000713000000, 0x0000000713000000| Untracked 
| 128|0x0000000713200000, 0x0000000713200000, 0x0000000713400000|  0%| F|  |TAMS 0x0000000713200000, 0x0000000713200000| Untracked 
| 129|0x0000000713400000, 0x0000000713400000, 0x0000000713600000|  0%| F|  |TAMS 0x0000000713400000, 0x0000000713400000| Untracked 
| 130|0x0000000713600000, 0x0000000713600000, 0x0000000713800000|  0%| F|  |TAMS 0x0000000713600000, 0x0000000713600000| Untracked 
| 131|0x0000000713800000, 0x0000000713800000, 0x0000000713a00000|  0%| F|  |TAMS 0x0000000713800000, 0x0000000713800000| Untracked 
| 132|0x0000000713a00000, 0x0000000713a00000, 0x0000000713c00000|  0%| F|  |TAMS 0x0000000713a00000, 0x0000000713a00000| Untracked 
| 133|0x0000000713c00000, 0x0000000713c00000, 0x0000000713e00000|  0%| F|  |TAMS 0x0000000713c00000, 0x0000000713c00000| Untracked 
| 134|0x0000000713e00000, 0x0000000713e00000, 0x0000000714000000|  0%| F|  |TAMS 0x0000000713e00000, 0x0000000713e00000| Untracked 
| 135|0x0000000714000000, 0x0000000714000000, 0x0000000714200000|  0%| F|  |TAMS 0x0000000714000000, 0x0000000714000000| Untracked 
| 136|0x0000000714200000, 0x0000000714200000, 0x0000000714400000|  0%| F|  |TAMS 0x0000000714200000, 0x0000000714200000| Untracked 
| 137|0x0000000714400000, 0x0000000714400000, 0x0000000714600000|  0%| F|  |TAMS 0x0000000714400000, 0x0000000714400000| Untracked 
| 138|0x0000000714600000, 0x0000000714600000, 0x0000000714800000|  0%| F|  |TAMS 0x0000000714600000, 0x0000000714600000| Untracked 
| 139|0x0000000714800000, 0x0000000714800000, 0x0000000714a00000|  0%| F|  |TAMS 0x0000000714800000, 0x0000000714800000| Untracked 
| 140|0x0000000714a00000, 0x0000000714a00000, 0x0000000714c00000|  0%| F|  |TAMS 0x0000000714a00000, 0x0000000714a00000| Untracked 
| 141|0x0000000714c00000, 0x0000000714c00000, 0x0000000714e00000|  0%| F|  |TAMS 0x0000000714c00000, 0x0000000714c00000| Untracked 
| 142|0x0000000714e00000, 0x0000000714e00000, 0x0000000715000000|  0%| F|  |TAMS 0x0000000714e00000, 0x0000000714e00000| Untracked 
| 143|0x0000000715000000, 0x0000000715000000, 0x0000000715200000|  0%| F|  |TAMS 0x0000000715000000, 0x0000000715000000| Untracked 
| 144|0x0000000715200000, 0x0000000715200000, 0x0000000715400000|  0%| F|  |TAMS 0x0000000715200000, 0x0000000715200000| Untracked 
| 145|0x0000000715400000, 0x0000000715400000, 0x0000000715600000|  0%| F|  |TAMS 0x0000000715400000, 0x0000000715400000| Untracked 
| 146|0x0000000715600000, 0x0000000715600000, 0x0000000715800000|  0%| F|  |TAMS 0x0000000715600000, 0x0000000715600000| Untracked 
| 147|0x0000000715800000, 0x0000000715800000, 0x0000000715a00000|  0%| F|  |TAMS 0x0000000715800000, 0x0000000715800000| Untracked 
| 148|0x0000000715a00000, 0x0000000715a00000, 0x0000000715c00000|  0%| F|  |TAMS 0x0000000715a00000, 0x0000000715a00000| Untracked 
| 149|0x0000000715c00000, 0x0000000715c00000, 0x0000000715e00000|  0%| F|  |TAMS 0x0000000715c00000, 0x0000000715c00000| Untracked 
| 150|0x0000000715e00000, 0x0000000715e00000, 0x0000000716000000|  0%| F|  |TAMS 0x0000000715e00000, 0x0000000715e00000| Untracked 
| 151|0x0000000716000000, 0x0000000716000000, 0x0000000716200000|  0%| F|  |TAMS 0x0000000716000000, 0x0000000716000000| Untracked 
| 152|0x0000000716200000, 0x0000000716200000, 0x0000000716400000|  0%| F|  |TAMS 0x0000000716200000, 0x0000000716200000| Untracked 
| 153|0x0000000716400000, 0x0000000716400000, 0x0000000716600000|  0%| F|  |TAMS 0x0000000716400000, 0x0000000716400000| Untracked 
| 154|0x0000000716600000, 0x00000007167ffac0, 0x0000000716800000| 99%| S|CS|TAMS 0x0000000716600000, 0x0000000716600000| Complete 
| 155|0x0000000716800000, 0x0000000716a00000, 0x0000000716a00000|100%| S|CS|TAMS 0x0000000716800000, 0x0000000716800000| Complete 
| 156|0x0000000716a00000, 0x0000000716c00000, 0x0000000716c00000|100%| S|CS|TAMS 0x0000000716a00000, 0x0000000716a00000| Complete 
| 157|0x0000000716c00000, 0x0000000716e00000, 0x0000000716e00000|100%| S|CS|TAMS 0x0000000716c00000, 0x0000000716c00000| Complete 
| 158|0x0000000716e00000, 0x0000000716e00000, 0x0000000717000000|  0%| F|  |TAMS 0x0000000716e00000, 0x0000000716e00000| Untracked 
| 159|0x0000000717000000, 0x0000000717000000, 0x0000000717200000|  0%| F|  |TAMS 0x0000000717000000, 0x0000000717000000| Untracked 
| 160|0x0000000717200000, 0x0000000717200000, 0x0000000717400000|  0%| F|  |TAMS 0x0000000717200000, 0x0000000717200000| Untracked 
| 161|0x0000000717400000, 0x0000000717400000, 0x0000000717600000|  0%| F|  |TAMS 0x0000000717400000, 0x0000000717400000| Untracked 
| 162|0x0000000717600000, 0x0000000717600000, 0x0000000717800000|  0%| F|  |TAMS 0x0000000717600000, 0x0000000717600000| Untracked 
| 163|0x0000000717800000, 0x0000000717800000, 0x0000000717a00000|  0%| F|  |TAMS 0x0000000717800000, 0x0000000717800000| Untracked 
| 164|0x0000000717a00000, 0x0000000717a00000, 0x0000000717c00000|  0%| F|  |TAMS 0x0000000717a00000, 0x0000000717a00000| Untracked 
| 165|0x0000000717c00000, 0x0000000717c00000, 0x0000000717e00000|  0%| F|  |TAMS 0x0000000717c00000, 0x0000000717c00000| Untracked 
| 166|0x0000000717e00000, 0x0000000717e00000, 0x0000000718000000|  0%| F|  |TAMS 0x0000000717e00000, 0x0000000717e00000| Untracked 
| 167|0x0000000718000000, 0x0000000718000000, 0x0000000718200000|  0%| F|  |TAMS 0x0000000718000000, 0x0000000718000000| Untracked 
| 168|0x0000000718200000, 0x0000000718200000, 0x0000000718400000|  0%| F|  |TAMS 0x0000000718200000, 0x0000000718200000| Untracked 
| 169|0x0000000718400000, 0x0000000718400000, 0x0000000718600000|  0%| F|  |TAMS 0x0000000718400000, 0x0000000718400000| Untracked 
| 170|0x0000000718600000, 0x0000000718600000, 0x0000000718800000|  0%| F|  |TAMS 0x0000000718600000, 0x0000000718600000| Untracked 
| 171|0x0000000718800000, 0x0000000718800000, 0x0000000718a00000|  0%| F|  |TAMS 0x0000000718800000, 0x0000000718800000| Untracked 
| 172|0x0000000718a00000, 0x0000000718a00000, 0x0000000718c00000|  0%| F|  |TAMS 0x0000000718a00000, 0x0000000718a00000| Untracked 
| 173|0x0000000718c00000, 0x0000000718c00000, 0x0000000718e00000|  0%| F|  |TAMS 0x0000000718c00000, 0x0000000718c00000| Untracked 
| 174|0x0000000718e00000, 0x0000000718e00000, 0x0000000719000000|  0%| F|  |TAMS 0x0000000718e00000, 0x0000000718e00000| Untracked 
| 175|0x0000000719000000, 0x0000000719000000, 0x0000000719200000|  0%| F|  |TAMS 0x0000000719000000, 0x0000000719000000| Untracked 
| 176|0x0000000719200000, 0x0000000719200000, 0x0000000719400000|  0%| F|  |TAMS 0x0000000719200000, 0x0000000719200000| Untracked 
| 177|0x0000000719400000, 0x0000000719400000, 0x0000000719600000|  0%| F|  |TAMS 0x0000000719400000, 0x0000000719400000| Untracked 
| 178|0x0000000719600000, 0x0000000719600000, 0x0000000719800000|  0%| F|  |TAMS 0x0000000719600000, 0x0000000719600000| Untracked 
| 179|0x0000000719800000, 0x0000000719800000, 0x0000000719a00000|  0%| F|  |TAMS 0x0000000719800000, 0x0000000719800000| Untracked 
| 180|0x0000000719a00000, 0x0000000719a00000, 0x0000000719c00000|  0%| F|  |TAMS 0x0000000719a00000, 0x0000000719a00000| Untracked 
| 181|0x0000000719c00000, 0x0000000719c00000, 0x0000000719e00000|  0%| F|  |TAMS 0x0000000719c00000, 0x0000000719c00000| Untracked 
| 182|0x0000000719e00000, 0x0000000719e00000, 0x000000071a000000|  0%| F|  |TAMS 0x0000000719e00000, 0x0000000719e00000| Untracked 
| 183|0x000000071a000000, 0x000000071a000000, 0x000000071a200000|  0%| F|  |TAMS 0x000000071a000000, 0x000000071a000000| Untracked 
| 184|0x000000071a200000, 0x000000071a200000, 0x000000071a400000|  0%| F|  |TAMS 0x000000071a200000, 0x000000071a200000| Untracked 
| 185|0x000000071a400000, 0x000000071a400000, 0x000000071a600000|  0%| F|  |TAMS 0x000000071a400000, 0x000000071a400000| Untracked 
| 186|0x000000071a600000, 0x000000071a600000, 0x000000071a800000|  0%| F|  |TAMS 0x000000071a600000, 0x000000071a600000| Untracked 
| 187|0x000000071a800000, 0x000000071a800000, 0x000000071aa00000|  0%| F|  |TAMS 0x000000071a800000, 0x000000071a800000| Untracked 
| 188|0x000000071aa00000, 0x000000071aa00000, 0x000000071ac00000|  0%| F|  |TAMS 0x000000071aa00000, 0x000000071aa00000| Untracked 
| 189|0x000000071ac00000, 0x000000071ac00000, 0x000000071ae00000|  0%| F|  |TAMS 0x000000071ac00000, 0x000000071ac00000| Untracked 
| 190|0x000000071ae00000, 0x000000071ae00000, 0x000000071b000000|  0%| F|  |TAMS 0x000000071ae00000, 0x000000071ae00000| Untracked 
| 191|0x000000071b000000, 0x000000071b000000, 0x000000071b200000|  0%| F|  |TAMS 0x000000071b000000, 0x000000071b000000| Untracked 
| 192|0x000000071b200000, 0x000000071b200000, 0x000000071b400000|  0%| F|  |TAMS 0x000000071b200000, 0x000000071b200000| Untracked 
| 193|0x000000071b400000, 0x000000071b400000, 0x000000071b600000|  0%| F|  |TAMS 0x000000071b400000, 0x000000071b400000| Untracked 
| 194|0x000000071b600000, 0x000000071b600000, 0x000000071b800000|  0%| F|  |TAMS 0x000000071b600000, 0x000000071b600000| Untracked 
| 195|0x000000071b800000, 0x000000071b800000, 0x000000071ba00000|  0%| F|  |TAMS 0x000000071b800000, 0x000000071b800000| Untracked 
| 196|0x000000071ba00000, 0x000000071ba00000, 0x000000071bc00000|  0%| F|  |TAMS 0x000000071ba00000, 0x000000071ba00000| Untracked 
| 197|0x000000071bc00000, 0x000000071bc00000, 0x000000071be00000|  0%| F|  |TAMS 0x000000071bc00000, 0x000000071bc00000| Untracked 
| 198|0x000000071be00000, 0x000000071be00000, 0x000000071c000000|  0%| F|  |TAMS 0x000000071be00000, 0x000000071be00000| Untracked 
| 199|0x000000071c000000, 0x000000071c000000, 0x000000071c200000|  0%| F|  |TAMS 0x000000071c000000, 0x000000071c000000| Untracked 
| 200|0x000000071c200000, 0x000000071c200000, 0x000000071c400000|  0%| F|  |TAMS 0x000000071c200000, 0x000000071c200000| Untracked 
| 201|0x000000071c400000, 0x000000071c400000, 0x000000071c600000|  0%| F|  |TAMS 0x000000071c400000, 0x000000071c400000| Untracked 
| 202|0x000000071c600000, 0x000000071c600000, 0x000000071c800000|  0%| F|  |TAMS 0x000000071c600000, 0x000000071c600000| Untracked 
| 203|0x000000071c800000, 0x000000071c800000, 0x000000071ca00000|  0%| F|  |TAMS 0x000000071c800000, 0x000000071c800000| Untracked 
| 204|0x000000071ca00000, 0x000000071ca00000, 0x000000071cc00000|  0%| F|  |TAMS 0x000000071ca00000, 0x000000071ca00000| Untracked 
| 205|0x000000071cc00000, 0x000000071cc00000, 0x000000071ce00000|  0%| F|  |TAMS 0x000000071cc00000, 0x000000071cc00000| Untracked 
| 206|0x000000071ce00000, 0x000000071ce00000, 0x000000071d000000|  0%| F|  |TAMS 0x000000071ce00000, 0x000000071ce00000| Untracked 
| 207|0x000000071d000000, 0x000000071d000000, 0x000000071d200000|  0%| F|  |TAMS 0x000000071d000000, 0x000000071d000000| Untracked 
| 208|0x000000071d200000, 0x000000071d200000, 0x000000071d400000|  0%| F|  |TAMS 0x000000071d200000, 0x000000071d200000| Untracked 
| 209|0x000000071d400000, 0x000000071d400000, 0x000000071d600000|  0%| F|  |TAMS 0x000000071d400000, 0x000000071d400000| Untracked 
| 210|0x000000071d600000, 0x000000071d600000, 0x000000071d800000|  0%| F|  |TAMS 0x000000071d600000, 0x000000071d600000| Untracked 
| 211|0x000000071d800000, 0x000000071d800000, 0x000000071da00000|  0%| F|  |TAMS 0x000000071d800000, 0x000000071d800000| Untracked 
| 212|0x000000071da00000, 0x000000071da00000, 0x000000071dc00000|  0%| F|  |TAMS 0x000000071da00000, 0x000000071da00000| Untracked 
| 213|0x000000071dc00000, 0x000000071dc00000, 0x000000071de00000|  0%| F|  |TAMS 0x000000071dc00000, 0x000000071dc00000| Untracked 
| 214|0x000000071de00000, 0x000000071de00000, 0x000000071e000000|  0%| F|  |TAMS 0x000000071de00000, 0x000000071de00000| Untracked 
| 215|0x000000071e000000, 0x000000071e000000, 0x000000071e200000|  0%| F|  |TAMS 0x000000071e000000, 0x000000071e000000| Untracked 
| 216|0x000000071e200000, 0x000000071e200000, 0x000000071e400000|  0%| F|  |TAMS 0x000000071e200000, 0x000000071e200000| Untracked 
| 217|0x000000071e400000, 0x000000071e400000, 0x000000071e600000|  0%| F|  |TAMS 0x000000071e400000, 0x000000071e400000| Untracked 
| 218|0x000000071e600000, 0x000000071e600000, 0x000000071e800000|  0%| F|  |TAMS 0x000000071e600000, 0x000000071e600000| Untracked 
| 219|0x000000071e800000, 0x000000071e800000, 0x000000071ea00000|  0%| F|  |TAMS 0x000000071e800000, 0x000000071e800000| Untracked 
| 220|0x000000071ea00000, 0x000000071ea00000, 0x000000071ec00000|  0%| F|  |TAMS 0x000000071ea00000, 0x000000071ea00000| Untracked 
| 221|0x000000071ec00000, 0x000000071ec00000, 0x000000071ee00000|  0%| F|  |TAMS 0x000000071ec00000, 0x000000071ec00000| Untracked 
| 222|0x000000071ee00000, 0x000000071ee00000, 0x000000071f000000|  0%| F|  |TAMS 0x000000071ee00000, 0x000000071ee00000| Untracked 
| 223|0x000000071f000000, 0x000000071f000000, 0x000000071f200000|  0%| F|  |TAMS 0x000000071f000000, 0x000000071f000000| Untracked 
| 224|0x000000071f200000, 0x000000071f200000, 0x000000071f400000|  0%| F|  |TAMS 0x000000071f200000, 0x000000071f200000| Untracked 
| 225|0x000000071f400000, 0x000000071f400000, 0x000000071f600000|  0%| F|  |TAMS 0x000000071f400000, 0x000000071f400000| Untracked 
| 226|0x000000071f600000, 0x000000071f600000, 0x000000071f800000|  0%| F|  |TAMS 0x000000071f600000, 0x000000071f600000| Untracked 
| 227|0x000000071f800000, 0x000000071f800000, 0x000000071fa00000|  0%| F|  |TAMS 0x000000071f800000, 0x000000071f800000| Untracked 
| 228|0x000000071fa00000, 0x000000071fa00000, 0x000000071fc00000|  0%| F|  |TAMS 0x000000071fa00000, 0x000000071fa00000| Untracked 
| 229|0x000000071fc00000, 0x000000071fc00000, 0x000000071fe00000|  0%| F|  |TAMS 0x000000071fc00000, 0x000000071fc00000| Untracked 
| 230|0x000000071fe00000, 0x0000000720000000, 0x0000000720000000|100%| E|  |TAMS 0x000000071fe00000, 0x000000071fe00000| Complete 
| 231|0x0000000720000000, 0x0000000720200000, 0x0000000720200000|100%| E|CS|TAMS 0x0000000720000000, 0x0000000720000000| Complete 
| 232|0x0000000720200000, 0x0000000720400000, 0x0000000720400000|100%| E|CS|TAMS 0x0000000720200000, 0x0000000720200000| Complete 

Card table byte_map: [0x0000023ef70b0000,0x0000023ef78a0000] _byte_map_base: 0x0000023ef3897000

Marking Bits (Prev, Next): (CMBitMap*) 0x0000023ef2e5eca0, (CMBitMap*) 0x0000023ef2e5ec60
 Prev Bits: [0x0000023efbfd0000, 0x0000023efff08000)
 Next Bits: [0x0000023ef8090000, 0x0000023efbfc8000)

Polling page: 0x0000023ef0dc0000

Metaspace:

Usage:
  Non-class:     29.72 MB used.
      Class:      4.34 MB used.
       Both:     34.06 MB used.

Virtual space:
  Non-class space:       64.00 MB reserved,      29.88 MB ( 47%) committed,  1 nodes.
      Class space:        1.00 GB reserved,       4.50 MB ( <1%) committed,  1 nodes.
             Both:        1.06 GB reserved,      34.38 MB (  3%) committed. 

Chunk freelists:
   Non-Class:  1.33 MB
       Class:  11.56 MB
        Both:  12.89 MB

MaxMetaspaceSize: unlimited
CompressedClassSpaceSize: 1.00 GB
Initial GC threshold: 21.00 MB
Current GC threshold: 53.38 MB
CDS: off
MetaspaceReclaimPolicy: balanced
 - commit_granule_bytes: 65536.
 - commit_granule_words: 8192.
 - virtual_space_node_default_size: 8388608.
 - enlarge_chunks_in_place: 1.
 - new_chunks_are_fully_committed: 0.
 - uncommit_free_chunks: 1.
 - use_allocation_guard: 0.
 - handle_deallocations: 1.


Internal statistics:

num_allocs_failed_limit: 3.
num_arena_births: 348.
num_arena_deaths: 2.
num_vsnodes_births: 2.
num_vsnodes_deaths: 0.
num_space_committed: 550.
num_space_uncommitted: 0.
num_chunks_returned_to_freelist: 5.
num_chunks_taken_from_freelist: 1256.
num_chunk_merges: 3.
num_chunk_splits: 859.
num_chunks_enlarged: 644.
num_inconsistent_stats: 0.

CodeHeap 'non-profiled nmethods': size=120000Kb used=3143Kb max_used=3143Kb free=116857Kb
 bounds [0x0000023e87ad0000, 0x0000023e87e00000, 0x0000023e8f000000]
CodeHeap 'profiled nmethods': size=120000Kb used=10806Kb max_used=11196Kb free=109194Kb
 bounds [0x0000023e80000000, 0x0000023e80af0000, 0x0000023e87530000]
CodeHeap 'non-nmethods': size=5760Kb used=1510Kb max_used=1600Kb free=4249Kb
 bounds [0x0000023e87530000, 0x0000023e877a0000, 0x0000023e87ad0000]
 total_blobs=6062 nmethods=5169 adapters=804
 compilation: enabled
              stopped_count=0, restarted_count=0
 full_count=0

Compilation events (20 events):
Event: 128.421 Thread 0x0000023e9f697820 5989       4       com.sun.javafx.css.StyleManager$CacheContainer::getStyleMapList (23 bytes)
Event: 128.422 Thread 0x0000023e9f697820 nmethod 5989 0x0000023e87b17210 code [0x0000023e87b173a0, 0x0000023e87b17578]
Event: 128.428 Thread 0x0000023e9f697820 6026       4       javafx.css.Size::pixels (7 bytes)
Event: 128.430 Thread 0x0000023e9f697820 nmethod 6026 0x0000023e87b16d90 code [0x0000023e87b16f40, 0x0000023e87b16ff8]
Event: 128.430 Thread 0x0000023e91b86540 6027       3       javafx.scene.layout.HBox::getContentBias (84 bytes)
Event: 128.431 Thread 0x0000023e91b86540 nmethod 6027 0x0000023e80050b10 code [0x0000023e80050d20, 0x0000023e80051548]
Event: 128.431 Thread 0x0000023e91b86540 6028       3       javafx.scene.control.skin.LabeledSkinBase::computeMinLabeledPartWidth (309 bytes)
Event: 128.434 Thread 0x0000023e91b86540 nmethod 6028 0x0000023e8026a110 code [0x0000023e8026a700, 0x0000023e8026e0d8]
Event: 128.443 Thread 0x0000023e91b86540 6029       1       com.sun.prism.impl.BaseResourcePool::lambda$cleanup$6 (2 bytes)
Event: 128.443 Thread 0x0000023e91b86540 nmethod 6029 0x0000023e87cb7e10 code [0x0000023e87cb7fa0, 0x0000023e87cb8058]
Event: 128.443 Thread 0x0000023e91b86540 6030       3       com.sun.prism.impl.ManagedResource::isInteresting (13 bytes)
Event: 128.443 Thread 0x0000023e91b86540 nmethod 6030 0x0000023e80557710 code [0x0000023e805578a0, 0x0000023e80557a18]
Event: 128.470 Thread 0x0000023e91b86540 6032       3       com.sun.prism.impl.BaseResourcePool::used (22 bytes)
Event: 128.470 Thread 0x0000023e9f697820 6031       4       com.sun.prism.impl.ManagedResource::isLocked (13 bytes)
Event: 128.470 Thread 0x0000023e91b86540 nmethod 6032 0x0000023e80542890 code [0x0000023e80542a60, 0x0000023e80542e68]
Event: 128.470 Thread 0x0000023e9f697820 nmethod 6031 0x0000023e87cb7b10 code [0x0000023e87cb7c80, 0x0000023e87cb7d18]
Event: 128.505 Thread 0x0000023e91b86540 6033   !   3       java.nio.DirectByteBuffer::<init> (171 bytes)
Event: 128.506 Thread 0x0000023e91b86540 nmethod 6033 0x0000023e800abf10 code [0x0000023e800ac200, 0x0000023e800ad238]
Event: 128.924 Thread 0x0000023e91b86540 6034       3       javafx.scene.layout.Region$4::invalidated (233 bytes)
Event: 128.925 Thread 0x0000023e91b86540 nmethod 6034 0x0000023e80a70810 code [0x0000023e80a70ca0, 0x0000023e80a733f8]

GC Heap History (20 events):
Event: 1.437 GC heap before
{Heap before GC invocations=2 (full 0):
 garbage-first heap   total 260096K, used 100087K [0x0000000703200000, 0x0000000800000000)
  region size 2048K, 15 young (30720K), 3 survivors (6144K)
 Metaspace       used 21275K, committed 21504K, reserved 1114112K
  class space    used 2384K, committed 2496K, reserved 1048576K
}
Event: 1.441 GC heap after
{Heap after GC invocations=3 (full 0):
 garbage-first heap   total 260096K, used 81514K [0x0000000703200000, 0x0000000800000000)
  region size 2048K, 5 young (10240K), 5 survivors (10240K)
 Metaspace       used 21275K, committed 21504K, reserved 1114112K
  class space    used 2384K, committed 2496K, reserved 1048576K
}
Event: 5.306 GC heap before
{Heap before GC invocations=4 (full 0):
 garbage-first heap   total 260096K, used 126570K [0x0000000703200000, 0x0000000800000000)
  region size 2048K, 22 young (45056K), 5 survivors (10240K)
 Metaspace       used 29245K, committed 29568K, reserved 1114112K
  class space    used 3636K, committed 3776K, reserved 1048576K
}
Event: 5.312 GC heap after
{Heap after GC invocations=5 (full 0):
 garbage-first heap   total 260096K, used 26651K [0x0000000703200000, 0x0000000800000000)
  region size 2048K, 4 young (8192K), 4 survivors (8192K)
 Metaspace       used 29245K, committed 29568K, reserved 1114112K
  class space    used 3636K, committed 3776K, reserved 1048576K
}
Event: 25.453 GC heap before
{Heap before GC invocations=5 (full 0):
 garbage-first heap   total 333824K, used 155675K [0x0000000703200000, 0x0000000800000000)
  region size 2048K, 10 young (20480K), 4 survivors (8192K)
 Metaspace       used 30994K, committed 31232K, reserved 1114112K
  class space    used 3802K, committed 3904K, reserved 1048576K
}
Event: 25.459 GC heap after
{Heap after GC invocations=6 (full 0):
 garbage-first heap   total 333824K, used 16870K [0x0000000703200000, 0x0000000800000000)
  region size 2048K, 4 young (8192K), 4 survivors (8192K)
 Metaspace       used 30994K, committed 31232K, reserved 1114112K
  class space    used 3802K, committed 3904K, reserved 1048576K
}
Event: 29.336 GC heap before
{Heap before GC invocations=6 (full 0):
 garbage-first heap   total 333824K, used 135654K [0x0000000703200000, 0x0000000800000000)
  region size 2048K, 9 young (18432K), 4 survivors (8192K)
 Metaspace       used 31388K, committed 31616K, reserved 1114112K
  class space    used 3826K, committed 3904K, reserved 1048576K
}
Event: 29.340 GC heap after
{Heap after GC invocations=7 (full 0):
 garbage-first heap   total 333824K, used 128539K [0x0000000703200000, 0x0000000800000000)
  region size 2048K, 4 young (8192K), 4 survivors (8192K)
 Metaspace       used 31388K, committed 31616K, reserved 1114112K
  class space    used 3826K, committed 3904K, reserved 1048576K
}
Event: 29.426 GC heap before
{Heap before GC invocations=7 (full 0):
 garbage-first heap   total 333824K, used 165403K [0x0000000703200000, 0x0000000800000000)
  region size 2048K, 5 young (10240K), 4 survivors (8192K)
 Metaspace       used 31390K, committed 31616K, reserved 1114112K
  class space    used 3826K, committed 3904K, reserved 1048576K
}
Event: 29.430 GC heap after
{Heap after GC invocations=8 (full 0):
 garbage-first heap   total 333824K, used 165403K [0x0000000703200000, 0x0000000800000000)
  region size 2048K, 4 young (8192K), 4 survivors (8192K)
 Metaspace       used 31390K, committed 31616K, reserved 1114112K
  class space    used 3826K, committed 3904K, reserved 1048576K
}
Event: 29.619 GC heap before
{Heap before GC invocations=9 (full 0):
 garbage-first heap   total 333824K, used 181787K [0x0000000703200000, 0x0000000800000000)
  region size 2048K, 8 young (16384K), 4 survivors (8192K)
 Metaspace       used 32493K, committed 32768K, reserved 1114112K
  class space    used 4036K, committed 4160K, reserved 1048576K
}
Event: 29.623 GC heap after
{Heap after GC invocations=10 (full 0):
 garbage-first heap   total 333824K, used 176475K [0x0000000703200000, 0x0000000800000000)
  region size 2048K, 5 young (10240K), 5 survivors (10240K)
 Metaspace       used 32493K, committed 32768K, reserved 1114112K
  class space    used 4036K, committed 4160K, reserved 1048576K
}
Event: 122.526 GC heap before
{Heap before GC invocations=11 (full 0):
 garbage-first heap   total 333824K, used 190811K [0x0000000703200000, 0x0000000800000000)
  region size 2048K, 11 young (22528K), 5 survivors (10240K)
 Metaspace       used 33348K, committed 33664K, reserved 1114112K
  class space    used 4146K, committed 4288K, reserved 1048576K
}
Event: 122.530 GC heap after
{Heap after GC invocations=12 (full 0):
 garbage-first heap   total 333824K, used 67026K [0x0000000703200000, 0x0000000800000000)
  region size 2048K, 4 young (8192K), 4 survivors (8192K)
 Metaspace       used 33348K, committed 33664K, reserved 1114112K
  class space    used 4146K, committed 4288K, reserved 1048576K
}
Event: 127.757 GC heap before
{Heap before GC invocations=12 (full 0):
 garbage-first heap   total 333824K, used 136658K [0x0000000703200000, 0x0000000800000000)
  region size 2048K, 13 young (26624K), 4 survivors (8192K)
 Metaspace       used 34793K, committed 35008K, reserved 1114112K
  class space    used 4438K, committed 4544K, reserved 1048576K
}
Event: 127.761 GC heap after
{Heap after GC invocations=13 (full 0):
 garbage-first heap   total 333824K, used 115871K [0x0000000703200000, 0x0000000800000000)
  region size 2048K, 4 young (8192K), 4 survivors (8192K)
 Metaspace       used 34793K, committed 35008K, reserved 1114112K
  class space    used 4438K, committed 4544K, reserved 1048576K
}
Event: 127.837 GC heap before
{Heap before GC invocations=13 (full 0):
 garbage-first heap   total 333824K, used 152735K [0x0000000703200000, 0x0000000800000000)
  region size 2048K, 5 young (10240K), 4 survivors (8192K)
 Metaspace       used 34798K, committed 35072K, reserved 1114112K
  class space    used 4438K, committed 4544K, reserved 1048576K
}
Event: 127.840 GC heap after
{Heap after GC invocations=14 (full 0):
 garbage-first heap   total 333824K, used 152803K [0x0000000703200000, 0x0000000800000000)
  region size 2048K, 4 young (8192K), 4 survivors (8192K)
 Metaspace       used 34798K, committed 35072K, reserved 1114112K
  class space    used 4438K, committed 4544K, reserved 1048576K
}
Event: 127.918 GC heap before
{Heap before GC invocations=14 (full 0):
 garbage-first heap   total 333824K, used 163043K [0x0000000703200000, 0x0000000800000000)
  region size 2048K, 5 young (10240K), 4 survivors (8192K)
 Metaspace       used 34810K, committed 35136K, reserved 1114112K
  class space    used 4440K, committed 4608K, reserved 1048576K
}
Event: 127.922 GC heap after
{Heap after GC invocations=15 (full 0):
 garbage-first heap   total 477184K, used 163055K [0x0000000703200000, 0x0000000800000000)
  region size 2048K, 4 young (8192K), 4 survivors (8192K)
 Metaspace       used 34810K, committed 35136K, reserved 1114112K
  class space    used 4440K, committed 4608K, reserved 1048576K
}

Dll operation events (4 events):
Event: 0.007 Loaded shared library C:\Users\dell\.jdks\jbr-17.0.8.1\bin\java.dll
Event: 0.027 Loaded shared library C:\Users\dell\.jdks\jbr-17.0.8.1\bin\jsvml.dll
Event: 0.350 Loaded shared library C:\Users\dell\.jdks\jbr-17.0.8.1\bin\zip.dll
Event: 22.550 Loaded shared library C:\Users\dell\.jdks\jbr-17.0.8.1\bin\verify.dll

Deoptimization events (20 events):
Event: 127.690 Thread 0x0000023e96f429b0 DEOPT PACKING pc=0x0000023e8040e7d6 sp=0x000000bafc4fb800
Event: 127.691 Thread 0x0000023e96f429b0 DEOPT UNPACKING pc=0x0000023e87587143 sp=0x000000bafc4faca0 mode 0
Event: 127.691 Thread 0x0000023e96f429b0 Uncommon trap: trap_request=0xffffffcc fr.pc=0x0000023e87b1de88 relative=0x0000000000000368
Event: 127.691 Thread 0x0000023e96f429b0 Uncommon trap: reason=intrinsic_or_type_checked_inlining action=make_not_entrant pc=0x0000023e87b1de88 method=java.util.Arrays.copyOf([Ljava/lang/Object;ILjava/lang/Class;)[Ljava/lang/Object; @ 35 c2
Event: 127.691 Thread 0x0000023e96f429b0 DEOPT PACKING pc=0x0000023e87b1de88 sp=0x000000bafc4fbad0
Event: 127.691 Thread 0x0000023e96f429b0 DEOPT UNPACKING pc=0x0000023e875869a3 sp=0x000000bafc4fba78 mode 2
Event: 128.405 Thread 0x0000023e96f429b0 DEOPT PACKING pc=0x0000023e8040e7d6 sp=0x000000bafc4faea0
Event: 128.405 Thread 0x0000023e96f429b0 DEOPT UNPACKING pc=0x0000023e87587143 sp=0x000000bafc4fa340 mode 0
Event: 128.443 Thread 0x0000023e96633f50 Uncommon trap: trap_request=0xffffff45 fr.pc=0x0000023e87cb3d50 relative=0x00000000000005d0
Event: 128.443 Thread 0x0000023e96633f50 Uncommon trap: reason=unstable_if action=reinterpret pc=0x0000023e87cb3d50 method=com.sun.javafx.tk.quantum.QuantumToolkit.postPulse()V @ 98 c2
Event: 128.443 Thread 0x0000023e96633f50 DEOPT PACKING pc=0x0000023e87cb3d50 sp=0x000000bafc8ff140
Event: 128.443 Thread 0x0000023e96633f50 DEOPT UNPACKING pc=0x0000023e875869a3 sp=0x000000bafc8ff058 mode 2
Event: 128.459 Thread 0x0000023e96633f50 Uncommon trap: trap_request=0xffffff45 fr.pc=0x0000023e87b1157c relative=0x000000000000047c
Event: 128.459 Thread 0x0000023e96633f50 Uncommon trap: reason=unstable_if action=reinterpret pc=0x0000023e87b1157c method=com.sun.javafx.tk.quantum.QuantumToolkit.postPulse()V @ 98 c2
Event: 128.459 Thread 0x0000023e96633f50 DEOPT PACKING pc=0x0000023e87b1157c sp=0x000000bafc8ff080
Event: 128.459 Thread 0x0000023e96633f50 DEOPT UNPACKING pc=0x0000023e875869a3 sp=0x000000bafc8ff048 mode 2
Event: 128.468 Thread 0x0000023e9773ae00 Uncommon trap: trap_request=0xffffffde fr.pc=0x0000023e87c1e22c relative=0x000000000000108c
Event: 128.468 Thread 0x0000023e9773ae00 Uncommon trap: reason=class_check action=maybe_recompile pc=0x0000023e87c1e22c method=java.util.concurrent.ConcurrentHashMap.putVal(Ljava/lang/Object;Ljava/lang/Object;Z)Ljava/lang/Object; @ 242 c2
Event: 128.468 Thread 0x0000023e9773ae00 DEOPT PACKING pc=0x0000023e87c1e22c sp=0x000000bafc2fde80
Event: 128.468 Thread 0x0000023e9773ae00 DEOPT UNPACKING pc=0x0000023e875869a3 sp=0x000000bafc2fddf0 mode 2

Classes unloaded (1 events):
Event: 29.435 Thread 0x0000023e91b36410 Unloading class 0x00000008000c4400 'java/lang/invoke/LambdaForm$DMH+0x00000008000c4400'

Classes redefined (0 events):
No events

Internal exceptions (20 events):
Event: 1.754 Thread 0x0000023e96f429b0 Exception <a 'java/lang/NoSuchMethodError'{0x0000000710c2a898}: 'java.lang.Object java.lang.invoke.Invokers$Holder.linkToTargetMethod(java.lang.Object, long, java.lang.Object)'> (0x0000000710c2a898) 
thrown [s\src\hotspot\share\interpreter\linkResolver.cpp, line 771]
Event: 1.767 Thread 0x0000023e9773ae00 Exception <a 'java/lang/NoSuchMethodError'{0x0000000710a05750}: 'int java.lang.invoke.DirectMethodHandle$Holder.invokeStaticInit(java.lang.Object, java.lang.Object)'> (0x0000000710a05750) 
thrown [s\src\hotspot\share\interpreter\linkResolver.cpp, line 771]
Event: 5.635 Thread 0x0000023e977c28e0 Exception <a 'java/io/FileNotFoundException'{0x000000070f910118}> (0x000000070f910118) 
thrown [s\src\hotspot\share\prims\jni.cpp, line 517]
Event: 26.311 Thread 0x0000023e977c4230 Exception <a 'java/io/FileNotFoundException'{0x00000007170f1740}> (0x00000007170f1740) 
thrown [s\src\hotspot\share\prims\jni.cpp, line 517]
Event: 27.916 Thread 0x0000023e96f429b0 Exception <a 'java/lang/NoSuchMethodError'{0x000000071718ae20}: 'java.lang.Object java.lang.invoke.DirectMethodHandle$Holder.newInvokeSpecial(java.lang.Object, java.lang.Object, int, int, int, int, int, java.lang.Object)'> (0x000000071718ae20) 
thrown [s\src\hotspot\share\interpreter\linkResolver.cpp, line 771]
Event: 27.918 Thread 0x0000023e96f429b0 Exception <a 'java/lang/NoSuchMethodError'{0x000000071719de00}: 'java.lang.Object java.lang.invoke.DirectMethodHandle$Holder.newInvokeSpecial(java.lang.Object, java.lang.Object, java.lang.Object, int, int, int, int, int)'> (0x000000071719de00) 
thrown [s\src\hotspot\share\interpreter\linkResolver.cpp, line 771]
Event: 27.919 Thread 0x0000023e96f429b0 Exception <a 'java/lang/NoSuchMethodError'{0x00000007171a5660}: 'java.lang.Object java.lang.invoke.Invokers$Holder.linkToTargetMethod(java.lang.Object, java.lang.Object, int, int, int, int, int, java.lang.Object)'> (0x00000007171a5660) 
thrown [s\src\hotspot\share\interpreter\linkResolver.cpp, line 771]
Event: 29.541 Thread 0x0000023e96f429b0 Exception <a 'java/lang/NoSuchMethodError'{0x0000000716d162f8}: 'java.lang.Object java.lang.invoke.DirectMethodHandle$Holder.invokeSpecial(java.lang.Object, java.lang.Object, long, int, java.lang.Object, java.lang.Object, java.lang.Object, java.lang.Object, java.lang.Object, java.lang.Object, java.lang.Object, java.lang.Object, java.lang.Object, int)'> (0x0000000716d162f8) 
thrown [s\src\hotspot\share\interpreter\linkResolver.cpp, line 771]
Event: 29.541 Thread 0x0000023e96f429b0 Exception <a 'java/lang/NoSuchMethodError'{0x0000000716d1ae48}: 'java.lang.Object java.lang.invoke.DelegatingMethodHandle$Holder.reinvoke_L(java.lang.Object, long, int, java.lang.Object, java.lang.Object, java.lang.Object, java.lang.Object, java.lang.Object, java.lang.Object, java.lang.Object, java.lang.Object, java.lang.Object, int)'> (0x0000000716d1ae48) 
thrown [s\src\hotspot\share\interpreter\linkResolver.cpp, line 771]
Event: 29.543 Thread 0x0000023e96f429b0 Exception <a 'java/lang/NoSuchMethodError'{0x0000000716d685c8}: 'java.lang.Object java.lang.invoke.DelegatingMethodHandle$Holder.reinvoke_L(java.lang.Object, int, java.lang.Object, java.lang.Object, java.lang.Object, java.lang.Object, java.lang.Object, java.lang.Object, java.lang.Object, java.lang.Object, java.lang.Object, int)'> (0x0000000716d685c8) 
thrown [s\src\hotspot\share\interpreter\linkResolver.cpp, line 771]
Event: 29.551 Thread 0x0000023e96f429b0 Exception <a 'java/io/FileNotFoundException'{0x0000000716dbcb18}> (0x0000000716dbcb18) 
thrown [s\src\hotspot\share\prims\jni.cpp, line 517]
Event: 29.552 Thread 0x0000023e96f429b0 Exception <a 'java/io/FileNotFoundException'{0x0000000716deb460}> (0x0000000716deb460) 
thrown [s\src\hotspot\share\prims\jni.cpp, line 517]
Event: 29.612 Thread 0x0000023e96f429b0 Exception <a 'java/lang/NoSuchMethodError'{0x000000071699b9a8}: 'void java.lang.invoke.DirectMethodHandle$Holder.invokeInterface(java.lang.Object, java.lang.Object)'> (0x000000071699b9a8) 
thrown [s\src\hotspot\share\interpreter\linkResolver.cpp, line 771]
Event: 29.771 Thread 0x0000023e9773ae00 Exception <a 'java/lang/NoSuchMethodError'{0x00000007173463f0}: 'java.lang.Object java.lang.invoke.DirectMethodHandle$Holder.invokeStaticInit(java.lang.Object, int)'> (0x00000007173463f0) 
thrown [s\src\hotspot\share\interpreter\linkResolver.cpp, line 771]
Event: 122.721 Thread 0x0000023e96f429b0 Exception <a 'java/lang/NoSuchMethodError'{0x00000007172715c0}: 'java.lang.Object java.lang.invoke.DirectMethodHandle$Holder.newInvokeSpecial(java.lang.Object, double)'> (0x00000007172715c0) 
thrown [s\src\hotspot\share\interpreter\linkResolver.cpp, line 771]
Event: 122.723 Thread 0x0000023e96f429b0 Exception <a 'java/io/FileNotFoundException'{0x0000000717285e80}> (0x0000000717285e80) 
thrown [s\src\hotspot\share\prims\jni.cpp, line 517]
Event: 122.762 Thread 0x0000023e96f429b0 Exception <a 'java/lang/NoSuchMethodError'{0x000000071715d558}: 'void java.lang.invoke.DirectMethodHandle$Holder.invokeSpecialIFC(java.lang.Object, java.lang.Object, java.lang.Object, java.lang.Object)'> (0x000000071715d558) 
thrown [s\src\hotspot\share\interpreter\linkResolver.cpp, line 771]
Event: 122.780 Thread 0x0000023e96f429b0 Exception <a 'java/lang/NoSuchMethodError'{0x0000000716efc538}: 'int java.lang.invoke.DirectMethodHandle$Holder.invokeSpecial(java.lang.Object, java.lang.Object, int)'> (0x0000000716efc538) 
thrown [s\src\hotspot\share\interpreter\linkResolver.cpp, line 771]
Event: 122.912 Thread 0x0000023e9773ae00 Implicit null exception at 0x0000023e87ce1150 to 0x0000023e87ce11c0
Event: 128.404 Thread 0x0000023e96f429b0 Exception <a 'java/io/FileNotFoundException'{0x000000072006b170}> (0x000000072006b170) 
thrown [s\src\hotspot\share\prims\jni.cpp, line 517]

VM Operations (20 events):
Event: 122.745 Executing VM operation: HandshakeAllThreads
Event: 122.745 Executing VM operation: HandshakeAllThreads done
Event: 122.757 Executing VM operation: HandshakeAllThreads
Event: 122.757 Executing VM operation: HandshakeAllThreads done
Event: 122.767 Executing VM operation: HandshakeAllThreads
Event: 122.767 Executing VM operation: HandshakeAllThreads done
Event: 122.858 Executing VM operation: ICBufferFull
Event: 122.858 Executing VM operation: ICBufferFull done
Event: 124.858 Executing VM operation: Cleanup
Event: 124.859 Executing VM operation: Cleanup done
Event: 126.858 Executing VM operation: Cleanup
Event: 126.859 Executing VM operation: Cleanup done
Event: 127.756 Executing VM operation: G1TryInitiateConcMark
Event: 127.761 Executing VM operation: G1TryInitiateConcMark done
Event: 127.837 Executing VM operation: G1TryInitiateConcMark
Event: 127.840 Executing VM operation: G1TryInitiateConcMark done
Event: 127.918 Executing VM operation: G1TryInitiateConcMark
Event: 127.922 Executing VM operation: G1TryInitiateConcMark done
Event: 128.922 Executing VM operation: Cleanup
Event: 128.923 Executing VM operation: Cleanup done

Events (20 events):
Event: 59.089 Thread 0x0000023e91b8c360 flushing nmethod 0x0000023e80a99410
Event: 59.089 Thread 0x0000023e91b8c360 flushing nmethod 0x0000023e80aa2b90
Event: 77.580 loading class jdk/internal/access/foreign/MemorySegmentProxy
Event: 77.580 loading class jdk/internal/access/foreign/MemorySegmentProxy done
Event: 122.711 Thread 0x0000023e968e0ed0 Thread added: 0x0000023e968e0ed0
Event: 122.721 loading class java/util/stream/ReferencePipeline$15
Event: 122.721 loading class java/util/stream/ReferencePipeline$15 done
Event: 122.721 loading class java/util/stream/ReferencePipeline$15$1
Event: 122.721 loading class java/util/stream/ReferencePipeline$15$1 done
Event: 122.727 Thread 0x0000023e96d8e160 Thread added: 0x0000023e96d8e160
Event: 122.752 loading class java/util/BitSet$1BitSetSpliterator
Event: 122.752 loading class java/util/BitSet$1BitSetSpliterator done
Event: 122.752 loading class java/util/stream/IntPipeline$1
Event: 122.752 loading class java/util/stream/IntPipeline$1 done
Event: 122.752 loading class java/util/stream/IntPipeline$1$1
Event: 122.752 loading class java/util/stream/IntPipeline$1$1 done
Event: 123.580 Thread 0x0000023e96d8e160 Thread exited: 0x0000023e96d8e160
Event: 124.076 Thread 0x0000023e968e0ed0 Thread exited: 0x0000023e968e0ed0
Event: 128.410 Thread 0x0000023e9f697820 Thread added: 0x0000023e9f697820
Event: 128.924 Thread 0x0000023e9f697820 Thread exited: 0x0000023e9f697820


Dynamic libraries:
0x00007ff7a40e0000 - 0x00007ff7a40ea000 	C:\Users\dell\.jdks\jbr-17.0.8.1\bin\java.exe
0x00007ff89de30000 - 0x00007ff89e028000 	C:\WINDOWS\SYSTEM32\ntdll.dll
0x00007ff89c170000 - 0x00007ff89c22d000 	C:\WINDOWS\System32\KERNEL32.DLL
0x00007ff89b810000 - 0x00007ff89bb06000 	C:\WINDOWS\System32\KERNELBASE.dll
0x00007ff89b6c0000 - 0x00007ff89b7c0000 	C:\WINDOWS\System32\ucrtbase.dll
0x00007ff8969a0000 - 0x00007ff8969b7000 	C:\Users\dell\.jdks\jbr-17.0.8.1\bin\jli.dll
0x00007ff896980000 - 0x00007ff89699b000 	C:\Users\dell\.jdks\jbr-17.0.8.1\bin\VCRUNTIME140.dll
0x00007ff89c620000 - 0x00007ff89c7bf000 	C:\WINDOWS\System32\USER32.dll
0x00007ff89b4e0000 - 0x00007ff89b502000 	C:\WINDOWS\System32\win32u.dll
0x00007ff89d8c0000 - 0x00007ff89d8eb000 	C:\WINDOWS\System32\GDI32.dll
0x00007ff89bb40000 - 0x00007ff89bc57000 	C:\WINDOWS\System32\gdi32full.dll
0x00007ff8899f0000 - 0x00007ff889c8a000 	C:\WINDOWS\WinSxS\amd64_microsoft.windows.common-controls_6595b64144ccf1df_6.0.19041.3636_none_60b6a03d71f818d5\COMCTL32.dll
0x00007ff89bdc0000 - 0x00007ff89be5d000 	C:\WINDOWS\System32\msvcp_win.dll
0x00007ff89c990000 - 0x00007ff89ca2e000 	C:\WINDOWS\System32\msvcrt.dll
0x00007ff89d6e0000 - 0x00007ff89d712000 	C:\WINDOWS\System32\IMM32.DLL
0x00000000766d0000 - 0x00000000766dc000 	C:\Program Files (x86)\360\Total Security\safemon\SafeWrapper.dll
0x00007ff89d9e0000 - 0x00007ff89da90000 	C:\WINDOWS\System32\ADVAPI32.dll
0x00007ff89c440000 - 0x00007ff89c4e0000 	C:\WINDOWS\System32\sechost.dll
0x00007ff89d790000 - 0x00007ff89d8b3000 	C:\WINDOWS\System32\RPCRT4.dll
0x00007ff89bb10000 - 0x00007ff89bb37000 	C:\WINDOWS\System32\bcrypt.dll
0x00007ff85f760000 - 0x00007ff85f7f2000 	C:\Program Files (x86)\360\Total Security\safemon\libzdtp64.dll
0x00007ff89cf70000 - 0x00007ff89d6db000 	C:\WINDOWS\System32\SHELL32.dll
0x00007ff89c5a0000 - 0x00007ff89c5f5000 	C:\WINDOWS\System32\SHLWAPI.dll
0x00007ff89b210000 - 0x00007ff89b21a000 	C:\WINDOWS\SYSTEM32\VERSION.dll
0x00007ff8977c0000 - 0x00007ff8977cc000 	C:\Users\dell\.jdks\jbr-17.0.8.1\bin\vcruntime140_1.dll
0x00007ff87eb00000 - 0x00007ff87eb8d000 	C:\Users\dell\.jdks\jbr-17.0.8.1\bin\msvcp140.dll
0x00007ff8537f0000 - 0x00007ff854473000 	C:\Users\dell\.jdks\jbr-17.0.8.1\bin\server\jvm.dll
0x00007ff89b1b0000 - 0x00007ff89b1fb000 	C:\WINDOWS\SYSTEM32\POWRPROF.dll
0x00007ff87a270000 - 0x00007ff87a279000 	C:\WINDOWS\SYSTEM32\WSOCK32.dll
0x00007ff8806d0000 - 0x00007ff8806f7000 	C:\WINDOWS\SYSTEM32\WINMM.dll
0x00007ff89d720000 - 0x00007ff89d78b000 	C:\WINDOWS\System32\WS2_32.dll
0x00007ff89b190000 - 0x00007ff89b1a2000 	C:\WINDOWS\SYSTEM32\UMPDC.dll
0x00007ff899c80000 - 0x00007ff899c92000 	C:\WINDOWS\SYSTEM32\kernel.appcore.dll
0x00007ff896970000 - 0x00007ff89697a000 	C:\Users\dell\.jdks\jbr-17.0.8.1\bin\jimage.dll
0x00007ff8991c0000 - 0x00007ff8993a4000 	C:\WINDOWS\SYSTEM32\DBGHELP.DLL
0x00007ff882d60000 - 0x00007ff882d94000 	C:\WINDOWS\SYSTEM32\dbgcore.DLL
0x00007ff89b630000 - 0x00007ff89b6b2000 	C:\WINDOWS\System32\bcryptPrimitives.dll
0x00007ff893e30000 - 0x00007ff893e3e000 	C:\Users\dell\.jdks\jbr-17.0.8.1\bin\instrument.dll
0x00007ff8913e0000 - 0x00007ff891405000 	C:\Users\dell\.jdks\jbr-17.0.8.1\bin\java.dll
0x00007ff894b30000 - 0x00007ff894b48000 	C:\Users\dell\.jdks\jbr-17.0.8.1\bin\zip.dll
0x00007ff85fcd0000 - 0x00007ff85fda7000 	C:\Users\dell\.jdks\jbr-17.0.8.1\bin\jsvml.dll
0x00007ff8994e0000 - 0x00007ff899c7e000 	C:\WINDOWS\SYSTEM32\windows.storage.dll
0x00007ff89da90000 - 0x00007ff89dde3000 	C:\WINDOWS\System32\combase.dll
0x00007ff89ae30000 - 0x00007ff89ae5e000 	C:\WINDOWS\SYSTEM32\Wldp.dll
0x00007ff89cea0000 - 0x00007ff89cf6d000 	C:\WINDOWS\System32\OLEAUT32.dll
0x00007ff89c030000 - 0x00007ff89c0dd000 	C:\WINDOWS\System32\SHCORE.dll
0x00007ff89b410000 - 0x00007ff89b433000 	C:\WINDOWS\SYSTEM32\profapi.dll
0x00007ff893d60000 - 0x00007ff893d79000 	C:\Users\dell\.jdks\jbr-17.0.8.1\bin\net.dll
0x00007ff895450000 - 0x00007ff89555a000 	C:\WINDOWS\SYSTEM32\WINHTTP.dll
0x00007ff89ab90000 - 0x00007ff89abfa000 	C:\WINDOWS\system32\mswsock.dll
0x00007ff893ce0000 - 0x00007ff893cf6000 	C:\Users\dell\.jdks\jbr-17.0.8.1\bin\nio.dll
0x00007ff891e30000 - 0x00007ff891e4a000 	C:\Program Files\JetBrains\IntelliJ IDEA 2023.2.2\bin\breakgen64.dll
0x0000023e91fe0000 - 0x0000023e91fe3000 	C:\Users\dell\.openjfx\cache\17.0.6\api-ms-win-core-console-l1-1-0.dll
0x0000023e91ff0000 - 0x0000023e91ff3000 	C:\Users\dell\.openjfx\cache\17.0.6\api-ms-win-core-console-l1-2-0.dll
0x0000023e97900000 - 0x0000023e97903000 	C:\Users\dell\.openjfx\cache\17.0.6\api-ms-win-core-datetime-l1-1-0.dll
0x0000023e97d40000 - 0x0000023e97d43000 	C:\Users\dell\.openjfx\cache\17.0.6\api-ms-win-core-debug-l1-1-0.dll
0x0000023e97d50000 - 0x0000023e97d53000 	C:\Users\dell\.openjfx\cache\17.0.6\api-ms-win-core-errorhandling-l1-1-0.dll
0x0000023e97d60000 - 0x0000023e97d64000 	C:\Users\dell\.openjfx\cache\17.0.6\api-ms-win-core-file-l1-1-0.dll
0x0000023e97d70000 - 0x0000023e97d73000 	C:\Users\dell\.openjfx\cache\17.0.6\api-ms-win-core-file-l1-2-0.dll
0x0000023e97910000 - 0x0000023e97913000 	C:\Users\dell\.openjfx\cache\17.0.6\api-ms-win-core-file-l2-1-0.dll
0x0000023e97920000 - 0x0000023e97923000 	C:\Users\dell\.openjfx\cache\17.0.6\api-ms-win-core-handle-l1-1-0.dll
0x0000023e97930000 - 0x0000023e97933000 	C:\Users\dell\.openjfx\cache\17.0.6\api-ms-win-core-heap-l1-1-0.dll
0x0000023e97940000 - 0x0000023e97943000 	C:\Users\dell\.openjfx\cache\17.0.6\api-ms-win-core-interlocked-l1-1-0.dll
0x0000023e97950000 - 0x0000023e97953000 	C:\Users\dell\.openjfx\cache\17.0.6\api-ms-win-core-libraryloader-l1-1-0.dll
0x0000023e97960000 - 0x0000023e97963000 	C:\Users\dell\.openjfx\cache\17.0.6\api-ms-win-core-localization-l1-2-0.dll
0x0000023e97970000 - 0x0000023e97973000 	C:\Users\dell\.openjfx\cache\17.0.6\api-ms-win-core-memory-l1-1-0.dll
0x0000023e97980000 - 0x0000023e97983000 	C:\Users\dell\.openjfx\cache\17.0.6\api-ms-win-core-namedpipe-l1-1-0.dll
0x0000023e97990000 - 0x0000023e97993000 	C:\Users\dell\.openjfx\cache\17.0.6\api-ms-win-core-processenvironment-l1-1-0.dll
0x0000023e979a0000 - 0x0000023e979a3000 	C:\Users\dell\.openjfx\cache\17.0.6\api-ms-win-core-processthreads-l1-1-0.dll
0x0000023e979b0000 - 0x0000023e979b3000 	C:\Users\dell\.openjfx\cache\17.0.6\api-ms-win-core-processthreads-l1-1-1.dll
0x0000023e979c0000 - 0x0000023e979c3000 	C:\Users\dell\.openjfx\cache\17.0.6\api-ms-win-core-profile-l1-1-0.dll
0x0000023e979d0000 - 0x0000023e979d3000 	C:\Users\dell\.openjfx\cache\17.0.6\api-ms-win-core-rtlsupport-l1-1-0.dll
0x0000023e979e0000 - 0x0000023e979e3000 	C:\Users\dell\.openjfx\cache\17.0.6\api-ms-win-core-string-l1-1-0.dll
0x0000023e979f0000 - 0x0000023e979f3000 	C:\Users\dell\.openjfx\cache\17.0.6\api-ms-win-core-synch-l1-1-0.dll
0x0000023e97a00000 - 0x0000023e97a03000 	C:\Users\dell\.openjfx\cache\17.0.6\api-ms-win-core-synch-l1-2-0.dll
0x0000023e97a10000 - 0x0000023e97a13000 	C:\Users\dell\.openjfx\cache\17.0.6\api-ms-win-core-sysinfo-l1-1-0.dll
0x0000023e97cc0000 - 0x0000023e97cc3000 	C:\Users\dell\.openjfx\cache\17.0.6\api-ms-win-core-timezone-l1-1-0.dll
0x0000023e97cd0000 - 0x0000023e97cd3000 	C:\Users\dell\.openjfx\cache\17.0.6\api-ms-win-core-util-l1-1-0.dll
0x0000023e97ce0000 - 0x0000023e97ce3000 	C:\Users\dell\.openjfx\cache\17.0.6\api-ms-win-crt-conio-l1-1-0.dll
0x0000023e97cf0000 - 0x0000023e97cf4000 	C:\Users\dell\.openjfx\cache\17.0.6\api-ms-win-crt-convert-l1-1-0.dll
0x0000023e97d00000 - 0x0000023e97d03000 	C:\Users\dell\.openjfx\cache\17.0.6\api-ms-win-crt-environment-l1-1-0.dll
0x0000023e97d10000 - 0x0000023e97d13000 	C:\Users\dell\.openjfx\cache\17.0.6\api-ms-win-crt-filesystem-l1-1-0.dll
0x0000023e97d20000 - 0x0000023e97d23000 	C:\Users\dell\.openjfx\cache\17.0.6\api-ms-win-crt-heap-l1-1-0.dll
0x0000023e97d30000 - 0x0000023e97d33000 	C:\Users\dell\.openjfx\cache\17.0.6\api-ms-win-crt-locale-l1-1-0.dll
0x0000023e97d80000 - 0x0000023e97d85000 	C:\Users\dell\.openjfx\cache\17.0.6\api-ms-win-crt-math-l1-1-0.dll
0x0000023e97b70000 - 0x0000023e97b75000 	C:\Users\dell\.openjfx\cache\17.0.6\api-ms-win-crt-multibyte-l1-1-0.dll
0x0000023e97b80000 - 0x0000023e97b90000 	C:\Users\dell\.openjfx\cache\17.0.6\api-ms-win-crt-private-l1-1-0.dll
0x0000023e97b90000 - 0x0000023e97b93000 	C:\Users\dell\.openjfx\cache\17.0.6\api-ms-win-crt-process-l1-1-0.dll
0x0000023e97ba0000 - 0x0000023e97ba4000 	C:\Users\dell\.openjfx\cache\17.0.6\api-ms-win-crt-runtime-l1-1-0.dll
0x0000023e97bb0000 - 0x0000023e97bb4000 	C:\Users\dell\.openjfx\cache\17.0.6\api-ms-win-crt-stdio-l1-1-0.dll
0x0000023e97bc0000 - 0x0000023e97bc4000 	C:\Users\dell\.openjfx\cache\17.0.6\api-ms-win-crt-string-l1-1-0.dll
0x0000023e97bd0000 - 0x0000023e97bd3000 	C:\Users\dell\.openjfx\cache\17.0.6\api-ms-win-crt-time-l1-1-0.dll
0x0000023e97be0000 - 0x0000023e97be3000 	C:\Users\dell\.openjfx\cache\17.0.6\api-ms-win-crt-utility-l1-1-0.dll
0x00007ff85a160000 - 0x00007ff85a25c000 	C:\Users\dell\.openjfx\cache\17.0.6\ucrtbase.dll
0x00007ff8888e0000 - 0x00007ff8888fa000 	C:\Users\dell\.openjfx\cache\17.0.6\vcruntime140.dll
0x00007ff893960000 - 0x00007ff89396c000 	C:\Users\dell\.openjfx\cache\17.0.6\vcruntime140_1.dll
0x00007ff8604c0000 - 0x00007ff86054d000 	C:\Users\dell\.openjfx\cache\17.0.6\msvcp140.dll
0x00007ff891380000 - 0x00007ff891389000 	C:\Users\dell\.openjfx\cache\17.0.6\msvcp140_1.dll
0x00007ff865da0000 - 0x00007ff865dcf000 	C:\Users\dell\.openjfx\cache\17.0.6\msvcp140_2.dll
0x00007ff863740000 - 0x00007ff86376a000 	C:\Users\dell\.openjfx\cache\17.0.6\prism_d3d.dll
0x00007ff882a70000 - 0x00007ff882c3d000 	C:\WINDOWS\system32\d3d9.dll
0x00007ff898e10000 - 0x00007ff898e3f000 	C:\WINDOWS\SYSTEM32\dwmapi.dll
0x00007ff898a50000 - 0x00007ff898aee000 	C:\WINDOWS\system32\uxtheme.dll
0x00007ff85bc10000 - 0x00007ff85bd75000 	C:\WINDOWS\System32\DriverStore\FileRepository\iigd_dch.inf_amd64_4de65d949492707a\igdumdim64.dll
0x00007ff89c310000 - 0x00007ff89c43b000 	C:\WINDOWS\System32\ole32.dll
0x00007ff836620000 - 0x00007ff83a2ab000 	C:\WINDOWS\System32\DriverStore\FileRepository\iigd_dch.inf_amd64_4de65d949492707a\igd9dxva64.dll
0x00007ff89ca30000 - 0x00007ff89ce9e000 	C:\WINDOWS\System32\SETUPAPI.dll
0x00007ff89b7c0000 - 0x00007ff89b80e000 	C:\WINDOWS\System32\cfgmgr32.dll
0x00007ff8907a0000 - 0x00007ff890ad6000 	C:\WINDOWS\System32\DriverStore\FileRepository\iigd_dch.inf_amd64_4de65d949492707a\igdgmm64.dll
0x00007ff85fe50000 - 0x00007ff85fe92000 	C:\Users\dell\.openjfx\cache\17.0.6\glass.dll
0x00007ff89c230000 - 0x00007ff89c30a000 	C:\WINDOWS\System32\COMDLG32.dll
0x00007ff89be60000 - 0x00007ff89bf75000 	C:\WINDOWS\System32\MSCTF.dll
0x00007ff890410000 - 0x00007ff890437000 	C:\WINDOWS\System32\DriverStore\FileRepository\iigd_dch.inf_amd64_4de65d949492707a\igdinfo64.dll
0x00007ff88c130000 - 0x00007ff88eebf000 	C:\WINDOWS\System32\DriverStore\FileRepository\iigd_dch.inf_amd64_4de65d949492707a\igc64.dll
0x00007ff892560000 - 0x00007ff89259b000 	C:\WINDOWS\SYSTEM32\dxcore.dll
0x00007ff85fc30000 - 0x00007ff85fc5d000 	C:\Users\dell\.openjfx\cache\17.0.6\javafx_iio.dll
0x00007ff882e30000 - 0x00007ff882e44000 	C:\Users\dell\.openjfx\cache\17.0.6\javafx_font.dll
0x00007ff88b100000 - 0x00007ff88b37f000 	C:\WINDOWS\SYSTEM32\dwrite.dll
0x00007ff89a8b0000 - 0x00007ff89a97b000 	C:\WINDOWS\SYSTEM32\DNSAPI.dll
0x00007ff89a870000 - 0x00007ff89a8ab000 	C:\WINDOWS\SYSTEM32\IPHLPAPI.DLL
0x00007ff89c0e0000 - 0x00007ff89c0e8000 	C:\WINDOWS\System32\NSI.dll
0x00007ff890740000 - 0x00007ff89074a000 	C:\Windows\System32\rasadhlp.dll
0x00007ff88aa80000 - 0x00007ff88ab00000 	C:\WINDOWS\System32\fwpuclnt.dll
0x00007ff89bf80000 - 0x00007ff89c029000 	C:\WINDOWS\System32\clbcatq.dll
0x00007ff895b80000 - 0x00007ff895d34000 	C:\WINDOWS\SYSTEM32\WindowsCodecs.dll
0x00007ff8768f0000 - 0x00007ff87692e000 	C:\WINDOWS\system32\dataexchange.dll
0x00007ff897e50000 - 0x00007ff898035000 	C:\WINDOWS\system32\dcomp.dll
0x00007ff8974f0000 - 0x00007ff897753000 	C:\WINDOWS\system32\d3d11.dll

dbghelp: loaded successfully - version: 4.0.5 - missing functions: none
symbol engine: initialized successfully - sym options: 0x614 - pdb path: .;C:\Users\dell\.jdks\jbr-17.0.8.1\bin;C:\WINDOWS\SYSTEM32;C:\WINDOWS\WinSxS\amd64_microsoft.windows.common-controls_6595b64144ccf1df_6.0.19041.3636_none_60b6a03d71f818d5;C:\Program Files (x86)\360\Total Security\safemon;C:\Users\dell\.jdks\jbr-17.0.8.1\bin\server;C:\Program Files\JetBrains\IntelliJ IDEA 2023.2.2\bin;C:\Users\dell\.openjfx\cache\17.0.6;C:\WINDOWS\System32\DriverStore\FileRepository\iigd_dch.inf_amd64_4de65d949492707a;C:\Program Files\Common Files\Microsoft Shared\Ink

VM Arguments:
jvm_args: -javaagent:C:\Program Files\JetBrains\IntelliJ IDEA 2023.2.2\lib\idea_rt.jar=55030:C:\Program Files\JetBrains\IntelliJ IDEA 2023.2.2\bin -Dfile.encoding=UTF-8 --module-path=C:\Users\dell\.m2\repository\org\openjfx\javafx-web\17.0.6\javafx-web-17.0.6-win.jar;C:\Users\dell\.m2\repository\com\google\oauth-client\google-oauth-client\1.34.1\google-oauth-client-1.34.1.jar;C:\Users\dell\.m2\repository\org\apache\httpcomponents\httpcore\4.4.13\httpcore-4.4.13.jar;C:\Users\dell\.m2\repository\com\zaxxer\SparseBitSet\1.2\SparseBitSet-1.2.jar;C:\Users\dell\.m2\repository\org\testng\testng\7.10.2\testng-7.10.2.jar;C:\Users\dell\.m2\repository\org\json\json\20210307\json-20210307.jar;C:\Users\dell\.m2\repository\org\opentest4j\opentest4j\1.2.0\opentest4j-1.2.0.jar;C:\Users\dell\.m2\repository\com\google\zxing\core\3.4.1\core-3.4.1.jar;C:\Users\dell\.m2\repository\com\mysql\mysql-connector-j\8.2.0\mysql-connector-j-8.2.0.jar;C:\Users\dell\.m2\repository\org\openjfx\javafx-fxml\17.0.6\javafx-fxml-17.0.6-win.jar;C:\Users\dell\.m2\repository\org\glassfish\jakarta.json\2.0.1\jakarta.json-2.0.1.jar;C:\Users\dell\.m2\repository\jakarta\json\jakarta.json-api\2.0.1\jakarta.json-api-2.0.1.jar;C:\Users\dell\.m2\repository\com\google\api-client\google-api-client\2.0.0\google-api-client-2.0.0.jar;C:\Users\dell\.m2\repository\org\junit\platform\junit-platform-commons\1.9.2\junit-platform-commons-1.9.2.jar;F:\TJv2\TJv2\target\classes;C:\Users\dell\.m2\repository\org\glassfish\javax.json\1.1.4\javax.json-1.1.4.jar;C:\Users\dell\.m2\repository\commons-codec\commons-codec\1.11\commons-codec-1.11.jar;C:\Users\dell\.m2\repository\com\twilio\sdk\twilio\8.22.0\twilio-8.22.0.jar;C:\Users\dell\.m2\repository\org\apache\xmlbeans\xmlbeans\5.1.1\xmlbeans-5.1.1.jar;C:\Users\dell\.m2\repository\org\apache\pdfbox\fontbox\2.0.26\fontbox-2.0.26.jar;C:\Users\dell\.m2\repository\com\sun\mail\javax.mail\1.6.2\javax.mail-1.6.2.jar;C:\Users\dell\.m2\repository\com\google\http-client\google-http-client-gson\1.42.1\google-http-client-gson-1.42.1.jar;C:\Users\dell\.m2\repository\com\google\apis\google-api-services-gmail\v1-rev20220404-2.0.0\google-api-services-gmail-v1-rev-Djdk.module.main=com.example.tourjoy 
java_command: com.example.tourjoy/com.example.javafx.HelloApplication
java_class_path (initial): C:\Users\dell\.m2\repository\org\openjfx\javafx-controls\17.0.6\javafx-controls-17.0.6.jar;C:\Users\dell\.m2\repository\org\openjfx\javafx-graphics\17.0.6\javafx-graphics-17.0.6.jar;C:\Users\dell\.m2\repository\org\openjfx\javafx-base\17.0.6\javafx-base-17.0.6.jar;C:\Users\dell\.m2\repository\org\openjfx\javafx-web\17.0.6\javafx-web-17.0.6.jar;C:\Users\dell\.m2\repository\org\openjfx\javafx-media\17.0.6\javafx-media-17.0.6.jar;C:\Users\dell\.m2\repository\org\jfxtras\jfxtras-agenda\8.0-r6\jfxtras-agenda-8.0-r6.jar;C:\Users\dell\.m2\repository\org\jfxtras\jfxtras-controls\8.0-r6\jfxtras-controls-8.0-r6.jar;C:\Users\dell\.m2\repository\org\jfxtras\jfxtras-common\8.0-r6\jfxtras-common-8.0-r6.jar;C:\Users\dell\.m2\repository\org\jfxtras\jfxtras-fxml\8.0-r6\jfxtras-fxml-8.0-r6.jar;C:\Users\dell\.m2\repository\commons-logging\commons-logging\1.2\commons-logging-1.2.jar;C:\Users\dell\.m2\repository\com\google\guava\guava\25.1-android\guava-25.1-android.jar;C:\Users\dell\.m2\repository\com\google\code\findbugs\jsr305\3.0.2\jsr305-3.0.2.jar;C:\Users\dell\.m2\repository\org\checkerframework\checker-compat-qual\2.0.0\checker-compat-qual-2.0.0.jar;C:\Users\dell\.m2\repository\com\google\errorprone\error_prone_annotations\2.1.3\error_prone_annotations-2.1.3.jar;C:\Users\dell\.m2\repository\com\google\j2objc\j2objc-annotations\1.1\j2objc-annotations-1.1.jar;C:\Users\dell\.m2\repository\org\codehaus\mojo\animal-sniffer-annotations\1.14\animal-sniffer-annotations-1.14.jar;C:\Users\dell\.m2\repository\com\github\virtuald\curvesapi\1.07\curvesapi-1.07.jar;C:\Users\dell\.m2\repository\com\gluonhq\attach\util\4.0.9\util-4.0.9.jar;C:\Users\dell\.m2\repository\com\squareup\okhttp3\okhttp\4.9.3\okhttp-4.9.3.jar;C:\Users\dell\.m2\repository\com\squareup\okio\okio\2.8.0\okio-2.8.0.jar;C:\Users\dell\.m2\repository\org\jetbrains\kotlin\kotlin-stdlib-common\1.4.0\kotlin-stdlib-common-1.4.0.jar;C:\Users\dell\.m2\repository\org\jetbrains\kotlin\kotlin-stdlib\1.4.10\k
Launcher Type: SUN_STANDARD

[Global flags]
     intx CICompilerCount                          = 4                                         {product} {ergonomic}
     uint ConcGCThreads                            = 2                                         {product} {ergonomic}
     uint G1ConcRefinementThreads                  = 8                                         {product} {ergonomic}
   size_t G1HeapRegionSize                         = 2097152                                   {product} {ergonomic}
    uintx GCDrainStackTargetSize                   = 64                                        {product} {ergonomic}
   size_t InitialHeapSize                          = 266338304                                 {product} {ergonomic}
   size_t MarkStackSize                            = 4194304                                   {product} {ergonomic}
   size_t MaxHeapSize                              = 4242538496                                {product} {ergonomic}
   size_t MaxNewSize                               = 2543845376                                {product} {ergonomic}
   size_t MinHeapDeltaBytes                        = 2097152                                   {product} {ergonomic}
   size_t MinHeapSize                              = 8388608                                   {product} {ergonomic}
    uintx NonNMethodCodeHeapSize                   = 5839372                                {pd product} {ergonomic}
    uintx NonProfiledCodeHeapSize                  = 122909434                              {pd product} {ergonomic}
    uintx ProfiledCodeHeapSize                     = 122909434                              {pd product} {ergonomic}
    uintx ReservedCodeCacheSize                    = 251658240                              {pd product} {ergonomic}
     bool SegmentedCodeCache                       = true                                      {product} {ergonomic}
   size_t SoftMaxHeapSize                          = 4242538496                             {manageable} {ergonomic}
     bool UseCompressedClassPointers               = true                           {product lp64_product} {ergonomic}
     bool UseCompressedOops                        = true                           {product lp64_product} {ergonomic}
     bool UseG1GC                                  = true                                      {product} {ergonomic}
     bool UseLargePagesIndividualAllocation        = false                                  {pd product} {ergonomic}

Logging:
Log output configuration:
 #0: stdout all=warning uptime,level,tags
 #1: stderr all=off uptime,level,tags

Environment Variables:
PATH=C:\oraclexe\app\oracle\product\11.2.0\server\bin;;C:\Program Files (x86)\VMware\VMware Player\bin\;C:\oraclexe\app\oracle\product\11.2.0\server\bin;C:\Program Files (x86)\Common Files\Intel\Shared Libraries\redist\intel64\compiler;C:\WINDOWS\system32;C:\WINDOWS;C:\WINDOWS\System32\Wbem;C:\WINDOWS\System32\WindowsPowerShell\v1.0\;C:\WINDOWS\System32\OpenSSH\;C:\Program Files (x86)\NVIDIA Corporation\PhysX\Common;C:\Program Files\NVIDIA Corporation\NVIDIA NvDLISR;C:\xampp\php;C:\Program Files\dotnet\;C:\Strawberry\c\bin;C:\Strawberry\perl\site\bin;C:\Strawberry\perl\bin;C:\instantclient12_2;C:\oraclexe\app\oracle\admin\XE;C:\oraclexe;C:\Program Files\Git\cmd;C:\Users\dell\.jdks\jbr-17.0.8.1\bin;C:\ProgramData\ComposerSetup\bin;C:\Users\dell\scoop\shims;C:\Program Files\MySQL\MySQL Shell 8.0\bin\;C:\Users\dell\AppData\Local\Microsoft\WindowsApps;C:\Users\dell\AppData\Local\Programs\Microsoft VS Code\bin;C:\Users\dell\AppData\Roaming\Composer\vendor\bin;C:\Flex Windows\gcc\bin;C:\Flex Windows\Lex\bin;C:\Flex Windows\bison\bin
USERNAME=dell
OS=Windows_NT
PROCESSOR_IDENTIFIER=Intel64 Family 6 Model 165 Stepping 2, GenuineIntel
TMP=C:\Users\dell\AppData\Local\Temp
TEMP=C:\Users\dell\AppData\Local\Temp


JNI global refs:
JNI global refs: 34, weak refs: 0

JNI global refs memory usage: 843, weak refs: 209

OOME stack traces (most recent first):
Classloader memory used:
Loader jdk.internal.loader.ClassLoaders$AppClassLoader                                 : 2295K
Loader bootstrap                                                                       : 2006K
Loader jdk.internal.loader.ClassLoaders$PlatformClassLoader                            : 45889B
Loader jdk.internal.reflect.DelegatingClassLoader                                      : 11756B
Loader com.sun.javafx.reflect.MethodUtil                                               : 510B


---------------  S Y S T E M  ---------------

OS:
 Windows 10 , 64 bit Build 19041 (10.0.19041.3636)
OS uptime: 2 days 2:32 hours

CPU: total 8 (initial active 8) (4 cores per cpu, 2 threads per core) family 6 model 165 stepping 2 microcode 0xf8, cx8, cmov, fxsr, ht, mmx, 3dnowpref, sse, sse2, sse3, ssse3, sse4.1, sse4.2, popcnt, lzcnt, tsc, tscinvbit, avx, avx2, aes, erms, clmul, bmi1, bmi2, adx, fma, vzeroupper, clflush, clflushopt
Processor Information for all 8 processors :
  Max Mhz: 2496, Current Mhz: 2496, Mhz Limit: 2496

Memory: 4k page, system-wide physical 16177M (3241M free)
TotalPageFile size 25101M (AvailPageFile size 5M)
current process WorkingSet (physical memory assigned to process): 1113M, peak: 1145M
current process commit charge ("private bytes"): 1280M, peak: 1285M

vm_info: OpenJDK 64-Bit Server VM (17.0.8.1+7-b1059.3) for windows-amd64 JRE (17.0.8.1+7-b1059.3), built on 2023-09-11 by "builduser" with MS VC++ 16.10 / 16.11 (VS2019)

END.
