#
# There is insufficient memory for the Java Runtime Environment to continue.
# Native memory allocation (malloc) failed to allocate 32744 bytes for ChunkPool::allocate
# Possible reasons:
#   The system is out of physical RAM or swap space
#   The process is running with CompressedOops enabled, and the Java Heap may be blocking the growth of the native heap
# Possible solutions:
#   Reduce memory load on the system
#   Increase physical memory or swap space
#   Check if swap backing store is full
#   Decrease Java heap size (-Xmx/-Xms)
#   Decrease number of Java threads
#   Decrease Java thread stack sizes (-Xss)
#   Set larger code cache with -XX:ReservedCodeCacheSize=
#   JVM is running with Zero Based Compressed Oops mode in which the Java heap is
#     placed in the first 32GB address space. The Java Heap base address is the
#     maximum limit for the native heap growth. Please use -XX:HeapBaseMinAddress
#     to set the Java Heap base and to place the Java Heap above 32GB virtual address.
# This output file may be truncated or incomplete.
#
#  Out of Memory Error (arena.cpp:78), pid=11336, tid=9800
#
# JRE version: OpenJDK Runtime Environment JBR-17.0.8.1+7-1059.3-nomod (17.0.8.1+7) (build 17.0.8.1+7-b1059.3)
# Java VM: OpenJDK 64-Bit Server VM JBR-17.0.8.1+7-1059.3-nomod (17.0.8.1+7-b1059.3, mixed mode, tiered, compressed oops, compressed class ptrs, g1 gc, windows-amd64)
# No core dump will be written. Minidumps are not enabled by default on client versions of Windows
#

---------------  S U M M A R Y ------------

Command Line: -javaagent:C:\Program Files\JetBrains\IntelliJ IDEA 2023.2.2\lib\idea_rt.jar=54959:C:\Program Files\JetBrains\IntelliJ IDEA 2023.2.2\bin -Dfile.encoding=UTF-8 --module-path=C:\Users\dell\.m2\repository\org\openjfx\javafx-web\17.0.6\javafx-web-17.0.6-win.jar;C:\Users\dell\.m2\repository\com\google\oauth-client\google-oauth-client\1.34.1\google-oauth-client-1.34.1.jar;C:\Users\dell\.m2\repository\org\apache\httpcomponents\httpcore\4.4.13\httpcore-4.4.13.jar;C:\Users\dell\.m2\repository\com\zaxxer\SparseBitSet\1.2\SparseBitSet-1.2.jar;C:\Users\dell\.m2\repository\org\testng\testng\7.10.2\testng-7.10.2.jar;C:\Users\dell\.m2\repository\org\json\json\20210307\json-20210307.jar;C:\Users\dell\.m2\repository\org\opentest4j\opentest4j\1.2.0\opentest4j-1.2.0.jar;C:\Users\dell\.m2\repository\com\google\zxing\core\3.4.1\core-3.4.1.jar;C:\Users\dell\.m2\repository\com\mysql\mysql-connector-j\8.2.0\mysql-connector-j-8.2.0.jar;C:\Users\dell\.m2\repository\org\openjfx\javafx-fxml\17.0.6\javafx-fxml-17.0.6-win.jar;C:\Users\dell\.m2\repository\org\glassfish\jakarta.json\2.0.1\jakarta.json-2.0.1.jar;C:\Users\dell\.m2\repository\jakarta\json\jakarta.json-api\2.0.1\jakarta.json-api-2.0.1.jar;C:\Users\dell\.m2\repository\com\google\api-client\google-api-client\2.0.0\google-api-client-2.0.0.jar;C:\Users\dell\.m2\repository\org\junit\platform\junit-platform-commons\1.9.2\junit-platform-commons-1.9.2.jar;F:\TJv2\TJv2\target\classes;C:\Users\dell\.m2\repository\org\glassfish\javax.json\1.1.4\javax.json-1.1.4.jar;C:\Users\dell\.m2\repository\commons-codec\commons-codec\1.11\commons-codec-1.11.jar;C:\Users\dell\.m2\repository\com\twilio\sdk\twilio\8.22.0\twilio-8.22.0.jar;C:\Users\dell\.m2\repository\org\apache\xmlbeans\xmlbeans\5.1.1\xmlbeans-5.1.1.jar;C:\Users\dell\.m2\repository\org\apache\pdfbox\fontbox\2.0.26\fontbox-2.0.26.jar;C:\Users\dell\.m2\repository\com\sun\mail\javax.mail\1.6.2\javax.mail-1.6.2.jar;C:\Users\dell\.m2\repository\com\google\http-client\google-http-client-gson\1.42.1\google-http-client-gson-1.42.1.jar;C:\Users\dell\.m2\repository\com\google\apis\google-api-services-gmail\v1-rev20220404-2.0.0\google-api-services-gmail-v1-rev-Djdk.module.main=com.example.tourjoy com.example.tourjoy/com.example.javafx.HelloApplication

Host: Intel(R) Core(TM) i5-10300H CPU @ 2.50GHz, 8 cores, 15G,  Windows 10 , 64 bit Build 19041 (10.0.19041.3636)
Time: Mon May  6 11:22:44 2024 Afr. centrale Ouest elapsed time: 88.944690 seconds (0d 0h 1m 28s)

---------------  T H R E A D  ---------------

Current thread (0x0000017b4b0880f0):  JavaThread "C2 CompilerThread1" daemon [_thread_in_native, id=9800, stack(0x0000003100200000,0x0000003100300000)]


Current CompileTask:
C2:  88944 8052   !   4       javafx.scene.CssStyleHelper::transitionToState (1031 bytes)

Stack: [0x0000003100200000,0x0000003100300000]
Native frames: (J=compiled Java code, j=interpreted, Vv=VM code, C=native code)
V  [jvm.dll+0x6852da]


---------------  P R O C E S S  ---------------

Threads class SMR info:
_java_thread_list=0x0000017b4b5139c0, length=36, elements={
0x0000017b2044ff00, 0x0000017b3f082fe0, 0x0000017b3f083c70, 0x0000017b3f0c54d0,
0x0000017b3f0c5fa0, 0x0000017b3f0c8980, 0x0000017b3f0c9250, 0x0000017b3f0cbe60,
0x0000017b3f0cc820, 0x0000017b3f0cf350, 0x0000017b3f242220, 0x0000017b3f2412f0,
0x0000017b3f241d10, 0x0000017b3f242730, 0x0000017b3f243150, 0x0000017b3f242c40,
0x0000017b3f2408d0, 0x0000017b3f243660, 0x0000017b3f2403c0, 0x0000017b3f240de0,
0x0000017b4a97f000, 0x0000017b4a980440, 0x0000017b4a981370, 0x0000017b4a981d90,
0x0000017b4a97ff30, 0x0000017b3f243b70, 0x0000017b7451ffc0, 0x0000017b7451c810,
0x0000017b7451b3d0, 0x0000017b7451eb80, 0x0000017b74521400, 0x0000017b745204d0,
0x0000017b7451cd20, 0x0000017b7451bdf0, 0x0000017b74522840, 0x0000017b4b0880f0
}

Java Threads: ( => current thread )
  0x0000017b2044ff00 JavaThread "main" [_thread_blocked, id=13592, stack(0x000000317cb00000,0x000000317cc00000)]
  0x0000017b3f082fe0 JavaThread "Reference Handler" daemon [_thread_blocked, id=14036, stack(0x000000317d200000,0x000000317d300000)]
  0x0000017b3f083c70 JavaThread "Finalizer" daemon [_thread_blocked, id=7272, stack(0x000000317d300000,0x000000317d400000)]
  0x0000017b3f0c54d0 JavaThread "Signal Dispatcher" daemon [_thread_blocked, id=12516, stack(0x000000317d400000,0x000000317d500000)]
  0x0000017b3f0c5fa0 JavaThread "Attach Listener" daemon [_thread_blocked, id=2032, stack(0x000000317d500000,0x000000317d600000)]
  0x0000017b3f0c8980 JavaThread "Service Thread" daemon [_thread_blocked, id=21724, stack(0x000000317d600000,0x000000317d700000)]
  0x0000017b3f0c9250 JavaThread "Monitor Deflation Thread" daemon [_thread_blocked, id=21968, stack(0x000000317d700000,0x000000317d800000)]
  0x0000017b3f0cbe60 JavaThread "C2 CompilerThread0" daemon [_thread_in_native, id=15928, stack(0x000000317d800000,0x000000317d900000)]
  0x0000017b3f0cc820 JavaThread "C1 CompilerThread0" daemon [_thread_blocked, id=4028, stack(0x000000317d900000,0x000000317da00000)]
  0x0000017b3f0cf350 JavaThread "Sweeper thread" daemon [_thread_blocked, id=6892, stack(0x000000317da00000,0x000000317db00000)]
  0x0000017b3f242220 JavaThread "Common-Cleaner" daemon [_thread_blocked, id=21844, stack(0x000000317db00000,0x000000317dc00000)]
  0x0000017b3f2412f0 JavaThread "Monitor Ctrl-Break" daemon [_thread_in_native, id=14308, stack(0x000000317e300000,0x000000317e400000)]
  0x0000017b3f241d10 JavaThread "Notification Thread" daemon [_thread_blocked, id=14792, stack(0x000000317e400000,0x000000317e500000)]
  0x0000017b3f242730 JavaThread "QuantumRenderer-0" daemon [_thread_in_native, id=16260, stack(0x000000317e600000,0x000000317e700000)]
  0x0000017b3f243150 JavaThread "InvokeLaterDispatcher" daemon [_thread_blocked, id=23036, stack(0x000000317e700000,0x000000317e800000)]
  0x0000017b3f242c40 JavaThread "JavaFX Application Thread" [_thread_in_native, id=22772, stack(0x000000317e800000,0x000000317e900000)]
  0x0000017b3f2408d0 JavaThread "Thread-1" daemon [_thread_in_native, id=16016, stack(0x000000317dc00000,0x000000317dd00000)]
  0x0000017b3f243660 JavaThread "JavaFX-Launcher" [_thread_blocked, id=2392, stack(0x000000317dd00000,0x000000317de00000)]
  0x0000017b3f2403c0 JavaThread "Prism Font Disposer" daemon [_thread_blocked, id=11584, stack(0x000000317ed00000,0x000000317ee00000)]
  0x0000017b3f240de0 JavaThread "mysql-cj-abandoned-connection-cleanup" daemon [_thread_blocked, id=12140, stack(0x000000317ee00000,0x000000317ef00000)]
  0x0000017b4a97f000 JavaThread "Cleaner-0" daemon [_thread_blocked, id=20780, stack(0x000000317f900000,0x000000317fa00000)]
  0x0000017b4a980440 JavaThread "Disposer" daemon [_thread_blocked, id=12184, stack(0x000000317fa00000,0x000000317fb00000)]
  0x0000017b4a981370 JavaThread "HttpClient-1-SelectorManager" daemon [_thread_in_native, id=2040, stack(0x000000317fd00000,0x000000317fe00000)]
  0x0000017b4a981d90 JavaThread "HttpClient-1-Worker-0" daemon [_thread_blocked, id=22984, stack(0x0000003100000000,0x0000003100100000)]
  0x0000017b4a97ff30 JavaThread "HttpClient-1-Worker-1" daemon [_thread_blocked, id=9680, stack(0x0000003100100000,0x0000003100200000)]
  0x0000017b3f243b70 JavaThread "HttpClient-1-Worker-2" daemon [_thread_blocked, id=18264, stack(0x0000003100a00000,0x0000003100b00000)]
  0x0000017b7451ffc0 JavaThread "HttpClient-1-Worker-3" daemon [_thread_blocked, id=16264, stack(0x0000003100b00000,0x0000003100c00000)]
  0x0000017b7451c810 JavaThread "ForkJoinPool.commonPool-worker-1" daemon [_thread_blocked, id=21944, stack(0x0000003100c00000,0x0000003100d00000)]
  0x0000017b7451b3d0 JavaThread "ForkJoinPool.commonPool-worker-2" daemon [_thread_blocked, id=21940, stack(0x0000003100d00000,0x0000003100e00000)]
  0x0000017b7451eb80 JavaThread "ForkJoinPool.commonPool-worker-3" daemon [_thread_blocked, id=23336, stack(0x0000003100e00000,0x0000003100f00000)]
  0x0000017b74521400 JavaThread "ForkJoinPool.commonPool-worker-4" daemon [_thread_blocked, id=4608, stack(0x0000003100f00000,0x0000003101000000)]
  0x0000017b745204d0 JavaThread "ForkJoinPool.commonPool-worker-5" daemon [_thread_blocked, id=9596, stack(0x0000003101000000,0x0000003101100000)]
  0x0000017b7451cd20 JavaThread "ForkJoinPool.commonPool-worker-6" daemon [_thread_blocked, id=1632, stack(0x0000003101100000,0x0000003101200000)]
  0x0000017b7451bdf0 JavaThread "ForkJoinPool.commonPool-worker-7" daemon [_thread_blocked, id=17808, stack(0x0000003101200000,0x0000003101300000)]
  0x0000017b74522840 JavaThread "HttpClient-1-Worker-4" daemon [_thread_blocked, id=9688, stack(0x0000003101700000,0x0000003101800000)]
=>0x0000017b4b0880f0 JavaThread "C2 CompilerThread1" daemon [_thread_in_native, id=9800, stack(0x0000003100200000,0x0000003100300000)]

Other Threads:
  0x0000017b3ea972a0 VMThread "VM Thread" [stack: 0x000000317d100000,0x000000317d200000] [id=8320]
  0x0000017b204dd340 WatcherThread [stack: 0x000000317e500000,0x000000317e600000] [id=23368]
  0x0000017b204bd840 GCTaskThread "GC Thread#0" [stack: 0x000000317cc00000,0x000000317cd00000] [id=18416]
  0x0000017b3fb09450 GCTaskThread "GC Thread#1" [stack: 0x000000317de00000,0x000000317df00000] [id=20868]
  0x0000017b3fa296d0 GCTaskThread "GC Thread#2" [stack: 0x000000317df00000,0x000000317e000000] [id=13240]
  0x0000017b3fa55a00 GCTaskThread "GC Thread#3" [stack: 0x000000317e000000,0x000000317e100000] [id=14860]
  0x0000017b3fa55cc0 GCTaskThread "GC Thread#4" [stack: 0x000000317e100000,0x000000317e200000] [id=21824]
  0x0000017b3fa55f80 GCTaskThread "GC Thread#5" [stack: 0x000000317e200000,0x000000317e300000] [id=9676]
  0x0000017b44ea6930 GCTaskThread "GC Thread#6" [stack: 0x000000317ef00000,0x000000317f000000] [id=5416]
  0x0000017b44ea6bf0 GCTaskThread "GC Thread#7" [stack: 0x000000317f000000,0x000000317f100000] [id=13092]
  0x0000017b204ce370 ConcurrentGCThread "G1 Main Marker" [stack: 0x000000317cd00000,0x000000317ce00000] [id=6404]
  0x0000017b204cf8a0 ConcurrentGCThread "G1 Conc#0" [stack: 0x000000317ce00000,0x000000317cf00000] [id=11548]
  0x0000017b44f72690 ConcurrentGCThread "G1 Conc#1" [stack: 0x000000317f100000,0x000000317f200000] [id=21828]
  0x0000017b3e967690 ConcurrentGCThread "G1 Refine#0" [stack: 0x000000317cf00000,0x000000317d000000] [id=548]
  0x0000017b3e967ed0 ConcurrentGCThread "G1 Service" [stack: 0x000000317d000000,0x000000317d100000] [id=22064]

Threads with active compile tasks:
C2 CompilerThread0    89010 8099       4       javafx.css.CompoundSelector::stateMatches (193 bytes)
C2 CompilerThread1    89010 8052   !   4       javafx.scene.CssStyleHelper::transitionToState (1031 bytes)

VM state: not at safepoint (normal execution)

VM Mutex/Monitor currently owned by a thread: None

Heap address: 0x0000000703200000, size: 4046 MB, Compressed Oops mode: Zero based, Oop shift amount: 3

CDS archive(s) not mapped
Compressed class space mapped at: 0x0000000800000000-0x0000000840000000, reserved size: 1073741824
Narrow klass base: 0x0000000800000000, Narrow klass shift: 0, Narrow klass range: 0x40000000

GC Precious Log:
 CPUs: 8 total, 8 available
 Memory: 16177M
 Large Page Support: Disabled
 NUMA Support: Disabled
 Compressed Oops: Enabled (Zero based)
 Heap Region Size: 2M
 Heap Min Capacity: 8M
 Heap Initial Capacity: 254M
 Heap Max Capacity: 4046M
 Pre-touch: Disabled
 Parallel Workers: 8
 Concurrent Workers: 2
 Concurrent Refinement Workers: 8
 Periodic GC: Disabled

Heap:
 garbage-first heap   total 448512K, used 208001K [0x0000000703200000, 0x0000000800000000)
  region size 2048K, 9 young (18432K), 2 survivors (4096K)
 Metaspace       used 49198K, committed 49728K, reserved 1114112K
  class space    used 6325K, committed 6592K, reserved 1048576K

Heap Regions: E=young(eden), S=young(survivor), O=old, HS=humongous(starts), HC=humongous(continues), CS=collection set, F=free, OA=open archive, CA=closed archive, TAMS=top-at-mark-start (previous, next)
|   0|0x0000000703200000, 0x0000000703400000, 0x0000000703400000|100%| O|  |TAMS 0x0000000703400000, 0x0000000703400000| Untracked 
|   1|0x0000000703400000, 0x0000000703600000, 0x0000000703600000|100%| O|  |TAMS 0x0000000703600000, 0x0000000703600000| Untracked 
|   2|0x0000000703600000, 0x0000000703800000, 0x0000000703800000|100%| O|  |TAMS 0x0000000703800000, 0x0000000703800000| Untracked 
|   3|0x0000000703800000, 0x0000000703a00000, 0x0000000703a00000|100%|HS|  |TAMS 0x0000000703800000, 0x0000000703800000| Complete 
|   4|0x0000000703a00000, 0x0000000703c00000, 0x0000000703c00000|100%| O|  |TAMS 0x0000000703c00000, 0x0000000703c00000| Untracked 
|   5|0x0000000703c00000, 0x0000000703e00000, 0x0000000703e00000|100%| O|  |TAMS 0x0000000703e00000, 0x0000000703e00000| Untracked 
|   6|0x0000000703e00000, 0x0000000704000000, 0x0000000704000000|100%| O|  |TAMS 0x0000000704000000, 0x0000000704000000| Untracked 
|   7|0x0000000704000000, 0x0000000704200000, 0x0000000704200000|100%|HS|  |TAMS 0x0000000704200000, 0x0000000704200000| Complete 
|   8|0x0000000704200000, 0x0000000704400000, 0x0000000704400000|100%|HC|  |TAMS 0x0000000704400000, 0x0000000704400000| Complete 
|   9|0x0000000704400000, 0x0000000704600000, 0x0000000704600000|100%|HC|  |TAMS 0x0000000704600000, 0x0000000704600000| Complete 
|  10|0x0000000704600000, 0x0000000704800000, 0x0000000704800000|100%|HC|  |TAMS 0x0000000704800000, 0x0000000704800000| Complete 
|  11|0x0000000704800000, 0x0000000704a00000, 0x0000000704a00000|100%|HC|  |TAMS 0x0000000704a00000, 0x0000000704a00000| Complete 
|  12|0x0000000704a00000, 0x0000000704c00000, 0x0000000704c00000|100%|HC|  |TAMS 0x0000000704c00000, 0x0000000704c00000| Complete 
|  13|0x0000000704c00000, 0x0000000704e00000, 0x0000000704e00000|100%|HC|  |TAMS 0x0000000704e00000, 0x0000000704e00000| Complete 
|  14|0x0000000704e00000, 0x0000000705000000, 0x0000000705000000|100%|HC|  |TAMS 0x0000000705000000, 0x0000000705000000| Complete 
|  15|0x0000000705000000, 0x0000000705200000, 0x0000000705200000|100%|HC|  |TAMS 0x0000000705200000, 0x0000000705200000| Complete 
|  16|0x0000000705200000, 0x0000000705400000, 0x0000000705400000|100%|HC|  |TAMS 0x0000000705400000, 0x0000000705400000| Complete 
|  17|0x0000000705400000, 0x0000000705600000, 0x0000000705600000|100%|HC|  |TAMS 0x0000000705600000, 0x0000000705600000| Complete 
|  18|0x0000000705600000, 0x0000000705800000, 0x0000000705800000|100%|HC|  |TAMS 0x0000000705800000, 0x0000000705800000| Complete 
|  19|0x0000000705800000, 0x0000000705a00000, 0x0000000705a00000|100%|HC|  |TAMS 0x0000000705a00000, 0x0000000705a00000| Complete 
|  20|0x0000000705a00000, 0x0000000705c00000, 0x0000000705c00000|100%|HC|  |TAMS 0x0000000705c00000, 0x0000000705c00000| Complete 
|  21|0x0000000705c00000, 0x0000000705e00000, 0x0000000705e00000|100%|HC|  |TAMS 0x0000000705e00000, 0x0000000705e00000| Complete 
|  22|0x0000000705e00000, 0x0000000706000000, 0x0000000706000000|100%|HC|  |TAMS 0x0000000706000000, 0x0000000706000000| Complete 
|  23|0x0000000706000000, 0x0000000706200000, 0x0000000706200000|100%|HC|  |TAMS 0x0000000706200000, 0x0000000706200000| Complete 
|  24|0x0000000706200000, 0x0000000706400000, 0x0000000706400000|100%|HC|  |TAMS 0x0000000706400000, 0x0000000706400000| Complete 
|  25|0x0000000706400000, 0x0000000706600000, 0x0000000706600000|100%| O|  |TAMS 0x0000000706600000, 0x0000000706600000| Untracked 
|  26|0x0000000706600000, 0x0000000706800000, 0x0000000706800000|100%| O|  |TAMS 0x0000000706800000, 0x0000000706800000| Untracked 
|  27|0x0000000706800000, 0x0000000706a00000, 0x0000000706a00000|100%| O|  |TAMS 0x0000000706a00000, 0x0000000706a00000| Untracked 
|  28|0x0000000706a00000, 0x0000000706c00000, 0x0000000706c00000|100%| O|  |TAMS 0x0000000706c00000, 0x0000000706c00000| Untracked 
|  29|0x0000000706c00000, 0x0000000706e00000, 0x0000000706e00000|100%| O|  |TAMS 0x0000000706e00000, 0x0000000706e00000| Untracked 
|  30|0x0000000706e00000, 0x0000000707000000, 0x0000000707000000|100%| O|  |TAMS 0x0000000707000000, 0x0000000707000000| Untracked 
|  31|0x0000000707000000, 0x0000000707200000, 0x0000000707200000|100%|HS|  |TAMS 0x0000000707200000, 0x0000000707200000| Complete 
|  32|0x0000000707200000, 0x0000000707400000, 0x0000000707400000|100%|HC|  |TAMS 0x0000000707400000, 0x0000000707400000| Complete 
|  33|0x0000000707400000, 0x0000000707600000, 0x0000000707600000|100%|HC|  |TAMS 0x0000000707600000, 0x0000000707600000| Complete 
|  34|0x0000000707600000, 0x0000000707800000, 0x0000000707800000|100%| O|  |TAMS 0x0000000707800000, 0x0000000707800000| Untracked 
|  35|0x0000000707800000, 0x0000000707a00000, 0x0000000707a00000|100%|HS|  |TAMS 0x0000000707a00000, 0x0000000707a00000| Complete 
|  36|0x0000000707a00000, 0x0000000707c00000, 0x0000000707c00000|100%| O|  |TAMS 0x0000000707c00000, 0x0000000707c00000| Untracked 
|  37|0x0000000707c00000, 0x0000000707e00000, 0x0000000707e00000|100%|HS|  |TAMS 0x0000000707e00000, 0x0000000707e00000| Complete 
|  38|0x0000000707e00000, 0x0000000708000000, 0x0000000708000000|100%|HC|  |TAMS 0x0000000708000000, 0x0000000708000000| Complete 
|  39|0x0000000708000000, 0x000000070819fa00, 0x0000000708200000| 81%| O|  |TAMS 0x000000070819fa00, 0x000000070819fa00| Untracked 
|  40|0x0000000708200000, 0x0000000708200000, 0x0000000708400000|  0%| F|  |TAMS 0x0000000708200000, 0x0000000708200000| Untracked 
|  41|0x0000000708400000, 0x0000000708600000, 0x0000000708600000|100%| O|  |TAMS 0x0000000708600000, 0x0000000708600000| Untracked 
|  42|0x0000000708600000, 0x0000000708800000, 0x0000000708800000|100%|HS|  |TAMS 0x0000000708800000, 0x0000000708800000| Complete 
|  43|0x0000000708800000, 0x0000000708a00000, 0x0000000708a00000|100%|HC|  |TAMS 0x0000000708a00000, 0x0000000708a00000| Complete 
|  44|0x0000000708a00000, 0x0000000708c00000, 0x0000000708c00000|100%|HC|  |TAMS 0x0000000708c00000, 0x0000000708c00000| Complete 
|  45|0x0000000708c00000, 0x0000000708e00000, 0x0000000708e00000|100%|HC|  |TAMS 0x0000000708e00000, 0x0000000708e00000| Complete 
|  46|0x0000000708e00000, 0x0000000709000000, 0x0000000709000000|100%|HC|  |TAMS 0x0000000709000000, 0x0000000709000000| Complete 
|  47|0x0000000709000000, 0x0000000709200000, 0x0000000709200000|100%|HS|  |TAMS 0x0000000709000000, 0x0000000709000000| Complete 
|  48|0x0000000709200000, 0x0000000709400000, 0x0000000709400000|100%|HC|  |TAMS 0x0000000709200000, 0x0000000709200000| Complete 
|  49|0x0000000709400000, 0x0000000709600000, 0x0000000709600000|100%|HC|  |TAMS 0x0000000709400000, 0x0000000709400000| Complete 
|  50|0x0000000709600000, 0x0000000709800000, 0x0000000709800000|100%|HC|  |TAMS 0x0000000709600000, 0x0000000709600000| Complete 
|  51|0x0000000709800000, 0x0000000709a00000, 0x0000000709a00000|100%|HC|  |TAMS 0x0000000709800000, 0x0000000709800000| Complete 
|  52|0x0000000709a00000, 0x0000000709c00000, 0x0000000709c00000|100%|HS|  |TAMS 0x0000000709a00000, 0x0000000709a00000| Complete 
|  53|0x0000000709c00000, 0x0000000709e00000, 0x0000000709e00000|100%|HC|  |TAMS 0x0000000709c00000, 0x0000000709c00000| Complete 
|  54|0x0000000709e00000, 0x0000000709e00000, 0x000000070a000000|  0%| F|  |TAMS 0x0000000709e00000, 0x0000000709e00000| Untracked 
|  55|0x000000070a000000, 0x000000070a000000, 0x000000070a200000|  0%| F|  |TAMS 0x000000070a000000, 0x000000070a000000| Untracked 
|  56|0x000000070a200000, 0x000000070a200000, 0x000000070a400000|  0%| F|  |TAMS 0x000000070a200000, 0x000000070a200000| Untracked 
|  57|0x000000070a400000, 0x000000070a400000, 0x000000070a600000|  0%| F|  |TAMS 0x000000070a400000, 0x000000070a400000| Untracked 
|  58|0x000000070a600000, 0x000000070a800000, 0x000000070a800000|100%|HS|  |TAMS 0x000000070a800000, 0x000000070a800000| Complete 
|  59|0x000000070a800000, 0x000000070aa00000, 0x000000070aa00000|100%|HC|  |TAMS 0x000000070aa00000, 0x000000070aa00000| Complete 
|  60|0x000000070aa00000, 0x000000070ac00000, 0x000000070ac00000|100%|HC|  |TAMS 0x000000070ac00000, 0x000000070ac00000| Complete 
|  61|0x000000070ac00000, 0x000000070ae00000, 0x000000070ae00000|100%|HC|  |TAMS 0x000000070ae00000, 0x000000070ae00000| Complete 
|  62|0x000000070ae00000, 0x000000070b000000, 0x000000070b000000|100%|HC|  |TAMS 0x000000070b000000, 0x000000070b000000| Complete 
|  63|0x000000070b000000, 0x000000070b200000, 0x000000070b200000|100%|HC|  |TAMS 0x000000070b200000, 0x000000070b200000| Complete 
|  64|0x000000070b200000, 0x000000070b400000, 0x000000070b400000|100%|HC|  |TAMS 0x000000070b400000, 0x000000070b400000| Complete 
|  65|0x000000070b400000, 0x000000070b600000, 0x000000070b600000|100%|HC|  |TAMS 0x000000070b600000, 0x000000070b600000| Complete 
|  66|0x000000070b600000, 0x000000070b800000, 0x000000070b800000|100%|HC|  |TAMS 0x000000070b800000, 0x000000070b800000| Complete 
|  67|0x000000070b800000, 0x000000070ba00000, 0x000000070ba00000|100%|HC|  |TAMS 0x000000070ba00000, 0x000000070ba00000| Complete 
|  68|0x000000070ba00000, 0x000000070bc00000, 0x000000070bc00000|100%|HC|  |TAMS 0x000000070bc00000, 0x000000070bc00000| Complete 
|  69|0x000000070bc00000, 0x000000070be00000, 0x000000070be00000|100%|HC|  |TAMS 0x000000070be00000, 0x000000070be00000| Complete 
|  70|0x000000070be00000, 0x000000070c000000, 0x000000070c000000|100%|HC|  |TAMS 0x000000070c000000, 0x000000070c000000| Complete 
|  71|0x000000070c000000, 0x000000070c200000, 0x000000070c200000|100%|HC|  |TAMS 0x000000070c200000, 0x000000070c200000| Complete 
|  72|0x000000070c200000, 0x000000070c400000, 0x000000070c400000|100%|HC|  |TAMS 0x000000070c400000, 0x000000070c400000| Complete 
|  73|0x000000070c400000, 0x000000070c600000, 0x000000070c600000|100%|HC|  |TAMS 0x000000070c600000, 0x000000070c600000| Complete 
|  74|0x000000070c600000, 0x000000070c800000, 0x000000070c800000|100%|HC|  |TAMS 0x000000070c800000, 0x000000070c800000| Complete 
|  75|0x000000070c800000, 0x000000070ca00000, 0x000000070ca00000|100%|HC|  |TAMS 0x000000070ca00000, 0x000000070ca00000| Complete 
|  76|0x000000070ca00000, 0x000000070cc00000, 0x000000070cc00000|100%|HS|  |TAMS 0x000000070ca00000, 0x000000070cc00000| Complete 
|  77|0x000000070cc00000, 0x000000070ce00000, 0x000000070ce00000|100%|HC|  |TAMS 0x000000070cc00000, 0x000000070ce00000| Complete 
|  78|0x000000070ce00000, 0x000000070d000000, 0x000000070d000000|100%|HC|  |TAMS 0x000000070ce00000, 0x000000070d000000| Complete 
|  79|0x000000070d000000, 0x000000070d200000, 0x000000070d200000|100%|HC|  |TAMS 0x000000070d000000, 0x000000070d200000| Complete 
|  80|0x000000070d200000, 0x000000070d400000, 0x000000070d400000|100%|HC|  |TAMS 0x000000070d200000, 0x000000070d400000| Complete 
|  81|0x000000070d400000, 0x000000070d600000, 0x000000070d600000|100%|HS|  |TAMS 0x000000070d400000, 0x000000070d400000| Complete 
|  82|0x000000070d600000, 0x000000070d800000, 0x000000070d800000|100%|HC|  |TAMS 0x000000070d600000, 0x000000070d600000| Complete 
|  83|0x000000070d800000, 0x000000070da00000, 0x000000070da00000|100%|HC|  |TAMS 0x000000070d800000, 0x000000070d800000| Complete 
|  84|0x000000070da00000, 0x000000070dc00000, 0x000000070dc00000|100%|HC|  |TAMS 0x000000070da00000, 0x000000070da00000| Complete 
|  85|0x000000070dc00000, 0x000000070de00000, 0x000000070de00000|100%|HC|  |TAMS 0x000000070dc00000, 0x000000070dc00000| Complete 
|  86|0x000000070de00000, 0x000000070e000000, 0x000000070e000000|100%|HC|  |TAMS 0x000000070de00000, 0x000000070de00000| Complete 
|  87|0x000000070e000000, 0x000000070e200000, 0x000000070e200000|100%|HC|  |TAMS 0x000000070e000000, 0x000000070e000000| Complete 
|  88|0x000000070e200000, 0x000000070e400000, 0x000000070e400000|100%|HC|  |TAMS 0x000000070e200000, 0x000000070e200000| Complete 
|  89|0x000000070e400000, 0x000000070e600000, 0x000000070e600000|100%|HC|  |TAMS 0x000000070e400000, 0x000000070e400000| Complete 
|  90|0x000000070e600000, 0x000000070e800000, 0x000000070e800000|100%|HC|  |TAMS 0x000000070e600000, 0x000000070e600000| Complete 
|  91|0x000000070e800000, 0x000000070ea00000, 0x000000070ea00000|100%|HC|  |TAMS 0x000000070e800000, 0x000000070e800000| Complete 
|  92|0x000000070ea00000, 0x000000070ec00000, 0x000000070ec00000|100%|HC|  |TAMS 0x000000070ea00000, 0x000000070ea00000| Complete 
|  93|0x000000070ec00000, 0x000000070ee00000, 0x000000070ee00000|100%|HC|  |TAMS 0x000000070ec00000, 0x000000070ec00000| Complete 
|  94|0x000000070ee00000, 0x000000070f000000, 0x000000070f000000|100%|HC|  |TAMS 0x000000070ee00000, 0x000000070ee00000| Complete 
|  95|0x000000070f000000, 0x000000070f200000, 0x000000070f200000|100%|HC|  |TAMS 0x000000070f000000, 0x000000070f000000| Complete 
|  96|0x000000070f200000, 0x000000070f400000, 0x000000070f400000|100%|HC|  |TAMS 0x000000070f200000, 0x000000070f200000| Complete 
|  97|0x000000070f400000, 0x000000070f600000, 0x000000070f600000|100%|HC|  |TAMS 0x000000070f400000, 0x000000070f400000| Complete 
|  98|0x000000070f600000, 0x000000070f800000, 0x000000070f800000|100%|HC|  |TAMS 0x000000070f600000, 0x000000070f600000| Complete 
|  99|0x000000070f800000, 0x000000070f800000, 0x000000070fa00000|  0%| F|  |TAMS 0x000000070f800000, 0x000000070f800000| Untracked 
| 100|0x000000070fa00000, 0x000000070fa00000, 0x000000070fc00000|  0%| F|  |TAMS 0x000000070fa00000, 0x000000070fa00000| Untracked 
| 101|0x000000070fc00000, 0x000000070fc00000, 0x000000070fe00000|  0%| F|  |TAMS 0x000000070fc00000, 0x000000070fc00000| Untracked 
| 102|0x000000070fe00000, 0x000000070fe00000, 0x0000000710000000|  0%| F|  |TAMS 0x000000070fe00000, 0x000000070fe00000| Untracked 
| 103|0x0000000710000000, 0x0000000710000000, 0x0000000710200000|  0%| F|  |TAMS 0x0000000710000000, 0x0000000710000000| Untracked 
| 104|0x0000000710200000, 0x0000000710200000, 0x0000000710400000|  0%| F|  |TAMS 0x0000000710200000, 0x0000000710200000| Untracked 
| 105|0x0000000710400000, 0x0000000710400000, 0x0000000710600000|  0%| F|  |TAMS 0x0000000710400000, 0x0000000710400000| Untracked 
| 106|0x0000000710600000, 0x0000000710600000, 0x0000000710800000|  0%| F|  |TAMS 0x0000000710600000, 0x0000000710600000| Untracked 
| 107|0x0000000710800000, 0x0000000710800000, 0x0000000710a00000|  0%| F|  |TAMS 0x0000000710800000, 0x0000000710800000| Untracked 
| 108|0x0000000710a00000, 0x0000000710a00000, 0x0000000710c00000|  0%| F|  |TAMS 0x0000000710a00000, 0x0000000710a00000| Untracked 
| 109|0x0000000710c00000, 0x0000000710c00000, 0x0000000710e00000|  0%| F|  |TAMS 0x0000000710c00000, 0x0000000710c00000| Untracked 
| 110|0x0000000710e00000, 0x0000000710e00000, 0x0000000711000000|  0%| F|  |TAMS 0x0000000710e00000, 0x0000000710e00000| Untracked 
| 111|0x0000000711000000, 0x0000000711000000, 0x0000000711200000|  0%| F|  |TAMS 0x0000000711000000, 0x0000000711000000| Untracked 
| 112|0x0000000711200000, 0x0000000711200000, 0x0000000711400000|  0%| F|  |TAMS 0x0000000711200000, 0x0000000711200000| Untracked 
| 113|0x0000000711400000, 0x0000000711400000, 0x0000000711600000|  0%| F|  |TAMS 0x0000000711400000, 0x0000000711400000| Untracked 
| 114|0x0000000711600000, 0x0000000711600000, 0x0000000711800000|  0%| F|  |TAMS 0x0000000711600000, 0x0000000711600000| Untracked 
| 115|0x0000000711800000, 0x0000000711800000, 0x0000000711a00000|  0%| F|  |TAMS 0x0000000711800000, 0x0000000711800000| Untracked 
| 116|0x0000000711a00000, 0x0000000711a00000, 0x0000000711c00000|  0%| F|  |TAMS 0x0000000711a00000, 0x0000000711a00000| Untracked 
| 117|0x0000000711c00000, 0x0000000711c00000, 0x0000000711e00000|  0%| F|  |TAMS 0x0000000711c00000, 0x0000000711c00000| Untracked 
| 118|0x0000000711e00000, 0x0000000711e00000, 0x0000000712000000|  0%| F|  |TAMS 0x0000000711e00000, 0x0000000711e00000| Untracked 
| 119|0x0000000712000000, 0x0000000712000000, 0x0000000712200000|  0%| F|  |TAMS 0x0000000712000000, 0x0000000712000000| Untracked 
| 120|0x0000000712200000, 0x0000000712200000, 0x0000000712400000|  0%| F|  |TAMS 0x0000000712200000, 0x0000000712200000| Untracked 
| 121|0x0000000712400000, 0x0000000712400000, 0x0000000712600000|  0%| F|  |TAMS 0x0000000712400000, 0x0000000712400000| Untracked 
| 122|0x0000000712600000, 0x0000000712600000, 0x0000000712800000|  0%| F|  |TAMS 0x0000000712600000, 0x0000000712600000| Untracked 
| 123|0x0000000712800000, 0x0000000712800000, 0x0000000712a00000|  0%| F|  |TAMS 0x0000000712800000, 0x0000000712800000| Untracked 
| 124|0x0000000712a00000, 0x0000000712a00000, 0x0000000712c00000|  0%| F|  |TAMS 0x0000000712a00000, 0x0000000712a00000| Untracked 
| 125|0x0000000712c00000, 0x0000000712c00000, 0x0000000712e00000|  0%| F|  |TAMS 0x0000000712c00000, 0x0000000712c00000| Untracked 
| 126|0x0000000712e00000, 0x0000000712e00000, 0x0000000713000000|  0%| F|  |TAMS 0x0000000712e00000, 0x0000000712e00000| Untracked 
| 127|0x0000000713000000, 0x0000000713000000, 0x0000000713200000|  0%| F|  |TAMS 0x0000000713000000, 0x0000000713000000| Untracked 
| 128|0x0000000713200000, 0x0000000713200000, 0x0000000713400000|  0%| F|  |TAMS 0x0000000713200000, 0x0000000713200000| Untracked 
| 129|0x0000000713400000, 0x0000000713400000, 0x0000000713600000|  0%| F|  |TAMS 0x0000000713400000, 0x0000000713400000| Untracked 
| 130|0x0000000713600000, 0x0000000713600000, 0x0000000713800000|  0%| F|  |TAMS 0x0000000713600000, 0x0000000713600000| Untracked 
| 131|0x0000000713800000, 0x0000000713800000, 0x0000000713a00000|  0%| F|  |TAMS 0x0000000713800000, 0x0000000713800000| Untracked 
| 132|0x0000000713a00000, 0x0000000713a00000, 0x0000000713c00000|  0%| F|  |TAMS 0x0000000713a00000, 0x0000000713a00000| Untracked 
| 133|0x0000000713c00000, 0x0000000713c00000, 0x0000000713e00000|  0%| F|  |TAMS 0x0000000713c00000, 0x0000000713c00000| Untracked 
| 134|0x0000000713e00000, 0x0000000713e00000, 0x0000000714000000|  0%| F|  |TAMS 0x0000000713e00000, 0x0000000713e00000| Untracked 
| 135|0x0000000714000000, 0x0000000714000000, 0x0000000714200000|  0%| F|  |TAMS 0x0000000714000000, 0x0000000714000000| Untracked 
| 136|0x0000000714200000, 0x0000000714200000, 0x0000000714400000|  0%| F|  |TAMS 0x0000000714200000, 0x0000000714200000| Untracked 
| 137|0x0000000714400000, 0x0000000714400000, 0x0000000714600000|  0%| F|  |TAMS 0x0000000714400000, 0x0000000714400000| Untracked 
| 138|0x0000000714600000, 0x0000000714600000, 0x0000000714800000|  0%| F|  |TAMS 0x0000000714600000, 0x0000000714600000| Untracked 
| 139|0x0000000714800000, 0x0000000714800000, 0x0000000714a00000|  0%| F|  |TAMS 0x0000000714800000, 0x0000000714800000| Untracked 
| 140|0x0000000714a00000, 0x0000000714a00000, 0x0000000714c00000|  0%| F|  |TAMS 0x0000000714a00000, 0x0000000714a00000| Untracked 
| 141|0x0000000714c00000, 0x0000000714c00000, 0x0000000714e00000|  0%| F|  |TAMS 0x0000000714c00000, 0x0000000714c00000| Untracked 
| 142|0x0000000714e00000, 0x0000000714e00000, 0x0000000715000000|  0%| F|  |TAMS 0x0000000714e00000, 0x0000000714e00000| Untracked 
| 143|0x0000000715000000, 0x0000000715000000, 0x0000000715200000|  0%| F|  |TAMS 0x0000000715000000, 0x0000000715000000| Untracked 
| 144|0x0000000715200000, 0x0000000715200000, 0x0000000715400000|  0%| F|  |TAMS 0x0000000715200000, 0x0000000715200000| Untracked 
| 145|0x0000000715400000, 0x0000000715400000, 0x0000000715600000|  0%| F|  |TAMS 0x0000000715400000, 0x0000000715400000| Untracked 
| 146|0x0000000715600000, 0x0000000715600000, 0x0000000715800000|  0%| F|  |TAMS 0x0000000715600000, 0x0000000715600000| Untracked 
| 147|0x0000000715800000, 0x0000000715800000, 0x0000000715a00000|  0%| F|  |TAMS 0x0000000715800000, 0x0000000715800000| Untracked 
| 148|0x0000000715a00000, 0x0000000715a00000, 0x0000000715c00000|  0%| F|  |TAMS 0x0000000715a00000, 0x0000000715a00000| Untracked 
| 149|0x0000000715c00000, 0x0000000715c00000, 0x0000000715e00000|  0%| F|  |TAMS 0x0000000715c00000, 0x0000000715c00000| Untracked 
| 150|0x0000000715e00000, 0x0000000715e00000, 0x0000000716000000|  0%| F|  |TAMS 0x0000000715e00000, 0x0000000715e00000| Untracked 
| 151|0x0000000716000000, 0x0000000716000000, 0x0000000716200000|  0%| F|  |TAMS 0x0000000716000000, 0x0000000716000000| Untracked 
| 152|0x0000000716200000, 0x0000000716200000, 0x0000000716400000|  0%| F|  |TAMS 0x0000000716200000, 0x0000000716200000| Untracked 
| 153|0x0000000716400000, 0x0000000716580bf0, 0x0000000716600000| 75%| S|CS|TAMS 0x0000000716400000, 0x0000000716400000| Complete 
| 154|0x0000000716600000, 0x0000000716800000, 0x0000000716800000|100%| S|CS|TAMS 0x0000000716600000, 0x0000000716600000| Complete 
| 155|0x0000000716800000, 0x0000000716800000, 0x0000000716a00000|  0%| F|  |TAMS 0x0000000716800000, 0x0000000716800000| Untracked 
| 156|0x0000000716a00000, 0x0000000716a00000, 0x0000000716c00000|  0%| F|  |TAMS 0x0000000716a00000, 0x0000000716a00000| Untracked 
| 157|0x0000000716c00000, 0x0000000716c00000, 0x0000000716e00000|  0%| F|  |TAMS 0x0000000716c00000, 0x0000000716c00000| Untracked 
| 158|0x0000000716e00000, 0x0000000716e00000, 0x0000000717000000|  0%| F|  |TAMS 0x0000000716e00000, 0x0000000716e00000| Untracked 
| 159|0x0000000717000000, 0x0000000717000000, 0x0000000717200000|  0%| F|  |TAMS 0x0000000717000000, 0x0000000717000000| Untracked 
| 160|0x0000000717200000, 0x0000000717200000, 0x0000000717400000|  0%| F|  |TAMS 0x0000000717200000, 0x0000000717200000| Untracked 
| 161|0x0000000717400000, 0x0000000717400000, 0x0000000717600000|  0%| F|  |TAMS 0x0000000717400000, 0x0000000717400000| Untracked 
| 162|0x0000000717600000, 0x0000000717600000, 0x0000000717800000|  0%| F|  |TAMS 0x0000000717600000, 0x0000000717600000| Untracked 
| 163|0x0000000717800000, 0x0000000717800000, 0x0000000717a00000|  0%| F|  |TAMS 0x0000000717800000, 0x0000000717800000| Untracked 
| 164|0x0000000717a00000, 0x0000000717a00000, 0x0000000717c00000|  0%| F|  |TAMS 0x0000000717a00000, 0x0000000717a00000| Untracked 
| 165|0x0000000717c00000, 0x0000000717c00000, 0x0000000717e00000|  0%| F|  |TAMS 0x0000000717c00000, 0x0000000717c00000| Untracked 
| 166|0x0000000717e00000, 0x0000000717e00000, 0x0000000718000000|  0%| F|  |TAMS 0x0000000717e00000, 0x0000000717e00000| Untracked 
| 167|0x0000000718000000, 0x0000000718000000, 0x0000000718200000|  0%| F|  |TAMS 0x0000000718000000, 0x0000000718000000| Untracked 
| 168|0x0000000718200000, 0x0000000718200000, 0x0000000718400000|  0%| F|  |TAMS 0x0000000718200000, 0x0000000718200000| Untracked 
| 169|0x0000000718400000, 0x0000000718400000, 0x0000000718600000|  0%| F|  |TAMS 0x0000000718400000, 0x0000000718400000| Untracked 
| 170|0x0000000718600000, 0x0000000718600000, 0x0000000718800000|  0%| F|  |TAMS 0x0000000718600000, 0x0000000718600000| Untracked 
| 171|0x0000000718800000, 0x0000000718800000, 0x0000000718a00000|  0%| F|  |TAMS 0x0000000718800000, 0x0000000718800000| Untracked 
| 172|0x0000000718a00000, 0x0000000718a00000, 0x0000000718c00000|  0%| F|  |TAMS 0x0000000718a00000, 0x0000000718a00000| Untracked 
| 173|0x0000000718c00000, 0x0000000718c00000, 0x0000000718e00000|  0%| F|  |TAMS 0x0000000718c00000, 0x0000000718c00000| Untracked 
| 174|0x0000000718e00000, 0x0000000718e00000, 0x0000000719000000|  0%| F|  |TAMS 0x0000000718e00000, 0x0000000718e00000| Untracked 
| 175|0x0000000719000000, 0x0000000719000000, 0x0000000719200000|  0%| F|  |TAMS 0x0000000719000000, 0x0000000719000000| Untracked 
| 176|0x0000000719200000, 0x0000000719200000, 0x0000000719400000|  0%| F|  |TAMS 0x0000000719200000, 0x0000000719200000| Untracked 
| 177|0x0000000719400000, 0x0000000719400000, 0x0000000719600000|  0%| F|  |TAMS 0x0000000719400000, 0x0000000719400000| Untracked 
| 178|0x0000000719600000, 0x0000000719600000, 0x0000000719800000|  0%| F|  |TAMS 0x0000000719600000, 0x0000000719600000| Untracked 
| 179|0x0000000719800000, 0x0000000719800000, 0x0000000719a00000|  0%| F|  |TAMS 0x0000000719800000, 0x0000000719800000| Untracked 
| 180|0x0000000719a00000, 0x0000000719a00000, 0x0000000719c00000|  0%| F|  |TAMS 0x0000000719a00000, 0x0000000719a00000| Untracked 
| 181|0x0000000719c00000, 0x0000000719c00000, 0x0000000719e00000|  0%| F|  |TAMS 0x0000000719c00000, 0x0000000719c00000| Untracked 
| 182|0x0000000719e00000, 0x0000000719e00000, 0x000000071a000000|  0%| F|  |TAMS 0x0000000719e00000, 0x0000000719e00000| Untracked 
| 183|0x000000071a000000, 0x000000071a000000, 0x000000071a200000|  0%| F|  |TAMS 0x000000071a000000, 0x000000071a000000| Untracked 
| 184|0x000000071a200000, 0x000000071a200000, 0x000000071a400000|  0%| F|  |TAMS 0x000000071a200000, 0x000000071a200000| Untracked 
| 185|0x000000071a400000, 0x000000071a400000, 0x000000071a600000|  0%| F|  |TAMS 0x000000071a400000, 0x000000071a400000| Untracked 
| 186|0x000000071a600000, 0x000000071a600000, 0x000000071a800000|  0%| F|  |TAMS 0x000000071a600000, 0x000000071a600000| Untracked 
| 187|0x000000071a800000, 0x000000071a800000, 0x000000071aa00000|  0%| F|  |TAMS 0x000000071a800000, 0x000000071a800000| Untracked 
| 188|0x000000071aa00000, 0x000000071aa00000, 0x000000071ac00000|  0%| F|  |TAMS 0x000000071aa00000, 0x000000071aa00000| Untracked 
| 189|0x000000071ac00000, 0x000000071ac00000, 0x000000071ae00000|  0%| F|  |TAMS 0x000000071ac00000, 0x000000071ac00000| Untracked 
| 190|0x000000071ae00000, 0x000000071ae00000, 0x000000071b000000|  0%| F|  |TAMS 0x000000071ae00000, 0x000000071ae00000| Untracked 
| 191|0x000000071b000000, 0x000000071b000000, 0x000000071b200000|  0%| F|  |TAMS 0x000000071b000000, 0x000000071b000000| Untracked 
| 192|0x000000071b200000, 0x000000071b200000, 0x000000071b400000|  0%| F|  |TAMS 0x000000071b200000, 0x000000071b200000| Untracked 
| 193|0x000000071b400000, 0x000000071b400000, 0x000000071b600000|  0%| F|  |TAMS 0x000000071b400000, 0x000000071b400000| Untracked 
| 194|0x000000071b600000, 0x000000071b600000, 0x000000071b800000|  0%| F|  |TAMS 0x000000071b600000, 0x000000071b600000| Untracked 
| 195|0x000000071b800000, 0x000000071b800000, 0x000000071ba00000|  0%| F|  |TAMS 0x000000071b800000, 0x000000071b800000| Untracked 
| 196|0x000000071ba00000, 0x000000071ba00000, 0x000000071bc00000|  0%| F|  |TAMS 0x000000071ba00000, 0x000000071ba00000| Untracked 
| 197|0x000000071bc00000, 0x000000071bc00000, 0x000000071be00000|  0%| F|  |TAMS 0x000000071bc00000, 0x000000071bc00000| Untracked 
| 198|0x000000071be00000, 0x000000071be00000, 0x000000071c000000|  0%| F|  |TAMS 0x000000071be00000, 0x000000071be00000| Untracked 
| 199|0x000000071c000000, 0x000000071c000000, 0x000000071c200000|  0%| F|  |TAMS 0x000000071c000000, 0x000000071c000000| Untracked 
| 200|0x000000071c200000, 0x000000071c200000, 0x000000071c400000|  0%| F|  |TAMS 0x000000071c200000, 0x000000071c200000| Untracked 
| 201|0x000000071c400000, 0x000000071c400000, 0x000000071c600000|  0%| F|  |TAMS 0x000000071c400000, 0x000000071c400000| Untracked 
| 202|0x000000071c600000, 0x000000071c600000, 0x000000071c800000|  0%| F|  |TAMS 0x000000071c600000, 0x000000071c600000| Untracked 
| 203|0x000000071c800000, 0x000000071c800000, 0x000000071ca00000|  0%| F|  |TAMS 0x000000071c800000, 0x000000071c800000| Untracked 
| 204|0x000000071ca00000, 0x000000071ca00000, 0x000000071cc00000|  0%| F|  |TAMS 0x000000071ca00000, 0x000000071ca00000| Untracked 
| 205|0x000000071cc00000, 0x000000071cc00000, 0x000000071ce00000|  0%| F|  |TAMS 0x000000071cc00000, 0x000000071cc00000| Untracked 
| 206|0x000000071ce00000, 0x000000071ce00000, 0x000000071d000000|  0%| F|  |TAMS 0x000000071ce00000, 0x000000071ce00000| Untracked 
| 207|0x000000071d000000, 0x000000071d000000, 0x000000071d200000|  0%| F|  |TAMS 0x000000071d000000, 0x000000071d000000| Untracked 
| 208|0x000000071d200000, 0x000000071d200000, 0x000000071d400000|  0%| F|  |TAMS 0x000000071d200000, 0x000000071d200000| Untracked 
| 209|0x000000071d400000, 0x000000071d400000, 0x000000071d600000|  0%| F|  |TAMS 0x000000071d400000, 0x000000071d400000| Untracked 
| 210|0x000000071d600000, 0x000000071d600000, 0x000000071d800000|  0%| F|  |TAMS 0x000000071d600000, 0x000000071d600000| Untracked 
| 211|0x000000071d800000, 0x000000071d800000, 0x000000071da00000|  0%| F|  |TAMS 0x000000071d800000, 0x000000071d800000| Untracked 
| 212|0x000000071da00000, 0x000000071da00800, 0x000000071dc00000|  0%| E|  |TAMS 0x000000071da00000, 0x000000071da00000| Complete 
| 213|0x000000071dc00000, 0x000000071de00000, 0x000000071de00000|100%| E|CS|TAMS 0x000000071dc00000, 0x000000071dc00000| Complete 
| 214|0x000000071de00000, 0x000000071e000000, 0x000000071e000000|100%| E|CS|TAMS 0x000000071de00000, 0x000000071de00000| Complete 
| 215|0x000000071e000000, 0x000000071e200000, 0x000000071e200000|100%| E|CS|TAMS 0x000000071e000000, 0x000000071e000000| Complete 
| 216|0x000000071e200000, 0x000000071e400000, 0x000000071e400000|100%| E|CS|TAMS 0x000000071e200000, 0x000000071e200000| Complete 
| 217|0x000000071e400000, 0x000000071e600000, 0x000000071e600000|100%| E|CS|TAMS 0x000000071e400000, 0x000000071e400000| Complete 
| 218|0x000000071e600000, 0x000000071e800000, 0x000000071e800000|100%| E|CS|TAMS 0x000000071e600000, 0x000000071e600000| Complete 

Card table byte_map: [0x0000017b33710000,0x0000017b33f00000] _byte_map_base: 0x0000017b2fef7000

Marking Bits (Prev, Next): (CMBitMap*) 0x0000017b204bdd70, (CMBitMap*) 0x0000017b204bddb0
 Prev Bits: [0x0000017b346f0000, 0x0000017b38628000)
 Next Bits: [0x0000017b38630000, 0x0000017b3c568000)

Polling page: 0x0000017b1fb90000

Metaspace:

Usage:
  Non-class:     41.87 MB used.
      Class:      6.18 MB used.
       Both:     48.05 MB used.

Virtual space:
  Non-class space:       64.00 MB reserved,      42.12 MB ( 66%) committed,  1 nodes.
      Class space:        1.00 GB reserved,       6.44 MB ( <1%) committed,  1 nodes.
             Both:        1.06 GB reserved,      48.56 MB (  4%) committed. 

Chunk freelists:
   Non-Class:  5.17 MB
       Class:  9.56 MB
        Both:  14.73 MB

MaxMetaspaceSize: unlimited
CompressedClassSpaceSize: 1.00 GB
Initial GC threshold: 21.00 MB
Current GC threshold: 79.94 MB
CDS: off
MetaspaceReclaimPolicy: balanced
 - commit_granule_bytes: 65536.
 - commit_granule_words: 8192.
 - virtual_space_node_default_size: 8388608.
 - enlarge_chunks_in_place: 1.
 - new_chunks_are_fully_committed: 0.
 - uncommit_free_chunks: 1.
 - use_allocation_guard: 0.
 - handle_deallocations: 1.


Internal statistics:

num_allocs_failed_limit: 3.
num_arena_births: 716.
num_arena_deaths: 30.
num_vsnodes_births: 2.
num_vsnodes_deaths: 0.
num_space_committed: 777.
num_space_uncommitted: 0.
num_chunks_returned_to_freelist: 42.
num_chunks_taken_from_freelist: 2079.
num_chunk_merges: 3.
num_chunk_splits: 1328.
num_chunks_enlarged: 882.
num_inconsistent_stats: 0.

CodeHeap 'non-profiled nmethods': size=120000Kb used=4222Kb max_used=4222Kb free=115777Kb
 bounds [0x0000017b2b6c0000, 0x0000017b2bae0000, 0x0000017b32bf0000]
CodeHeap 'profiled nmethods': size=120000Kb used=15863Kb max_used=15863Kb free=104136Kb
 bounds [0x0000017b23bf0000, 0x0000017b24b70000, 0x0000017b2b120000]
CodeHeap 'non-nmethods': size=5760Kb used=1619Kb max_used=1734Kb free=4140Kb
 bounds [0x0000017b2b120000, 0x0000017b2b390000, 0x0000017b2b6c0000]
 total_blobs=8328 nmethods=7302 adapters=936
 compilation: enabled
              stopped_count=0, restarted_count=0
 full_count=0

Compilation events (20 events):
Event: 88.711 Thread 0x0000017b3f0cc820 8155       3       com.sun.marlin.Helpers$PolyStack::ensureSpace (115 bytes)
Event: 88.712 Thread 0x0000017b3f0cc820 nmethod 8155 0x0000017b24b68310 code [0x0000017b24b684e0, 0x0000017b24b68818]
Event: 88.712 Thread 0x0000017b3f0cc820 8156       1       com.sun.prism.paint.Stop::getColor (5 bytes)
Event: 88.712 Thread 0x0000017b3f0cc820 nmethod 8156 0x0000017b2badf110 code [0x0000017b2badf2a0, 0x0000017b2badf378]
Event: 88.721 Thread 0x0000017b3f0cc820 8157       1       com.sun.prism.Image::getMinX (5 bytes)
Event: 88.721 Thread 0x0000017b3f0cc820 nmethod 8157 0x0000017b2badf410 code [0x0000017b2badf5a0, 0x0000017b2badf678]
Event: 88.721 Thread 0x0000017b3f0cc820 8158       1       com.sun.prism.Image::getMinY (5 bytes)
Event: 88.722 Thread 0x0000017b3f0cc820 nmethod 8158 0x0000017b2badf710 code [0x0000017b2badf8a0, 0x0000017b2badf978]
Event: 88.728 Thread 0x0000017b3f0cc820 8159       3       com.sun.javafx.sg.prism.NGRegion::updateBackgroundInsets (219 bytes)
Event: 88.729 Thread 0x0000017b3f0cc820 nmethod 8159 0x0000017b24b68990 code [0x0000017b24b68c80, 0x0000017b24b69cc8]
Event: 88.749 Thread 0x0000017b3f0cc820 8160       3       java.nio.MappedByteBuffer::<init> (22 bytes)
Event: 88.750 Thread 0x0000017b3f0cc820 nmethod 8160 0x0000017b24b6a290 code [0x0000017b24b6a440, 0x0000017b24b6a5c8]
Event: 88.783 Thread 0x0000017b3f0cc820 8161       3       com.sun.javafx.sg.prism.NGText::computePadding (51 bytes)
Event: 88.784 Thread 0x0000017b3f0cc820 nmethod 8161 0x0000017b24b6a690 code [0x0000017b24b6a8c0, 0x0000017b24b6afe8]
Event: 88.932 Thread 0x0000017b3f0cc820 8162       3       javafx.animation.Transition::doPlayTo (16 bytes)
Event: 88.933 Thread 0x0000017b3f0cc820 nmethod 8162 0x0000017b24b6b190 code [0x0000017b24b6b360, 0x0000017b24b6b708]
Event: 88.933 Thread 0x0000017b3f0cc820 8163       3       javafx.animation.Transition::calculateFraction (29 bytes)
Event: 88.934 Thread 0x0000017b3f0cc820 nmethod 8163 0x0000017b24b6b890 code [0x0000017b24b6ba60, 0x0000017b24b6bca8]
Event: 88.934 Thread 0x0000017b3f0cc820 8164       3       jdk.internal.misc.Unsafe::alignToHeapWordSize (29 bytes)
Event: 88.935 Thread 0x0000017b3f0cc820 nmethod 8164 0x0000017b24b6bd90 code [0x0000017b24b6bf40, 0x0000017b24b6c1e8]

GC Heap History (20 events):
Event: 5.855 GC heap before
{Heap before GC invocations=4 (full 0):
 garbage-first heap   total 260096K, used 126895K [0x0000000703200000, 0x0000000800000000)
  region size 2048K, 22 young (45056K), 5 survivors (10240K)
 Metaspace       used 29247K, committed 29504K, reserved 1114112K
  class space    used 3631K, committed 3776K, reserved 1048576K
}
Event: 5.860 GC heap after
{Heap after GC invocations=5 (full 0):
 garbage-first heap   total 260096K, used 26437K [0x0000000703200000, 0x0000000800000000)
  region size 2048K, 6 young (12288K), 6 survivors (12288K)
 Metaspace       used 29247K, committed 29504K, reserved 1114112K
  class space    used 3631K, committed 3776K, reserved 1048576K
}
Event: 23.212 GC heap before
{Heap before GC invocations=5 (full 0):
 garbage-first heap   total 333824K, used 155461K [0x0000000703200000, 0x0000000800000000)
  region size 2048K, 12 young (24576K), 6 survivors (12288K)
 Metaspace       used 30985K, committed 31232K, reserved 1114112K
  class space    used 3798K, committed 3904K, reserved 1048576K
}
Event: 23.218 GC heap after
{Heap after GC invocations=6 (full 0):
 garbage-first heap   total 333824K, used 17172K [0x0000000703200000, 0x0000000800000000)
  region size 2048K, 4 young (8192K), 4 survivors (8192K)
 Metaspace       used 30985K, committed 31232K, reserved 1114112K
  class space    used 3798K, committed 3904K, reserved 1048576K
}
Event: 29.074 GC heap before
{Heap before GC invocations=6 (full 0):
 garbage-first heap   total 333824K, used 135956K [0x0000000703200000, 0x0000000800000000)
  region size 2048K, 9 young (18432K), 4 survivors (8192K)
 Metaspace       used 31495K, committed 31744K, reserved 1114112K
  class space    used 3839K, committed 3968K, reserved 1048576K
}
Event: 29.078 GC heap after
{Heap after GC invocations=7 (full 0):
 garbage-first heap   total 333824K, used 128921K [0x0000000703200000, 0x0000000800000000)
  region size 2048K, 5 young (10240K), 5 survivors (10240K)
 Metaspace       used 31495K, committed 31744K, reserved 1114112K
  class space    used 3839K, committed 3968K, reserved 1048576K
}
Event: 29.163 GC heap before
{Heap before GC invocations=7 (full 0):
 garbage-first heap   total 333824K, used 165785K [0x0000000703200000, 0x0000000800000000)
  region size 2048K, 6 young (12288K), 5 survivors (10240K)
 Metaspace       used 31495K, committed 31744K, reserved 1114112K
  class space    used 3839K, committed 3968K, reserved 1048576K
}
Event: 29.167 GC heap after
{Heap after GC invocations=8 (full 0):
 garbage-first heap   total 333824K, used 165568K [0x0000000703200000, 0x0000000800000000)
  region size 2048K, 4 young (8192K), 4 survivors (8192K)
 Metaspace       used 31495K, committed 31744K, reserved 1114112K
  class space    used 3839K, committed 3968K, reserved 1048576K
}
Event: 29.441 GC heap before
{Heap before GC invocations=9 (full 0):
 garbage-first heap   total 333824K, used 188096K [0x0000000703200000, 0x0000000800000000)
  region size 2048K, 11 young (22528K), 4 survivors (8192K)
 Metaspace       used 33360K, committed 33664K, reserved 1114112K
  class space    used 4232K, committed 4352K, reserved 1048576K
}
Event: 29.445 GC heap after
{Heap after GC invocations=10 (full 0):
 garbage-first heap   total 333824K, used 177087K [0x0000000703200000, 0x0000000800000000)
  region size 2048K, 5 young (10240K), 5 survivors (10240K)
 Metaspace       used 33360K, committed 33664K, reserved 1114112K
  class space    used 4232K, committed 4352K, reserved 1048576K
}
Event: 31.470 GC heap before
{Heap before GC invocations=11 (full 0):
 garbage-first heap   total 333824K, used 189375K [0x0000000703200000, 0x0000000800000000)
  region size 2048K, 9 young (18432K), 5 survivors (10240K)
 Metaspace       used 34029K, committed 34304K, reserved 1114112K
  class space    used 4325K, committed 4480K, reserved 1048576K
}
Event: 31.479 GC heap after
{Heap after GC invocations=12 (full 0):
 garbage-first heap   total 333824K, used 67696K [0x0000000703200000, 0x0000000800000000)
  region size 2048K, 4 young (8192K), 4 survivors (8192K)
 Metaspace       used 34029K, committed 34304K, reserved 1114112K
  class space    used 4325K, committed 4480K, reserved 1048576K
}
Event: 40.080 GC heap before
{Heap before GC invocations=12 (full 0):
 garbage-first heap   total 333824K, used 227440K [0x0000000703200000, 0x0000000800000000)
  region size 2048K, 41 young (83968K), 4 survivors (8192K)
 Metaspace       used 45794K, committed 46272K, reserved 1114112K
  class space    used 5903K, committed 6144K, reserved 1048576K
}
Event: 40.089 GC heap after
{Heap after GC invocations=13 (full 0):
 garbage-first heap   total 333824K, used 111628K [0x0000000703200000, 0x0000000800000000)
  region size 2048K, 9 young (18432K), 9 survivors (18432K)
 Metaspace       used 45794K, committed 46272K, reserved 1114112K
  class space    used 5903K, committed 6144K, reserved 1048576K
}
Event: 71.580 GC heap before
{Heap before GC invocations=13 (full 0):
 garbage-first heap   total 333824K, used 160780K [0x0000000703200000, 0x0000000800000000)
  region size 2048K, 23 young (47104K), 9 survivors (18432K)
 Metaspace       used 48583K, committed 49088K, reserved 1114112K
  class space    used 6241K, committed 6464K, reserved 1048576K
}
Event: 71.587 GC heap after
{Heap after GC invocations=14 (full 0):
 garbage-first heap   total 333824K, used 116850K [0x0000000703200000, 0x0000000800000000)
  region size 2048K, 2 young (4096K), 2 survivors (4096K)
 Metaspace       used 48583K, committed 49088K, reserved 1114112K
  class space    used 6241K, committed 6464K, reserved 1048576K
}
Event: 71.664 GC heap before
{Heap before GC invocations=14 (full 0):
 garbage-first heap   total 333824K, used 153714K [0x0000000703200000, 0x0000000800000000)
  region size 2048K, 3 young (6144K), 2 survivors (4096K)
 Metaspace       used 48583K, committed 49088K, reserved 1114112K
  class space    used 6241K, committed 6464K, reserved 1048576K
}
Event: 71.666 GC heap after
{Heap after GC invocations=15 (full 0):
 garbage-first heap   total 333824K, used 153087K [0x0000000703200000, 0x0000000800000000)
  region size 2048K, 1 young (2048K), 1 survivors (2048K)
 Metaspace       used 48583K, committed 49088K, reserved 1114112K
  class space    used 6241K, committed 6464K, reserved 1048576K
}
Event: 88.418 GC heap before
{Heap before GC invocations=16 (full 0):
 garbage-first heap   total 333824K, used 157183K [0x0000000703200000, 0x0000000800000000)
  region size 2048K, 8 young (16384K), 1 survivors (2048K)
 Metaspace       used 49094K, committed 49600K, reserved 1114112K
  class space    used 6323K, committed 6592K, reserved 1048576K
}
Event: 88.420 GC heap after
{Heap after GC invocations=17 (full 0):
 garbage-first heap   total 448512K, used 142465K [0x0000000703200000, 0x0000000800000000)
  region size 2048K, 2 young (4096K), 2 survivors (4096K)
 Metaspace       used 49094K, committed 49600K, reserved 1114112K
  class space    used 6323K, committed 6592K, reserved 1048576K
}

Dll operation events (4 events):
Event: 0.008 Loaded shared library C:\Users\dell\.jdks\jbr-17.0.8.1\bin\java.dll
Event: 0.028 Loaded shared library C:\Users\dell\.jdks\jbr-17.0.8.1\bin\jsvml.dll
Event: 0.343 Loaded shared library C:\Users\dell\.jdks\jbr-17.0.8.1\bin\zip.dll
Event: 20.036 Loaded shared library C:\Users\dell\.jdks\jbr-17.0.8.1\bin\verify.dll

Deoptimization events (20 events):
Event: 76.801 Thread 0x0000017b3f242730 DEOPT PACKING pc=0x0000017b2babec84 sp=0x000000317e6fdfe0
Event: 76.801 Thread 0x0000017b3f242730 DEOPT UNPACKING pc=0x0000017b2b1769a3 sp=0x000000317e6fdf60 mode 2
Event: 84.960 Thread 0x0000017b3f242c40 Uncommon trap: trap_request=0xffffffbe fr.pc=0x0000017b2baa8910 relative=0x00000000000074f0
Event: 84.960 Thread 0x0000017b3f242c40 Uncommon trap: reason=profile_predicate action=maybe_recompile pc=0x0000017b2baa8910 method=javafx.scene.CssStyleHelper.transitionToState(Ljavafx/scene/Node;)V @ 291 c2
Event: 84.960 Thread 0x0000017b3f242c40 DEOPT PACKING pc=0x0000017b2baa8910 sp=0x000000317e8fe0e0
Event: 84.960 Thread 0x0000017b3f242c40 DEOPT UNPACKING pc=0x0000017b2b1769a3 sp=0x000000317e8fe058 mode 2
Event: 84.988 Thread 0x0000017b3f242c40 Uncommon trap: trap_request=0xffffffbe fr.pc=0x0000017b2baa8910 relative=0x00000000000074f0
Event: 84.988 Thread 0x0000017b3f242c40 Uncommon trap: reason=profile_predicate action=maybe_recompile pc=0x0000017b2baa8910 method=javafx.scene.CssStyleHelper.transitionToState(Ljavafx/scene/Node;)V @ 291 c2
Event: 84.988 Thread 0x0000017b3f242c40 DEOPT PACKING pc=0x0000017b2baa8910 sp=0x000000317e8fe0e0
Event: 84.988 Thread 0x0000017b3f242c40 DEOPT UNPACKING pc=0x0000017b2b1769a3 sp=0x000000317e8fe058 mode 2
Event: 88.128 Thread 0x0000017b3f242730 Uncommon trap: trap_request=0xffffff45 fr.pc=0x0000017b2b8c4f88 relative=0x00000000000001c8
Event: 88.128 Thread 0x0000017b3f242730 Uncommon trap: reason=unstable_if action=reinterpret pc=0x0000017b2b8c4f88 method=com.sun.javafx.geom.RectBounds.deriveWithNewBounds(FFFFFF)Lcom/sun/javafx/geom/BaseBounds; @ 11 c2
Event: 88.128 Thread 0x0000017b3f242730 DEOPT PACKING pc=0x0000017b2b8c4f88 sp=0x000000317e6fddc0
Event: 88.128 Thread 0x0000017b3f242730 DEOPT UNPACKING pc=0x0000017b2b1769a3 sp=0x000000317e6fdd70 mode 2
Event: 88.592 Thread 0x0000017b3f242c40 DEOPT PACKING pc=0x0000017b245e0147 sp=0x000000317e8fb130
Event: 88.592 Thread 0x0000017b3f242c40 DEOPT UNPACKING pc=0x0000017b2b177143 sp=0x000000317e8fa628 mode 0
Event: 88.593 Thread 0x0000017b3f242c40 DEOPT PACKING pc=0x0000017b245e0147 sp=0x000000317e8fb130
Event: 88.593 Thread 0x0000017b3f242c40 DEOPT UNPACKING pc=0x0000017b2b177143 sp=0x000000317e8fa628 mode 0
Event: 88.594 Thread 0x0000017b3f242c40 DEOPT PACKING pc=0x0000017b245e0147 sp=0x000000317e8fb130
Event: 88.594 Thread 0x0000017b3f242c40 DEOPT UNPACKING pc=0x0000017b2b177143 sp=0x000000317e8fa628 mode 0

Classes unloaded (15 events):
Event: 71.677 Thread 0x0000017b3ea972a0 Unloading class 0x00000008005a6400 'java/lang/invoke/LambdaForm$DMH+0x00000008005a6400'
Event: 71.677 Thread 0x0000017b3ea972a0 Unloading class 0x00000008005a5c00 'java/lang/invoke/LambdaForm$MH+0x00000008005a5c00'
Event: 71.677 Thread 0x0000017b3ea972a0 Unloading class 0x00000008005a5400 'java/lang/invoke/LambdaForm$DMH+0x00000008005a5400'
Event: 71.677 Thread 0x0000017b3ea972a0 Unloading class 0x00000008005a4c00 'java/lang/invoke/LambdaForm$DMH+0x00000008005a4c00'
Event: 71.677 Thread 0x0000017b3ea972a0 Unloading class 0x00000008005a4400 'java/lang/invoke/LambdaForm$DMH+0x00000008005a4400'
Event: 71.677 Thread 0x0000017b3ea972a0 Unloading class 0x0000000800581400 'java/lang/invoke/LambdaForm$DMH+0x0000000800581400'
Event: 71.677 Thread 0x0000017b3ea972a0 Unloading class 0x0000000800538400 'java/lang/invoke/LambdaForm$DMH+0x0000000800538400'
Event: 71.677 Thread 0x0000017b3ea972a0 Unloading class 0x000000080052cc00 'java/lang/invoke/LambdaForm$DMH+0x000000080052cc00'
Event: 71.677 Thread 0x0000017b3ea972a0 Unloading class 0x000000080051c400 'java/lang/invoke/LambdaForm$MH+0x000000080051c400'
Event: 71.677 Thread 0x0000017b3ea972a0 Unloading class 0x000000080051bc00 'java/lang/invoke/LambdaForm$DMH+0x000000080051bc00'
Event: 71.677 Thread 0x0000017b3ea972a0 Unloading class 0x000000080051b000 'java/lang/invoke/LambdaForm$MH+0x000000080051b000'
Event: 71.677 Thread 0x0000017b3ea972a0 Unloading class 0x000000080051a800 'java/lang/invoke/LambdaForm$MH+0x000000080051a800'
Event: 71.677 Thread 0x0000017b3ea972a0 Unloading class 0x0000000800519c00 'java/lang/invoke/LambdaForm$MH+0x0000000800519c00'
Event: 71.677 Thread 0x0000017b3ea972a0 Unloading class 0x0000000800519400 'java/lang/invoke/LambdaForm$MH+0x0000000800519400'
Event: 71.677 Thread 0x0000017b3ea972a0 Unloading class 0x0000000800518000 'java/lang/invoke/LambdaForm$MH+0x0000000800518000'

Classes redefined (0 events):
No events

Internal exceptions (20 events):
Event: 33.424 Thread 0x0000017b4a981d90 Exception <a 'java/lang/NoSuchMethodError'{0x0000000714cd5748}: 'java.lang.Object java.lang.invoke.Invokers$Holder.linkToTargetMethod(java.lang.Object, long, java.lang.Object, java.lang.Object, java.lang.Object, java.lang.Object)'> (0x0000000714cd5748) 
thrown [s\src\hotspot\share\interpreter\linkResolver.cpp, line 771]
Event: 33.424 Thread 0x0000017b74522840 Exception <a 'java/lang/NoSuchMethodError'{0x00000007147d6b30}: 'java.lang.Object java.lang.invoke.Invokers$Holder.linkToTargetMethod(java.lang.Object, long, java.lang.Object, java.lang.Object, java.lang.Object, java.lang.Object)'> (0x00000007147d6b30) 
thrown [s\src\hotspot\share\interpreter\linkResolver.cpp, line 771]
Event: 33.426 Thread 0x0000017b74522840 Exception <a 'java/lang/NoSuchMethodError'{0x00000007144fa838}: 'void java.lang.invoke.DirectMethodHandle$Holder.invokeSpecial(java.lang.Object, java.lang.Object, java.lang.Object, java.lang.Object, java.lang.Object, java.lang.Object, java.lang.Object)'> (0x00000007144fa838) 
thrown [s\src\hotspot\share\interpreter\linkResolver.cpp, line 771]
Event: 33.426 Thread 0x0000017b4a981d90 Exception <a 'java/lang/NoSuchMethodError'{0x0000000714cecad0}: 'void java.lang.invoke.DirectMethodHandle$Holder.invokeSpecial(java.lang.Object, java.lang.Object, java.lang.Object, java.lang.Object, java.lang.Object, java.lang.Object, java.lang.Object)'> (0x0000000714cecad0) 
thrown [s\src\hotspot\share\interpreter\linkResolver.cpp, line 771]
Event: 33.488 Thread 0x0000017b3f242c40 Exception <a 'java/lang/NoSuchMethodError'{0x0000000713fa3018}: 'java.lang.Object java.lang.invoke.DirectMethodHandle$Holder.invokeSpecial(java.lang.Object, java.lang.Object, double, double)'> (0x0000000713fa3018) 
thrown [s\src\hotspot\share\interpreter\linkResolver.cpp, line 771]
Event: 36.942 Thread 0x0000017b3f242c40 Exception <a 'java/io/FileNotFoundException'{0x0000000712cfed08}> (0x0000000712cfed08) 
thrown [s\src\hotspot\share\prims\jni.cpp, line 517]
Event: 40.188 Thread 0x0000017b3f242c40 Exception <a 'java/lang/ClassNotFoundException'{0x00000007174408d0}: com/sun/javafx/scene/control/skin/resources/controls-nt> (0x00000007174408d0) 
thrown [s\src\hotspot\share\prims\jni.cpp, line 536]
Event: 40.188 Thread 0x0000017b3f242c40 Exception <a 'java/lang/ClassNotFoundException'{0x00000007174496c8}: com/sun/javafx/scene/control/skin/resources/controls-nt_fr> (0x00000007174496c8) 
thrown [s\src\hotspot\share\prims\jni.cpp, line 536]
Event: 40.188 Thread 0x0000017b3f242c40 Exception <a 'java/lang/ClassNotFoundException'{0x000000071744b030}: com/sun/javafx/scene/control/skin/resources/controls-nt_fr_FR> (0x000000071744b030) 
thrown [s\src\hotspot\share\prims\jni.cpp, line 536]
Event: 41.991 Thread 0x0000017b3f242c40 Exception <a 'java/io/FileNotFoundException'{0x0000000716b968e0}> (0x0000000716b968e0) 
thrown [s\src\hotspot\share\prims\jni.cpp, line 517]
Event: 44.898 Thread 0x0000017b3f242c40 Exception <a 'sun/nio/fs/WindowsException'{0x00000007167ce800}> (0x00000007167ce800) 
thrown [s\src\hotspot\share\prims\jni.cpp, line 517]
Event: 44.899 Thread 0x0000017b3f242c40 Exception <a 'sun/nio/fs/WindowsException'{0x00000007167d14f8}> (0x00000007167d14f8) 
thrown [s\src\hotspot\share\prims\jni.cpp, line 517]
Event: 44.903 Thread 0x0000017b3f242c40 Exception <a 'java/lang/NoClassDefFoundError'{0x00000007167ee808}: org/apache/log4j/Priority> (0x00000007167ee808) 
thrown [s\src\hotspot\share\classfile\systemDictionary.cpp, line 245]
Event: 71.770 Thread 0x0000017b3f242c40 Exception <a 'java/lang/NoSuchMethodError'{0x00000007172c5f68}: 'java.lang.Object java.lang.invoke.DirectMethodHandle$Holder.invokeSpecial(java.lang.Object, java.lang.Object, long, int, java.lang.Object, java.lang.Object, java.lang.Object, java.lang.Object, java.lang.Object, java.lang.Object, java.lang.Object, java.lang.Object, java.lang.Object, int)'> (0x00000007172c5f68) 
thrown [s\src\hotspot\share\interpreter\linkResolver.cpp, line 771]
Event: 71.770 Thread 0x0000017b3f242c40 Exception <a 'java/lang/NoSuchMethodError'{0x00000007172caab8}: 'java.lang.Object java.lang.invoke.DelegatingMethodHandle$Holder.reinvoke_L(java.lang.Object, long, int, java.lang.Object, java.lang.Object, java.lang.Object, java.lang.Object, java.lang.Object, java.lang.Object, java.lang.Object, java.lang.Object, java.lang.Object, int)'> (0x00000007172caab8) 
thrown [s\src\hotspot\share\interpreter\linkResolver.cpp, line 771]
Event: 71.772 Thread 0x0000017b3f242c40 Exception <a 'java/lang/NoSuchMethodError'{0x0000000717317ec8}: 'java.lang.Object java.lang.invoke.DelegatingMethodHandle$Holder.reinvoke_L(java.lang.Object, int, java.lang.Object, java.lang.Object, java.lang.Object, java.lang.Object, java.lang.Object, java.lang.Object, java.lang.Object, java.lang.Object, java.lang.Object, int)'> (0x0000000717317ec8) 
thrown [s\src\hotspot\share\interpreter\linkResolver.cpp, line 771]
Event: 71.778 Thread 0x0000017b3f242c40 Exception <a 'java/io/FileNotFoundException'{0x000000071735da98}> (0x000000071735da98) 
thrown [s\src\hotspot\share\prims\jni.cpp, line 517]
Event: 71.779 Thread 0x0000017b3f242c40 Exception <a 'java/io/FileNotFoundException'{0x000000071738c3c8}> (0x000000071738c3c8) 
thrown [s\src\hotspot\share\prims\jni.cpp, line 517]
Event: 75.249 Thread 0x0000017b3f242c40 Exception <a 'java/lang/NoSuchMethodError'{0x0000000716b48310}: 'java.lang.Object java.lang.invoke.DirectMethodHandle$Holder.newInvokeSpecial(java.lang.Object, java.lang.Object, java.lang.Object, double, double, double, double, int, int, int, int, int, int, int, int, int)'> (0x0000000716b48310) 
thrown [s\src\hotspot\share\interpreter\linkResolver.cpp, line 771]
Event: 88.597 Thread 0x0000017b3f242c40 Exception <a 'java/io/FileNotFoundException'{0x000000071e2d0400}> (0x000000071e2d0400) 
thrown [s\src\hotspot\share\prims\jni.cpp, line 517]

VM Operations (20 events):
Event: 71.664 Executing VM operation: G1TryInitiateConcMark
Event: 71.666 Executing VM operation: G1TryInitiateConcMark done
Event: 71.677 Executing VM operation: G1PauseRemark
Event: 71.682 Executing VM operation: G1PauseRemark done
Event: 71.687 Executing VM operation: G1PauseCleanup
Event: 71.687 Executing VM operation: G1PauseCleanup done
Event: 71.752 Executing VM operation: HandshakeAllThreads
Event: 71.752 Executing VM operation: HandshakeAllThreads done
Event: 72.751 Executing VM operation: Cleanup
Event: 72.751 Executing VM operation: Cleanup done
Event: 75.753 Executing VM operation: Cleanup
Event: 75.753 Executing VM operation: Cleanup done
Event: 77.753 Executing VM operation: Cleanup
Event: 77.753 Executing VM operation: Cleanup done
Event: 79.755 Executing VM operation: Cleanup
Event: 79.755 Executing VM operation: Cleanup done
Event: 86.757 Executing VM operation: Cleanup
Event: 86.757 Executing VM operation: Cleanup done
Event: 88.417 Executing VM operation: G1TryInitiateConcMark
Event: 88.421 Executing VM operation: G1TryInitiateConcMark done

Events (20 events):
Event: 47.214 loading class jdk/internal/math/FormattedFloatingDecimal$2 done
Event: 47.216 loading class sun/security/ssl/Alert
Event: 47.216 loading class sun/security/ssl/Alert done
Event: 47.217 loading class sun/security/ssl/Alert$AlertConsumer
Event: 47.217 loading class sun/security/ssl/Alert$AlertConsumer done
Event: 47.217 loading class sun/security/ssl/Alert$Level
Event: 47.217 loading class sun/security/ssl/Alert$Level done
Event: 52.571 loading class java/text/StringCharacterIterator
Event: 52.571 loading class java/text/StringCharacterIterator done
Event: 56.310 Thread 0x0000017b4b087100 Thread added: 0x0000017b4b087100
Event: 59.136 Thread 0x0000017b4b087100 Thread exited: 0x0000017b4b087100
Event: 71.787 Thread 0x0000017b4b0880f0 Thread added: 0x0000017b4b0880f0
Event: 71.808 loading class javax/crypto/NoSuchPaddingException
Event: 71.808 loading class javax/crypto/NoSuchPaddingException done
Event: 71.808 loading class javax/crypto/IllegalBlockSizeException
Event: 71.808 loading class javax/crypto/IllegalBlockSizeException done
Event: 71.877 Thread 0x0000017b4b085bc0 Thread added: 0x0000017b4b085bc0
Event: 72.801 Thread 0x0000017b4b085bc0 Thread exited: 0x0000017b4b085bc0
Event: 72.801 Thread 0x0000017b4b0880f0 Thread exited: 0x0000017b4b0880f0
Event: 88.604 Thread 0x0000017b4b0880f0 Thread added: 0x0000017b4b0880f0


Dynamic libraries:
0x00007ff7a40e0000 - 0x00007ff7a40ea000 	C:\Users\dell\.jdks\jbr-17.0.8.1\bin\java.exe
0x00007ff89de30000 - 0x00007ff89e028000 	C:\WINDOWS\SYSTEM32\ntdll.dll
0x00007ff89c170000 - 0x00007ff89c22d000 	C:\WINDOWS\System32\KERNEL32.DLL
0x00007ff89b810000 - 0x00007ff89bb06000 	C:\WINDOWS\System32\KERNELBASE.dll
0x00007ff89b6c0000 - 0x00007ff89b7c0000 	C:\WINDOWS\System32\ucrtbase.dll
0x00007ff896980000 - 0x00007ff89699b000 	C:\Users\dell\.jdks\jbr-17.0.8.1\bin\VCRUNTIME140.dll
0x00007ff8969a0000 - 0x00007ff8969b7000 	C:\Users\dell\.jdks\jbr-17.0.8.1\bin\jli.dll
0x00007ff89c620000 - 0x00007ff89c7bf000 	C:\WINDOWS\System32\USER32.dll
0x00007ff89b4e0000 - 0x00007ff89b502000 	C:\WINDOWS\System32\win32u.dll
0x00007ff8899f0000 - 0x00007ff889c8a000 	C:\WINDOWS\WinSxS\amd64_microsoft.windows.common-controls_6595b64144ccf1df_6.0.19041.3636_none_60b6a03d71f818d5\COMCTL32.dll
0x00007ff89d8c0000 - 0x00007ff89d8eb000 	C:\WINDOWS\System32\GDI32.dll
0x00007ff89c990000 - 0x00007ff89ca2e000 	C:\WINDOWS\System32\msvcrt.dll
0x00007ff89bb40000 - 0x00007ff89bc57000 	C:\WINDOWS\System32\gdi32full.dll
0x00007ff89bdc0000 - 0x00007ff89be5d000 	C:\WINDOWS\System32\msvcp_win.dll
0x00007ff89d6e0000 - 0x00007ff89d712000 	C:\WINDOWS\System32\IMM32.DLL
0x00000000766d0000 - 0x00000000766dc000 	C:\Program Files (x86)\360\Total Security\safemon\SafeWrapper.dll
0x00007ff89d9e0000 - 0x00007ff89da90000 	C:\WINDOWS\System32\ADVAPI32.dll
0x00007ff89c440000 - 0x00007ff89c4e0000 	C:\WINDOWS\System32\sechost.dll
0x00007ff89d790000 - 0x00007ff89d8b3000 	C:\WINDOWS\System32\RPCRT4.dll
0x00007ff89bb10000 - 0x00007ff89bb37000 	C:\WINDOWS\System32\bcrypt.dll
0x00007ff85f760000 - 0x00007ff85f7f2000 	C:\Program Files (x86)\360\Total Security\safemon\libzdtp64.dll
0x00007ff89cf70000 - 0x00007ff89d6db000 	C:\WINDOWS\System32\SHELL32.dll
0x00007ff89c5a0000 - 0x00007ff89c5f5000 	C:\WINDOWS\System32\SHLWAPI.dll
0x00007ff89b210000 - 0x00007ff89b21a000 	C:\WINDOWS\SYSTEM32\VERSION.dll
0x00007ff8977c0000 - 0x00007ff8977cc000 	C:\Users\dell\.jdks\jbr-17.0.8.1\bin\vcruntime140_1.dll
0x00007ff87eb00000 - 0x00007ff87eb8d000 	C:\Users\dell\.jdks\jbr-17.0.8.1\bin\msvcp140.dll
0x00007ff8537f0000 - 0x00007ff854473000 	C:\Users\dell\.jdks\jbr-17.0.8.1\bin\server\jvm.dll
0x00007ff8806d0000 - 0x00007ff8806f7000 	C:\WINDOWS\SYSTEM32\WINMM.dll
0x00007ff87a270000 - 0x00007ff87a279000 	C:\WINDOWS\SYSTEM32\WSOCK32.dll
0x00007ff89b1b0000 - 0x00007ff89b1fb000 	C:\WINDOWS\SYSTEM32\POWRPROF.dll
0x00007ff89d720000 - 0x00007ff89d78b000 	C:\WINDOWS\System32\WS2_32.dll
0x00007ff89b190000 - 0x00007ff89b1a2000 	C:\WINDOWS\SYSTEM32\UMPDC.dll
0x00007ff899c80000 - 0x00007ff899c92000 	C:\WINDOWS\SYSTEM32\kernel.appcore.dll
0x00007ff896970000 - 0x00007ff89697a000 	C:\Users\dell\.jdks\jbr-17.0.8.1\bin\jimage.dll
0x00007ff8991c0000 - 0x00007ff8993a4000 	C:\WINDOWS\SYSTEM32\DBGHELP.DLL
0x00007ff882d60000 - 0x00007ff882d94000 	C:\WINDOWS\SYSTEM32\dbgcore.DLL
0x00007ff89b630000 - 0x00007ff89b6b2000 	C:\WINDOWS\System32\bcryptPrimitives.dll
0x00007ff893e30000 - 0x00007ff893e3e000 	C:\Users\dell\.jdks\jbr-17.0.8.1\bin\instrument.dll
0x00007ff8913e0000 - 0x00007ff891405000 	C:\Users\dell\.jdks\jbr-17.0.8.1\bin\java.dll
0x00007ff894b30000 - 0x00007ff894b48000 	C:\Users\dell\.jdks\jbr-17.0.8.1\bin\zip.dll
0x00007ff85fcd0000 - 0x00007ff85fda7000 	C:\Users\dell\.jdks\jbr-17.0.8.1\bin\jsvml.dll
0x00007ff8994e0000 - 0x00007ff899c7e000 	C:\WINDOWS\SYSTEM32\windows.storage.dll
0x00007ff89da90000 - 0x00007ff89dde3000 	C:\WINDOWS\System32\combase.dll
0x00007ff89ae30000 - 0x00007ff89ae5e000 	C:\WINDOWS\SYSTEM32\Wldp.dll
0x00007ff89cea0000 - 0x00007ff89cf6d000 	C:\WINDOWS\System32\OLEAUT32.dll
0x00007ff89c030000 - 0x00007ff89c0dd000 	C:\WINDOWS\System32\SHCORE.dll
0x00007ff89b410000 - 0x00007ff89b433000 	C:\WINDOWS\SYSTEM32\profapi.dll
0x00007ff893d60000 - 0x00007ff893d79000 	C:\Users\dell\.jdks\jbr-17.0.8.1\bin\net.dll
0x00007ff895450000 - 0x00007ff89555a000 	C:\WINDOWS\SYSTEM32\WINHTTP.dll
0x00007ff89ab90000 - 0x00007ff89abfa000 	C:\WINDOWS\system32\mswsock.dll
0x00007ff893ce0000 - 0x00007ff893cf6000 	C:\Users\dell\.jdks\jbr-17.0.8.1\bin\nio.dll
0x00007ff891e30000 - 0x00007ff891e4a000 	C:\Program Files\JetBrains\IntelliJ IDEA 2023.2.2\bin\breakgen64.dll
0x0000017b203b0000 - 0x0000017b203b3000 	C:\Users\dell\.openjfx\cache\17.0.6\api-ms-win-core-console-l1-1-0.dll
0x0000017b203c0000 - 0x0000017b203c3000 	C:\Users\dell\.openjfx\cache\17.0.6\api-ms-win-core-console-l1-2-0.dll
0x0000017b203d0000 - 0x0000017b203d3000 	C:\Users\dell\.openjfx\cache\17.0.6\api-ms-win-core-datetime-l1-1-0.dll
0x0000017b3fe60000 - 0x0000017b3fe63000 	C:\Users\dell\.openjfx\cache\17.0.6\api-ms-win-core-debug-l1-1-0.dll
0x0000017b3fe70000 - 0x0000017b3fe73000 	C:\Users\dell\.openjfx\cache\17.0.6\api-ms-win-core-errorhandling-l1-1-0.dll
0x0000017b3fe80000 - 0x0000017b3fe84000 	C:\Users\dell\.openjfx\cache\17.0.6\api-ms-win-core-file-l1-1-0.dll
0x0000017b3fe90000 - 0x0000017b3fe93000 	C:\Users\dell\.openjfx\cache\17.0.6\api-ms-win-core-file-l1-2-0.dll
0x0000017b3fea0000 - 0x0000017b3fea3000 	C:\Users\dell\.openjfx\cache\17.0.6\api-ms-win-core-file-l2-1-0.dll
0x0000017b3feb0000 - 0x0000017b3feb3000 	C:\Users\dell\.openjfx\cache\17.0.6\api-ms-win-core-handle-l1-1-0.dll
0x0000017b3fec0000 - 0x0000017b3fec3000 	C:\Users\dell\.openjfx\cache\17.0.6\api-ms-win-core-heap-l1-1-0.dll
0x0000017b3fed0000 - 0x0000017b3fed3000 	C:\Users\dell\.openjfx\cache\17.0.6\api-ms-win-core-interlocked-l1-1-0.dll
0x0000017b3fee0000 - 0x0000017b3fee3000 	C:\Users\dell\.openjfx\cache\17.0.6\api-ms-win-core-libraryloader-l1-1-0.dll
0x0000017b3fef0000 - 0x0000017b3fef3000 	C:\Users\dell\.openjfx\cache\17.0.6\api-ms-win-core-localization-l1-2-0.dll
0x0000017b3ff00000 - 0x0000017b3ff03000 	C:\Users\dell\.openjfx\cache\17.0.6\api-ms-win-core-memory-l1-1-0.dll
0x0000017b3ff10000 - 0x0000017b3ff13000 	C:\Users\dell\.openjfx\cache\17.0.6\api-ms-win-core-namedpipe-l1-1-0.dll
0x0000017b3ff20000 - 0x0000017b3ff23000 	C:\Users\dell\.openjfx\cache\17.0.6\api-ms-win-core-processenvironment-l1-1-0.dll
0x0000017b3ff30000 - 0x0000017b3ff33000 	C:\Users\dell\.openjfx\cache\17.0.6\api-ms-win-core-processthreads-l1-1-0.dll
0x0000017b3ff40000 - 0x0000017b3ff43000 	C:\Users\dell\.openjfx\cache\17.0.6\api-ms-win-core-processthreads-l1-1-1.dll
0x0000017b3ff50000 - 0x0000017b3ff53000 	C:\Users\dell\.openjfx\cache\17.0.6\api-ms-win-core-profile-l1-1-0.dll
0x0000017b3ff60000 - 0x0000017b3ff63000 	C:\Users\dell\.openjfx\cache\17.0.6\api-ms-win-core-rtlsupport-l1-1-0.dll
0x0000017b3ff70000 - 0x0000017b3ff73000 	C:\Users\dell\.openjfx\cache\17.0.6\api-ms-win-core-string-l1-1-0.dll
0x0000017b3ff80000 - 0x0000017b3ff83000 	C:\Users\dell\.openjfx\cache\17.0.6\api-ms-win-core-synch-l1-1-0.dll
0x0000017b3ff90000 - 0x0000017b3ff93000 	C:\Users\dell\.openjfx\cache\17.0.6\api-ms-win-core-synch-l1-2-0.dll
0x0000017b3ffa0000 - 0x0000017b3ffa3000 	C:\Users\dell\.openjfx\cache\17.0.6\api-ms-win-core-sysinfo-l1-1-0.dll
0x0000017b3ffb0000 - 0x0000017b3ffb3000 	C:\Users\dell\.openjfx\cache\17.0.6\api-ms-win-core-timezone-l1-1-0.dll
0x0000017b3ffc0000 - 0x0000017b3ffc3000 	C:\Users\dell\.openjfx\cache\17.0.6\api-ms-win-core-util-l1-1-0.dll
0x0000017b3ffd0000 - 0x0000017b3ffd3000 	C:\Users\dell\.openjfx\cache\17.0.6\api-ms-win-crt-conio-l1-1-0.dll
0x0000017b3ffe0000 - 0x0000017b3ffe4000 	C:\Users\dell\.openjfx\cache\17.0.6\api-ms-win-crt-convert-l1-1-0.dll
0x0000017b3fff0000 - 0x0000017b3fff3000 	C:\Users\dell\.openjfx\cache\17.0.6\api-ms-win-crt-environment-l1-1-0.dll
0x0000017b44fd0000 - 0x0000017b44fd3000 	C:\Users\dell\.openjfx\cache\17.0.6\api-ms-win-crt-filesystem-l1-1-0.dll
0x0000017b44fe0000 - 0x0000017b44fe3000 	C:\Users\dell\.openjfx\cache\17.0.6\api-ms-win-crt-heap-l1-1-0.dll
0x0000017b44ff0000 - 0x0000017b44ff3000 	C:\Users\dell\.openjfx\cache\17.0.6\api-ms-win-crt-locale-l1-1-0.dll
0x0000017b45000000 - 0x0000017b45005000 	C:\Users\dell\.openjfx\cache\17.0.6\api-ms-win-crt-math-l1-1-0.dll
0x0000017b45010000 - 0x0000017b45015000 	C:\Users\dell\.openjfx\cache\17.0.6\api-ms-win-crt-multibyte-l1-1-0.dll
0x0000017b45020000 - 0x0000017b45030000 	C:\Users\dell\.openjfx\cache\17.0.6\api-ms-win-crt-private-l1-1-0.dll
0x0000017b45030000 - 0x0000017b45033000 	C:\Users\dell\.openjfx\cache\17.0.6\api-ms-win-crt-process-l1-1-0.dll
0x0000017b45040000 - 0x0000017b45044000 	C:\Users\dell\.openjfx\cache\17.0.6\api-ms-win-crt-runtime-l1-1-0.dll
0x0000017b45050000 - 0x0000017b45054000 	C:\Users\dell\.openjfx\cache\17.0.6\api-ms-win-crt-stdio-l1-1-0.dll
0x0000017b45060000 - 0x0000017b45064000 	C:\Users\dell\.openjfx\cache\17.0.6\api-ms-win-crt-string-l1-1-0.dll
0x0000017b45070000 - 0x0000017b45073000 	C:\Users\dell\.openjfx\cache\17.0.6\api-ms-win-crt-time-l1-1-0.dll
0x0000017b45080000 - 0x0000017b45083000 	C:\Users\dell\.openjfx\cache\17.0.6\api-ms-win-crt-utility-l1-1-0.dll
0x00007ff85a160000 - 0x00007ff85a25c000 	C:\Users\dell\.openjfx\cache\17.0.6\ucrtbase.dll
0x00007ff8888e0000 - 0x00007ff8888fa000 	C:\Users\dell\.openjfx\cache\17.0.6\vcruntime140.dll
0x00007ff893960000 - 0x00007ff89396c000 	C:\Users\dell\.openjfx\cache\17.0.6\vcruntime140_1.dll
0x00007ff8604c0000 - 0x00007ff86054d000 	C:\Users\dell\.openjfx\cache\17.0.6\msvcp140.dll
0x00007ff891380000 - 0x00007ff891389000 	C:\Users\dell\.openjfx\cache\17.0.6\msvcp140_1.dll
0x00007ff86af50000 - 0x00007ff86af7f000 	C:\Users\dell\.openjfx\cache\17.0.6\msvcp140_2.dll
0x00007ff865da0000 - 0x00007ff865dca000 	C:\Users\dell\.openjfx\cache\17.0.6\prism_d3d.dll
0x00007ff882a70000 - 0x00007ff882c3d000 	C:\WINDOWS\system32\d3d9.dll
0x00007ff898e10000 - 0x00007ff898e3f000 	C:\WINDOWS\SYSTEM32\dwmapi.dll
0x00007ff898a50000 - 0x00007ff898aee000 	C:\WINDOWS\system32\uxtheme.dll
0x00007ff85bc10000 - 0x00007ff85bd75000 	C:\WINDOWS\System32\DriverStore\FileRepository\iigd_dch.inf_amd64_4de65d949492707a\igdumdim64.dll
0x00007ff89c310000 - 0x00007ff89c43b000 	C:\WINDOWS\System32\ole32.dll
0x00007ff836620000 - 0x00007ff83a2ab000 	C:\WINDOWS\System32\DriverStore\FileRepository\iigd_dch.inf_amd64_4de65d949492707a\igd9dxva64.dll
0x00007ff89ca30000 - 0x00007ff89ce9e000 	C:\WINDOWS\System32\SETUPAPI.dll
0x00007ff89b7c0000 - 0x00007ff89b80e000 	C:\WINDOWS\System32\cfgmgr32.dll
0x00007ff8907a0000 - 0x00007ff890ad6000 	C:\WINDOWS\System32\DriverStore\FileRepository\iigd_dch.inf_amd64_4de65d949492707a\igdgmm64.dll
0x00007ff85fe50000 - 0x00007ff85fe92000 	C:\Users\dell\.openjfx\cache\17.0.6\glass.dll
0x00007ff89c230000 - 0x00007ff89c30a000 	C:\WINDOWS\System32\COMDLG32.dll
0x00007ff89be60000 - 0x00007ff89bf75000 	C:\WINDOWS\System32\MSCTF.dll
0x00007ff890410000 - 0x00007ff890437000 	C:\WINDOWS\System32\DriverStore\FileRepository\iigd_dch.inf_amd64_4de65d949492707a\igdinfo64.dll
0x00007ff88c130000 - 0x00007ff88eebf000 	C:\WINDOWS\System32\DriverStore\FileRepository\iigd_dch.inf_amd64_4de65d949492707a\igc64.dll
0x00007ff892560000 - 0x00007ff89259b000 	C:\WINDOWS\SYSTEM32\dxcore.dll
0x00007ff863740000 - 0x00007ff86376d000 	C:\Users\dell\.openjfx\cache\17.0.6\javafx_iio.dll
0x00007ff882e30000 - 0x00007ff882e44000 	C:\Users\dell\.openjfx\cache\17.0.6\javafx_font.dll
0x00007ff88b100000 - 0x00007ff88b37f000 	C:\WINDOWS\SYSTEM32\dwrite.dll
0x00007ff89a8b0000 - 0x00007ff89a97b000 	C:\WINDOWS\SYSTEM32\DNSAPI.dll
0x00007ff89a870000 - 0x00007ff89a8ab000 	C:\WINDOWS\SYSTEM32\IPHLPAPI.DLL
0x00007ff89c0e0000 - 0x00007ff89c0e8000 	C:\WINDOWS\System32\NSI.dll
0x00007ff890740000 - 0x00007ff89074a000 	C:\Windows\System32\rasadhlp.dll
0x00007ff88aa80000 - 0x00007ff88ab00000 	C:\WINDOWS\System32\fwpuclnt.dll
0x00007ff89bf80000 - 0x00007ff89c029000 	C:\WINDOWS\System32\clbcatq.dll
0x00007ff895b80000 - 0x00007ff895d34000 	C:\WINDOWS\SYSTEM32\WindowsCodecs.dll
0x00007ff8768f0000 - 0x00007ff87692e000 	C:\WINDOWS\system32\dataexchange.dll
0x00007ff8974f0000 - 0x00007ff897753000 	C:\WINDOWS\system32\d3d11.dll
0x00007ff897e50000 - 0x00007ff898035000 	C:\WINDOWS\system32\dcomp.dll

dbghelp: loaded successfully - version: 4.0.5 - missing functions: none
symbol engine: initialized successfully - sym options: 0x614 - pdb path: .;C:\Users\dell\.jdks\jbr-17.0.8.1\bin;C:\WINDOWS\SYSTEM32;C:\WINDOWS\WinSxS\amd64_microsoft.windows.common-controls_6595b64144ccf1df_6.0.19041.3636_none_60b6a03d71f818d5;C:\Program Files (x86)\360\Total Security\safemon;C:\Users\dell\.jdks\jbr-17.0.8.1\bin\server;C:\Program Files\JetBrains\IntelliJ IDEA 2023.2.2\bin;C:\Users\dell\.openjfx\cache\17.0.6;C:\WINDOWS\System32\DriverStore\FileRepository\iigd_dch.inf_amd64_4de65d949492707a;C:\Program Files\Common Files\Microsoft Shared\Ink

VM Arguments:
jvm_args: -javaagent:C:\Program Files\JetBrains\IntelliJ IDEA 2023.2.2\lib\idea_rt.jar=54959:C:\Program Files\JetBrains\IntelliJ IDEA 2023.2.2\bin -Dfile.encoding=UTF-8 --module-path=C:\Users\dell\.m2\repository\org\openjfx\javafx-web\17.0.6\javafx-web-17.0.6-win.jar;C:\Users\dell\.m2\repository\com\google\oauth-client\google-oauth-client\1.34.1\google-oauth-client-1.34.1.jar;C:\Users\dell\.m2\repository\org\apache\httpcomponents\httpcore\4.4.13\httpcore-4.4.13.jar;C:\Users\dell\.m2\repository\com\zaxxer\SparseBitSet\1.2\SparseBitSet-1.2.jar;C:\Users\dell\.m2\repository\org\testng\testng\7.10.2\testng-7.10.2.jar;C:\Users\dell\.m2\repository\org\json\json\20210307\json-20210307.jar;C:\Users\dell\.m2\repository\org\opentest4j\opentest4j\1.2.0\opentest4j-1.2.0.jar;C:\Users\dell\.m2\repository\com\google\zxing\core\3.4.1\core-3.4.1.jar;C:\Users\dell\.m2\repository\com\mysql\mysql-connector-j\8.2.0\mysql-connector-j-8.2.0.jar;C:\Users\dell\.m2\repository\org\openjfx\javafx-fxml\17.0.6\javafx-fxml-17.0.6-win.jar;C:\Users\dell\.m2\repository\org\glassfish\jakarta.json\2.0.1\jakarta.json-2.0.1.jar;C:\Users\dell\.m2\repository\jakarta\json\jakarta.json-api\2.0.1\jakarta.json-api-2.0.1.jar;C:\Users\dell\.m2\repository\com\google\api-client\google-api-client\2.0.0\google-api-client-2.0.0.jar;C:\Users\dell\.m2\repository\org\junit\platform\junit-platform-commons\1.9.2\junit-platform-commons-1.9.2.jar;F:\TJv2\TJv2\target\classes;C:\Users\dell\.m2\repository\org\glassfish\javax.json\1.1.4\javax.json-1.1.4.jar;C:\Users\dell\.m2\repository\commons-codec\commons-codec\1.11\commons-codec-1.11.jar;C:\Users\dell\.m2\repository\com\twilio\sdk\twilio\8.22.0\twilio-8.22.0.jar;C:\Users\dell\.m2\repository\org\apache\xmlbeans\xmlbeans\5.1.1\xmlbeans-5.1.1.jar;C:\Users\dell\.m2\repository\org\apache\pdfbox\fontbox\2.0.26\fontbox-2.0.26.jar;C:\Users\dell\.m2\repository\com\sun\mail\javax.mail\1.6.2\javax.mail-1.6.2.jar;C:\Users\dell\.m2\repository\com\google\http-client\google-http-client-gson\1.42.1\google-http-client-gson-1.42.1.jar;C:\Users\dell\.m2\repository\com\google\apis\google-api-services-gmail\v1-rev20220404-2.0.0\google-api-services-gmail-v1-rev-Djdk.module.main=com.example.tourjoy 
java_command: com.example.tourjoy/com.example.javafx.HelloApplication
java_class_path (initial): C:\Users\dell\.m2\repository\org\openjfx\javafx-controls\17.0.6\javafx-controls-17.0.6.jar;C:\Users\dell\.m2\repository\org\openjfx\javafx-graphics\17.0.6\javafx-graphics-17.0.6.jar;C:\Users\dell\.m2\repository\org\openjfx\javafx-base\17.0.6\javafx-base-17.0.6.jar;C:\Users\dell\.m2\repository\org\openjfx\javafx-web\17.0.6\javafx-web-17.0.6.jar;C:\Users\dell\.m2\repository\org\openjfx\javafx-media\17.0.6\javafx-media-17.0.6.jar;C:\Users\dell\.m2\repository\org\jfxtras\jfxtras-agenda\8.0-r6\jfxtras-agenda-8.0-r6.jar;C:\Users\dell\.m2\repository\org\jfxtras\jfxtras-controls\8.0-r6\jfxtras-controls-8.0-r6.jar;C:\Users\dell\.m2\repository\org\jfxtras\jfxtras-common\8.0-r6\jfxtras-common-8.0-r6.jar;C:\Users\dell\.m2\repository\org\jfxtras\jfxtras-fxml\8.0-r6\jfxtras-fxml-8.0-r6.jar;C:\Users\dell\.m2\repository\commons-logging\commons-logging\1.2\commons-logging-1.2.jar;C:\Users\dell\.m2\repository\com\google\guava\guava\25.1-android\guava-25.1-android.jar;C:\Users\dell\.m2\repository\com\google\code\findbugs\jsr305\3.0.2\jsr305-3.0.2.jar;C:\Users\dell\.m2\repository\org\checkerframework\checker-compat-qual\2.0.0\checker-compat-qual-2.0.0.jar;C:\Users\dell\.m2\repository\com\google\errorprone\error_prone_annotations\2.1.3\error_prone_annotations-2.1.3.jar;C:\Users\dell\.m2\repository\com\google\j2objc\j2objc-annotations\1.1\j2objc-annotations-1.1.jar;C:\Users\dell\.m2\repository\org\codehaus\mojo\animal-sniffer-annotations\1.14\animal-sniffer-annotations-1.14.jar;C:\Users\dell\.m2\repository\com\github\virtuald\curvesapi\1.07\curvesapi-1.07.jar;C:\Users\dell\.m2\repository\com\gluonhq\attach\util\4.0.9\util-4.0.9.jar;C:\Users\dell\.m2\repository\com\squareup\okhttp3\okhttp\4.9.3\okhttp-4.9.3.jar;C:\Users\dell\.m2\repository\com\squareup\okio\okio\2.8.0\okio-2.8.0.jar;C:\Users\dell\.m2\repository\org\jetbrains\kotlin\kotlin-stdlib-common\1.4.0\kotlin-stdlib-common-1.4.0.jar;C:\Users\dell\.m2\repository\org\jetbrains\kotlin\kotlin-stdlib\1.4.10\k
Launcher Type: SUN_STANDARD

[Global flags]
     intx CICompilerCount                          = 4                                         {product} {ergonomic}
     uint ConcGCThreads                            = 2                                         {product} {ergonomic}
     uint G1ConcRefinementThreads                  = 8                                         {product} {ergonomic}
   size_t G1HeapRegionSize                         = 2097152                                   {product} {ergonomic}
    uintx GCDrainStackTargetSize                   = 64                                        {product} {ergonomic}
   size_t InitialHeapSize                          = 266338304                                 {product} {ergonomic}
   size_t MarkStackSize                            = 4194304                                   {product} {ergonomic}
   size_t MaxHeapSize                              = 4242538496                                {product} {ergonomic}
   size_t MaxNewSize                               = 2543845376                                {product} {ergonomic}
   size_t MinHeapDeltaBytes                        = 2097152                                   {product} {ergonomic}
   size_t MinHeapSize                              = 8388608                                   {product} {ergonomic}
    uintx NonNMethodCodeHeapSize                   = 5839372                                {pd product} {ergonomic}
    uintx NonProfiledCodeHeapSize                  = 122909434                              {pd product} {ergonomic}
    uintx ProfiledCodeHeapSize                     = 122909434                              {pd product} {ergonomic}
    uintx ReservedCodeCacheSize                    = 251658240                              {pd product} {ergonomic}
     bool SegmentedCodeCache                       = true                                      {product} {ergonomic}
   size_t SoftMaxHeapSize                          = 4242538496                             {manageable} {ergonomic}
     bool UseCompressedClassPointers               = true                           {product lp64_product} {ergonomic}
     bool UseCompressedOops                        = true                           {product lp64_product} {ergonomic}
     bool UseG1GC                                  = true                                      {product} {ergonomic}
     bool UseLargePagesIndividualAllocation        = false                                  {pd product} {ergonomic}

Logging:
Log output configuration:
 #0: stdout all=warning uptime,level,tags
 #1: stderr all=off uptime,level,tags

Environment Variables:
PATH=C:\oraclexe\app\oracle\product\11.2.0\server\bin;;C:\Program Files (x86)\VMware\VMware Player\bin\;C:\oraclexe\app\oracle\product\11.2.0\server\bin;C:\Program Files (x86)\Common Files\Intel\Shared Libraries\redist\intel64\compiler;C:\WINDOWS\system32;C:\WINDOWS;C:\WINDOWS\System32\Wbem;C:\WINDOWS\System32\WindowsPowerShell\v1.0\;C:\WINDOWS\System32\OpenSSH\;C:\Program Files (x86)\NVIDIA Corporation\PhysX\Common;C:\Program Files\NVIDIA Corporation\NVIDIA NvDLISR;C:\xampp\php;C:\Program Files\dotnet\;C:\Strawberry\c\bin;C:\Strawberry\perl\site\bin;C:\Strawberry\perl\bin;C:\instantclient12_2;C:\oraclexe\app\oracle\admin\XE;C:\oraclexe;C:\Program Files\Git\cmd;C:\Users\dell\.jdks\jbr-17.0.8.1\bin;C:\ProgramData\ComposerSetup\bin;C:\Users\dell\scoop\shims;C:\Program Files\MySQL\MySQL Shell 8.0\bin\;C:\Users\dell\AppData\Local\Microsoft\WindowsApps;C:\Users\dell\AppData\Local\Programs\Microsoft VS Code\bin;C:\Users\dell\AppData\Roaming\Composer\vendor\bin;C:\Flex Windows\gcc\bin;C:\Flex Windows\Lex\bin;C:\Flex Windows\bison\bin
USERNAME=dell
OS=Windows_NT
PROCESSOR_IDENTIFIER=Intel64 Family 6 Model 165 Stepping 2, GenuineIntel
TMP=C:\Users\dell\AppData\Local\Temp
TEMP=C:\Users\dell\AppData\Local\Temp


JNI global refs:
JNI global refs: 87, weak refs: 3

JNI global refs memory usage: 1475, weak refs: 841

OOME stack traces (most recent first):
Classloader memory used:
Loader bootstrap                                                                       : 2975K
Loader jdk.internal.loader.ClassLoaders$AppClassLoader                                 : 2808K
Loader jdk.internal.loader.ClassLoaders$PlatformClassLoader                            : 342K
Loader jdk.internal.reflect.DelegatingClassLoader                                      : 23651B
Loader com.sun.javafx.reflect.MethodUtil                                               : 510B


[error occurred during error reporting (Classloader stats), id 0xe0000001, Out of Memory Error (s\src\hotspot\share\memory\arena.cpp:78)]


---------------  S Y S T E M  ---------------

OS:
 Windows 10 , 64 bit Build 19041 (10.0.19041.3636)
OS uptime: 2 days 2:29 hours

CPU: total 8 (initial active 8) (4 cores per cpu, 2 threads per core) family 6 model 165 stepping 2 microcode 0xf8, cx8, cmov, fxsr, ht, mmx, 3dnowpref, sse, sse2, sse3, ssse3, sse4.1, sse4.2, popcnt, lzcnt, tsc, tscinvbit, avx, avx2, aes, erms, clmul, bmi1, bmi2, adx, fma, vzeroupper, clflush, clflushopt
Processor Information for all 8 processors :
  Max Mhz: 2496, Current Mhz: 2496, Mhz Limit: 2496

Memory: 4k page, system-wide physical 16177M (3147M free)
TotalPageFile size 25101M (AvailPageFile size 0M)
current process WorkingSet (physical memory assigned to process): 1194M, peak: 1200M
current process commit charge ("private bytes"): 1296M, peak: 1305M

vm_info: OpenJDK 64-Bit Server VM (17.0.8.1+7-b1059.3) for windows-amd64 JRE (17.0.8.1+7-b1059.3), built on 2023-09-11 by "builduser" with MS VC++ 16.10 / 16.11 (VS2019)

END.
