#
# There is insufficient memory for the Java Runtime Environment to continue.
# Native memory allocation (malloc) failed to allocate 1592992 bytes for Chunk::new
# Possible reasons:
#   The system is out of physical RAM or swap space
#   The process is running with CompressedOops enabled, and the Java Heap may be blocking the growth of the native heap
# Possible solutions:
#   Reduce memory load on the system
#   Increase physical memory or swap space
#   Check if swap backing store is full
#   Decrease Java heap size (-Xmx/-Xms)
#   Decrease number of Java threads
#   Decrease Java thread stack sizes (-Xss)
#   Set larger code cache with -XX:ReservedCodeCacheSize=
#   JVM is running with Zero Based Compressed Oops mode in which the Java heap is
#     placed in the first 32GB address space. The Java Heap base address is the
#     maximum limit for the native heap growth. Please use -XX:HeapBaseMinAddress
#     to set the Java Heap base and to place the Java Heap above 32GB virtual address.
# This output file may be truncated or incomplete.
#
#  Out of Memory Error (arena.cpp:189), pid=12892, tid=9204
#
# JRE version: OpenJDK Runtime Environment JBR-17.0.8.1+7-1059.3-nomod (17.0.8.1+7) (build 17.0.8.1+7-b1059.3)
# Java VM: OpenJDK 64-Bit Server VM JBR-17.0.8.1+7-1059.3-nomod (17.0.8.1+7-b1059.3, mixed mode, tiered, compressed oops, compressed class ptrs, g1 gc, windows-amd64)
# No core dump will be written. Minidumps are not enabled by default on client versions of Windows
#

---------------  S U M M A R Y ------------

Command Line: -javaagent:C:\Program Files\JetBrains\IntelliJ IDEA 2023.2.2\lib\idea_rt.jar=55279:C:\Program Files\JetBrains\IntelliJ IDEA 2023.2.2\bin -Dfile.encoding=UTF-8 --module-path=C:\Users\dell\.m2\repository\org\openjfx\javafx-graphics\17.0.6\javafx-graphics-17.0.6-win.jar;C:\Users\dell\.m2\repository\com\google\oauth-client\google-oauth-client\1.34.1\google-oauth-client-1.34.1.jar;C:\Users\dell\.m2\repository\org\apache\httpcomponents\httpcore\4.4.13\httpcore-4.4.13.jar;C:\Users\dell\.m2\repository\com\zaxxer\SparseBitSet\1.2\SparseBitSet-1.2.jar;C:\Users\dell\.m2\repository\org\testng\testng\7.10.2\testng-7.10.2.jar;C:\Users\dell\.m2\repository\org\json\json\20210307\json-20210307.jar;C:\Users\dell\.m2\repository\com\google\zxing\core\3.4.1\core-3.4.1.jar;C:\Users\dell\.m2\repository\com\mysql\mysql-connector-j\8.2.0\mysql-connector-j-8.2.0.jar;C:\Users\dell\.m2\repository\org\openjfx\javafx-controls\17.0.6\javafx-controls-17.0.6-win.jar;C:\Users\dell\.m2\repository\org\openjfx\javafx-fxml\17.0.6\javafx-fxml-17.0.6-win.jar;C:\Users\dell\.m2\repository\org\apache\xmlbeans\xmlbeans\5.1.1\xmlbeans-5.1.1.jar;C:\Users\dell\.m2\repository\com\google\api-client\google-api-client\2.0.0\google-api-client-2.0.0.jar;C:\Users\dell\.m2\repository\org\apache\logging\log4j\log4j-api\2.18.0\log4j-api-2.18.0.jar;C:\Users\dell\.m2\repository\org\opentest4j\opentest4j\1.2.0\opentest4j-1.2.0.jar;F:\TJv2\TJv2\target\classes;C:\Users\dell\.m2\repository\org\glassfish\javax.json\1.1.4\javax.json-1.1.4.jar;C:\Users\dell\.m2\repository\commons-codec\commons-codec\1.11\commons-codec-1.11.jar;C:\Users\dell\.m2\repository\com\twilio\sdk\twilio\8.22.0\twilio-8.22.0.jar;C:\Users\dell\.m2\repository\org\junit\jupiter\junit-jupiter-api\5.9.2\junit-jupiter-api-5.9.2.jar;C:\Users\dell\.m2\repository\org\apache\pdfbox\fontbox\2.0.26\fontbox-2.0.26.jar;C:\Users\dell\.m2\repository\com\sun\mail\javax.mail\1.6.2\javax.mail-1.6.2.jar;C:\Users\dell\.m2\repository\org\apache\poi\poi-ooxml-lite\5.2.3\poi-ooxml-lite-5.2.3.jar;C:\Users\dell\.m2\repository\com\google\http-client\google-http-client-gson\1.42.1\google-http-client-gson-1.42.1.jar;C:\Users\dell\.m2\reposit-Djdk.module.main=com.example.tourjoy com.example.tourjoy/com.example.javafx.HelloApplication

Host: Intel(R) Core(TM) i5-10300H CPU @ 2.50GHz, 8 cores, 15G,  Windows 10 , 64 bit Build 19041 (10.0.19041.3636)
Time: Mon May  6 11:32:20 2024 Afr. centrale Ouest elapsed time: 3.948625 seconds (0d 0h 0m 3s)

---------------  T H R E A D  ---------------

Current thread (0x00000284dabf8820):  JavaThread "C2 CompilerThread1" daemon [_thread_in_native, id=9204, stack(0x000000aa58900000,0x000000aa58a00000)]


Current CompileTask:
C2:   3948 3061 %     4       com.sun.marlin.Renderer::_endRendering @ 298 (2473 bytes)

Stack: [0x000000aa58900000,0x000000aa58a00000]
Native frames: (J=compiled Java code, j=interpreted, Vv=VM code, C=native code)
V  [jvm.dll+0x6852da]


---------------  P R O C E S S  ---------------

Threads class SMR info:
_java_thread_list=0x00000284dae72580, length=23, elements={
0x00000284b5cb10b0, 0x00000284d42fa7b0, 0x00000284d42fb830, 0x00000284d4920fb0,
0x00000284d4921880, 0x00000284d4922150, 0x00000284d4924a30, 0x00000284d4925630,
0x00000284d4928700, 0x00000284d4928c20, 0x00000284d4a83ed0, 0x00000284d4a85310,
0x00000284d4a85820, 0x00000284d4a82070, 0x00000284d4a84e00, 0x00000284d4a82a90,
0x00000284d4a82fa0, 0x00000284d4a834b0, 0x00000284d4a839c0, 0x00000284d4a843e0,
0x00000284daf88140, 0x00000284dabf8820, 0x00000284daf89070
}

Java Threads: ( => current thread )
  0x00000284b5cb10b0 JavaThread "main" [_thread_blocked, id=4552, stack(0x000000aa57800000,0x000000aa57900000)]
  0x00000284d42fa7b0 JavaThread "Reference Handler" daemon [_thread_blocked, id=23128, stack(0x000000aa57f00000,0x000000aa58000000)]
  0x00000284d42fb830 JavaThread "Finalizer" daemon [_thread_blocked, id=13200, stack(0x000000aa58000000,0x000000aa58100000)]
  0x00000284d4920fb0 JavaThread "Signal Dispatcher" daemon [_thread_blocked, id=8240, stack(0x000000aa58100000,0x000000aa58200000)]
  0x00000284d4921880 JavaThread "Attach Listener" daemon [_thread_blocked, id=14464, stack(0x000000aa58200000,0x000000aa58300000)]
  0x00000284d4922150 JavaThread "Service Thread" daemon [_thread_blocked, id=22572, stack(0x000000aa58300000,0x000000aa58400000)]
  0x00000284d4924a30 JavaThread "Monitor Deflation Thread" daemon [_thread_blocked, id=2680, stack(0x000000aa58400000,0x000000aa58500000)]
  0x00000284d4925630 JavaThread "C2 CompilerThread0" daemon [_thread_blocked, id=8632, stack(0x000000aa58500000,0x000000aa58600000)]
  0x00000284d4928700 JavaThread "C1 CompilerThread0" daemon [_thread_blocked, id=22872, stack(0x000000aa58600000,0x000000aa58700000)]
  0x00000284d4928c20 JavaThread "Sweeper thread" daemon [_thread_blocked, id=22856, stack(0x000000aa58700000,0x000000aa58800000)]
  0x00000284d4a83ed0 JavaThread "Common-Cleaner" daemon [_thread_blocked, id=15392, stack(0x000000aa58800000,0x000000aa58900000)]
  0x00000284d4a85310 JavaThread "Monitor Ctrl-Break" daemon [_thread_in_native, id=22068, stack(0x000000aa59000000,0x000000aa59100000)]
  0x00000284d4a85820 JavaThread "Notification Thread" daemon [_thread_blocked, id=812, stack(0x000000aa59100000,0x000000aa59200000)]
  0x00000284d4a82070 JavaThread "QuantumRenderer-0" daemon [_thread_blocked, id=10192, stack(0x000000aa59300000,0x000000aa59400000)]
  0x00000284d4a84e00 JavaThread "InvokeLaterDispatcher" daemon [_thread_blocked, id=18404, stack(0x000000aa59400000,0x000000aa59500000)]
  0x00000284d4a82a90 JavaThread "JavaFX Application Thread" [_thread_in_native, id=2896, stack(0x000000aa59500000,0x000000aa59600000)]
  0x00000284d4a82fa0 JavaThread "Thread-1" daemon [_thread_in_native, id=22324, stack(0x000000aa59900000,0x000000aa59a00000)]
  0x00000284d4a834b0 JavaThread "JavaFX-Launcher" [_thread_blocked, id=21288, stack(0x000000aa59a00000,0x000000aa59b00000)]
  0x00000284d4a839c0 JavaThread "Prism Font Disposer" daemon [_thread_blocked, id=23420, stack(0x000000aa59e00000,0x000000aa59f00000)]
  0x00000284d4a843e0 JavaThread "mysql-cj-abandoned-connection-cleanup" daemon [_thread_blocked, id=5152, stack(0x000000aa59f00000,0x000000aa5a000000)]
  0x00000284daf88140 JavaThread "Cleaner-0" daemon [_thread_blocked, id=17924, stack(0x000000aa5a700000,0x000000aa5a800000)]
=>0x00000284dabf8820 JavaThread "C2 CompilerThread1" daemon [_thread_in_native, id=9204, stack(0x000000aa58900000,0x000000aa58a00000)]
  0x00000284daf89070 JavaThread "Thread-4" [_thread_blocked, id=11052, stack(0x000000aa5a800000,0x000000aa5a900000)]

Other Threads:
  0x00000284d430ed00 VMThread "VM Thread" [stack: 0x000000aa57e00000,0x000000aa57f00000] [id=17136]
  0x00000284b5d3d280 WatcherThread [stack: 0x000000aa59200000,0x000000aa59300000] [id=1744]
  0x00000284b5d1ca00 GCTaskThread "GC Thread#0" [stack: 0x000000aa57900000,0x000000aa57a00000] [id=3708]
  0x00000284d93971e0 GCTaskThread "GC Thread#1" [stack: 0x000000aa58b00000,0x000000aa58c00000] [id=20096]
  0x00000284d95d0050 GCTaskThread "GC Thread#2" [stack: 0x000000aa58c00000,0x000000aa58d00000] [id=11660]
  0x00000284d95d0310 GCTaskThread "GC Thread#3" [stack: 0x000000aa58d00000,0x000000aa58e00000] [id=3892]
  0x00000284d9823640 GCTaskThread "GC Thread#4" [stack: 0x000000aa58e00000,0x000000aa58f00000] [id=6784]
  0x00000284d9823900 GCTaskThread "GC Thread#5" [stack: 0x000000aa58f00000,0x000000aa59000000] [id=19316]
  0x00000284da4febf0 GCTaskThread "GC Thread#6" [stack: 0x000000aa59b00000,0x000000aa59c00000] [id=19980]
  0x00000284dac8dbf0 GCTaskThread "GC Thread#7" [stack: 0x000000aa59c00000,0x000000aa59d00000] [id=10180]
  0x00000284b5d2e540 ConcurrentGCThread "G1 Main Marker" [stack: 0x000000aa57a00000,0x000000aa57b00000] [id=7200]
  0x00000284b5d2f600 ConcurrentGCThread "G1 Conc#0" [stack: 0x000000aa57b00000,0x000000aa57c00000] [id=9668]
  0x00000284da8cc2d0 ConcurrentGCThread "G1 Conc#1" [stack: 0x000000aa5a000000,0x000000aa5a100000] [id=20824]
  0x00000284d41d5680 ConcurrentGCThread "G1 Refine#0" [stack: 0x000000aa57c00000,0x000000aa57d00000] [id=17708]
  0x00000284d9adda40 ConcurrentGCThread "G1 Refine#1" [stack: 0x000000aa59d00000,0x000000aa59e00000] [id=18964]
  0x00000284d41d7ed0 ConcurrentGCThread "G1 Service" [stack: 0x000000aa57d00000,0x000000aa57e00000] [id=21632]

Threads with active compile tasks:
C2 CompilerThread1     4001 3061 %     4       com.sun.marlin.Renderer::_endRendering @ 298 (2473 bytes)

VM state: not at safepoint (normal execution)

VM Mutex/Monitor currently owned by a thread: None

Heap address: 0x0000000703200000, size: 4046 MB, Compressed Oops mode: Zero based, Oop shift amount: 3

CDS archive(s) not mapped
Compressed class space mapped at: 0x0000000800000000-0x0000000840000000, reserved size: 1073741824
Narrow klass base: 0x0000000800000000, Narrow klass shift: 0, Narrow klass range: 0x40000000

GC Precious Log:
 CPUs: 8 total, 8 available
 Memory: 16177M
 Large Page Support: Disabled
 NUMA Support: Disabled
 Compressed Oops: Enabled (Zero based)
 Heap Region Size: 2M
 Heap Min Capacity: 8M
 Heap Initial Capacity: 254M
 Heap Max Capacity: 4046M
 Pre-touch: Disabled
 Parallel Workers: 8
 Concurrent Workers: 2
 Concurrent Refinement Workers: 8
 Periodic GC: Disabled

Heap:
 garbage-first heap   total 260096K, used 112211K [0x0000000703200000, 0x0000000800000000)
  region size 2048K, 21 young (43008K), 5 survivors (10240K)
 Metaspace       used 28937K, committed 29184K, reserved 1114112K
  class space    used 3626K, committed 3712K, reserved 1048576K

Heap Regions: E=young(eden), S=young(survivor), O=old, HS=humongous(starts), HC=humongous(continues), CS=collection set, F=free, OA=open archive, CA=closed archive, TAMS=top-at-mark-start (previous, next)
|   0|0x0000000703200000, 0x0000000703400000, 0x0000000703400000|100%| O|  |TAMS 0x0000000703400000, 0x0000000703200000| Untracked 
|   1|0x0000000703400000, 0x0000000703484400, 0x0000000703600000| 25%| O|  |TAMS 0x0000000703484400, 0x0000000703400000| Untracked 
|   2|0x0000000703600000, 0x0000000703800000, 0x0000000703800000|100%|HS|  |TAMS 0x0000000703800000, 0x0000000703600000| Complete 
|   3|0x0000000703800000, 0x0000000703a00000, 0x0000000703a00000|100%|HC|  |TAMS 0x0000000703a00000, 0x0000000703800000| Complete 
|   4|0x0000000703a00000, 0x0000000703c00000, 0x0000000703c00000|100%|HC|  |TAMS 0x0000000703c00000, 0x0000000703a00000| Complete 
|   5|0x0000000703c00000, 0x0000000703e00000, 0x0000000703e00000|100%|HC|  |TAMS 0x0000000703e00000, 0x0000000703c00000| Complete 
|   6|0x0000000703e00000, 0x0000000704000000, 0x0000000704000000|100%|HC|  |TAMS 0x0000000704000000, 0x0000000703e00000| Complete 
|   7|0x0000000704000000, 0x0000000704200000, 0x0000000704200000|100%|HC|  |TAMS 0x0000000704200000, 0x0000000704000000| Complete 
|   8|0x0000000704200000, 0x0000000704400000, 0x0000000704400000|100%|HC|  |TAMS 0x0000000704400000, 0x0000000704200000| Complete 
|   9|0x0000000704400000, 0x0000000704600000, 0x0000000704600000|100%|HC|  |TAMS 0x0000000704600000, 0x0000000704400000| Complete 
|  10|0x0000000704600000, 0x0000000704800000, 0x0000000704800000|100%|HC|  |TAMS 0x0000000704800000, 0x0000000704600000| Complete 
|  11|0x0000000704800000, 0x0000000704a00000, 0x0000000704a00000|100%|HC|  |TAMS 0x0000000704a00000, 0x0000000704800000| Complete 
|  12|0x0000000704a00000, 0x0000000704c00000, 0x0000000704c00000|100%|HC|  |TAMS 0x0000000704c00000, 0x0000000704a00000| Complete 
|  13|0x0000000704c00000, 0x0000000704e00000, 0x0000000704e00000|100%|HC|  |TAMS 0x0000000704e00000, 0x0000000704c00000| Complete 
|  14|0x0000000704e00000, 0x0000000705000000, 0x0000000705000000|100%|HC|  |TAMS 0x0000000705000000, 0x0000000704e00000| Complete 
|  15|0x0000000705000000, 0x0000000705200000, 0x0000000705200000|100%|HC|  |TAMS 0x0000000705200000, 0x0000000705000000| Complete 
|  16|0x0000000705200000, 0x0000000705400000, 0x0000000705400000|100%|HC|  |TAMS 0x0000000705400000, 0x0000000705200000| Complete 
|  17|0x0000000705400000, 0x0000000705600000, 0x0000000705600000|100%|HC|  |TAMS 0x0000000705600000, 0x0000000705400000| Complete 
|  18|0x0000000705600000, 0x0000000705800000, 0x0000000705800000|100%|HC|  |TAMS 0x0000000705800000, 0x0000000705600000| Complete 
|  19|0x0000000705800000, 0x0000000705a00000, 0x0000000705a00000|100%|HC|  |TAMS 0x0000000705a00000, 0x0000000705800000| Complete 
|  20|0x0000000705a00000, 0x0000000705c00000, 0x0000000705c00000|100%|HC|  |TAMS 0x0000000705c00000, 0x0000000705a00000| Complete 
|  21|0x0000000705c00000, 0x0000000705e00000, 0x0000000705e00000|100%|HC|  |TAMS 0x0000000705e00000, 0x0000000705c00000| Complete 
|  22|0x0000000705e00000, 0x0000000706000000, 0x0000000706000000|100%|HC|  |TAMS 0x0000000706000000, 0x0000000705e00000| Complete 
|  23|0x0000000706000000, 0x0000000706200000, 0x0000000706200000|100%|HC|  |TAMS 0x0000000706200000, 0x0000000706000000| Complete 
|  24|0x0000000706200000, 0x0000000706400000, 0x0000000706400000|100%|HC|  |TAMS 0x0000000706400000, 0x0000000706200000| Complete 
|  25|0x0000000706400000, 0x0000000706600000, 0x0000000706600000|100%|HC|  |TAMS 0x0000000706600000, 0x0000000706400000| Complete 
|  26|0x0000000706600000, 0x0000000706800000, 0x0000000706800000|100%|HC|  |TAMS 0x0000000706800000, 0x0000000706600000| Complete 
|  27|0x0000000706800000, 0x0000000706a00000, 0x0000000706a00000|100%|HC|  |TAMS 0x0000000706a00000, 0x0000000706800000| Complete 
|  28|0x0000000706a00000, 0x0000000706c00000, 0x0000000706c00000|100%|HC|  |TAMS 0x0000000706c00000, 0x0000000706a00000| Complete 
|  29|0x0000000706c00000, 0x0000000706e00000, 0x0000000706e00000|100%|HC|  |TAMS 0x0000000706e00000, 0x0000000706c00000| Complete 
|  30|0x0000000706e00000, 0x0000000707000000, 0x0000000707000000|100%|HC|  |TAMS 0x0000000707000000, 0x0000000706e00000| Complete 
|  31|0x0000000707000000, 0x0000000707200000, 0x0000000707200000|100%|HS|  |TAMS 0x0000000707200000, 0x0000000707000000| Complete 
|  32|0x0000000707200000, 0x0000000707400000, 0x0000000707400000|100%|HC|  |TAMS 0x0000000707400000, 0x0000000707200000| Complete 
|  33|0x0000000707400000, 0x0000000707600000, 0x0000000707600000|100%|HC|  |TAMS 0x0000000707600000, 0x0000000707400000| Complete 
|  34|0x0000000707600000, 0x0000000707800000, 0x0000000707800000|100%|HC|  |TAMS 0x0000000707800000, 0x0000000707600000| Complete 
|  35|0x0000000707800000, 0x0000000707a00000, 0x0000000707a00000|100%|HC|  |TAMS 0x0000000707a00000, 0x0000000707800000| Complete 
|  36|0x0000000707a00000, 0x0000000707c00000, 0x0000000707c00000|100%|HS|  |TAMS 0x0000000707a00000, 0x0000000707a00000| Complete 
|  37|0x0000000707c00000, 0x0000000707c00000, 0x0000000707e00000|  0%| F|  |TAMS 0x0000000707c00000, 0x0000000707c00000| Untracked 
|  38|0x0000000707e00000, 0x0000000707e00000, 0x0000000708000000|  0%| F|  |TAMS 0x0000000707e00000, 0x0000000707e00000| Untracked 
|  39|0x0000000708000000, 0x0000000708000000, 0x0000000708200000|  0%| F|  |TAMS 0x0000000708000000, 0x0000000708000000| Untracked 
|  40|0x0000000708200000, 0x0000000708200000, 0x0000000708400000|  0%| F|  |TAMS 0x0000000708200000, 0x0000000708200000| Untracked 
|  41|0x0000000708400000, 0x0000000708400000, 0x0000000708600000|  0%| F|  |TAMS 0x0000000708400000, 0x0000000708400000| Untracked 
|  42|0x0000000708600000, 0x0000000708600000, 0x0000000708800000|  0%| F|  |TAMS 0x0000000708600000, 0x0000000708600000| Untracked 
|  43|0x0000000708800000, 0x0000000708800000, 0x0000000708a00000|  0%| F|  |TAMS 0x0000000708800000, 0x0000000708800000| Untracked 
|  44|0x0000000708a00000, 0x0000000708a00000, 0x0000000708c00000|  0%| F|  |TAMS 0x0000000708a00000, 0x0000000708a00000| Untracked 
|  45|0x0000000708c00000, 0x0000000708c00000, 0x0000000708e00000|  0%| F|  |TAMS 0x0000000708c00000, 0x0000000708c00000| Untracked 
|  46|0x0000000708e00000, 0x0000000708e00000, 0x0000000709000000|  0%| F|  |TAMS 0x0000000708e00000, 0x0000000708e00000| Untracked 
|  47|0x0000000709000000, 0x0000000709000000, 0x0000000709200000|  0%| F|  |TAMS 0x0000000709000000, 0x0000000709000000| Untracked 
|  48|0x0000000709200000, 0x0000000709200000, 0x0000000709400000|  0%| F|  |TAMS 0x0000000709200000, 0x0000000709200000| Untracked 
|  49|0x0000000709400000, 0x0000000709400000, 0x0000000709600000|  0%| F|  |TAMS 0x0000000709400000, 0x0000000709400000| Untracked 
|  50|0x0000000709600000, 0x0000000709600000, 0x0000000709800000|  0%| F|  |TAMS 0x0000000709600000, 0x0000000709600000| Untracked 
|  51|0x0000000709800000, 0x0000000709800000, 0x0000000709a00000|  0%| F|  |TAMS 0x0000000709800000, 0x0000000709800000| Untracked 
|  52|0x0000000709a00000, 0x0000000709a00000, 0x0000000709c00000|  0%| F|  |TAMS 0x0000000709a00000, 0x0000000709a00000| Untracked 
|  53|0x0000000709c00000, 0x0000000709c00000, 0x0000000709e00000|  0%| F|  |TAMS 0x0000000709c00000, 0x0000000709c00000| Untracked 
|  54|0x0000000709e00000, 0x0000000709e00000, 0x000000070a000000|  0%| F|  |TAMS 0x0000000709e00000, 0x0000000709e00000| Untracked 
|  55|0x000000070a000000, 0x000000070a000000, 0x000000070a200000|  0%| F|  |TAMS 0x000000070a000000, 0x000000070a000000| Untracked 
|  56|0x000000070a200000, 0x000000070a200000, 0x000000070a400000|  0%| F|  |TAMS 0x000000070a200000, 0x000000070a200000| Untracked 
|  57|0x000000070a400000, 0x000000070a400000, 0x000000070a600000|  0%| F|  |TAMS 0x000000070a400000, 0x000000070a400000| Untracked 
|  58|0x000000070a600000, 0x000000070a600000, 0x000000070a800000|  0%| F|  |TAMS 0x000000070a600000, 0x000000070a600000| Untracked 
|  59|0x000000070a800000, 0x000000070a800000, 0x000000070aa00000|  0%| F|  |TAMS 0x000000070a800000, 0x000000070a800000| Untracked 
|  60|0x000000070aa00000, 0x000000070aa00000, 0x000000070ac00000|  0%| F|  |TAMS 0x000000070aa00000, 0x000000070aa00000| Untracked 
|  61|0x000000070ac00000, 0x000000070ac00000, 0x000000070ae00000|  0%| F|  |TAMS 0x000000070ac00000, 0x000000070ac00000| Untracked 
|  62|0x000000070ae00000, 0x000000070ae00000, 0x000000070b000000|  0%| F|  |TAMS 0x000000070ae00000, 0x000000070ae00000| Untracked 
|  63|0x000000070b000000, 0x000000070b000000, 0x000000070b200000|  0%| F|  |TAMS 0x000000070b000000, 0x000000070b000000| Untracked 
|  64|0x000000070b200000, 0x000000070b200000, 0x000000070b400000|  0%| F|  |TAMS 0x000000070b200000, 0x000000070b200000| Untracked 
|  65|0x000000070b400000, 0x000000070b400000, 0x000000070b600000|  0%| F|  |TAMS 0x000000070b400000, 0x000000070b400000| Untracked 
|  66|0x000000070b600000, 0x000000070b600000, 0x000000070b800000|  0%| F|  |TAMS 0x000000070b600000, 0x000000070b600000| Untracked 
|  67|0x000000070b800000, 0x000000070b800000, 0x000000070ba00000|  0%| F|  |TAMS 0x000000070b800000, 0x000000070b800000| Untracked 
|  68|0x000000070ba00000, 0x000000070ba00000, 0x000000070bc00000|  0%| F|  |TAMS 0x000000070ba00000, 0x000000070ba00000| Untracked 
|  69|0x000000070bc00000, 0x000000070bc00000, 0x000000070be00000|  0%| F|  |TAMS 0x000000070bc00000, 0x000000070bc00000| Untracked 
|  70|0x000000070be00000, 0x000000070be00000, 0x000000070c000000|  0%| F|  |TAMS 0x000000070be00000, 0x000000070be00000| Untracked 
|  71|0x000000070c000000, 0x000000070c000000, 0x000000070c200000|  0%| F|  |TAMS 0x000000070c000000, 0x000000070c000000| Untracked 
|  72|0x000000070c200000, 0x000000070c200000, 0x000000070c400000|  0%| F|  |TAMS 0x000000070c200000, 0x000000070c200000| Untracked 
|  73|0x000000070c400000, 0x000000070c400000, 0x000000070c600000|  0%| F|  |TAMS 0x000000070c400000, 0x000000070c400000| Untracked 
|  74|0x000000070c600000, 0x000000070c600000, 0x000000070c800000|  0%| F|  |TAMS 0x000000070c600000, 0x000000070c600000| Untracked 
|  75|0x000000070c800000, 0x000000070c800000, 0x000000070ca00000|  0%| F|  |TAMS 0x000000070c800000, 0x000000070c800000| Untracked 
|  76|0x000000070ca00000, 0x000000070ca00000, 0x000000070cc00000|  0%| F|  |TAMS 0x000000070ca00000, 0x000000070ca00000| Untracked 
|  77|0x000000070cc00000, 0x000000070cc00000, 0x000000070ce00000|  0%| F|  |TAMS 0x000000070cc00000, 0x000000070cc00000| Untracked 
|  78|0x000000070ce00000, 0x000000070ce00000, 0x000000070d000000|  0%| F|  |TAMS 0x000000070ce00000, 0x000000070ce00000| Untracked 
|  79|0x000000070d000000, 0x000000070d000000, 0x000000070d200000|  0%| F|  |TAMS 0x000000070d000000, 0x000000070d000000| Untracked 
|  80|0x000000070d200000, 0x000000070d200000, 0x000000070d400000|  0%| F|  |TAMS 0x000000070d200000, 0x000000070d200000| Untracked 
|  81|0x000000070d400000, 0x000000070d400000, 0x000000070d600000|  0%| F|  |TAMS 0x000000070d400000, 0x000000070d400000| Untracked 
|  82|0x000000070d600000, 0x000000070d600000, 0x000000070d800000|  0%| F|  |TAMS 0x000000070d600000, 0x000000070d600000| Untracked 
|  83|0x000000070d800000, 0x000000070d800000, 0x000000070da00000|  0%| F|  |TAMS 0x000000070d800000, 0x000000070d800000| Untracked 
|  84|0x000000070da00000, 0x000000070da00000, 0x000000070dc00000|  0%| F|  |TAMS 0x000000070da00000, 0x000000070da00000| Untracked 
|  85|0x000000070dc00000, 0x000000070dc00000, 0x000000070de00000|  0%| F|  |TAMS 0x000000070dc00000, 0x000000070dc00000| Untracked 
|  86|0x000000070de00000, 0x000000070de00000, 0x000000070e000000|  0%| F|  |TAMS 0x000000070de00000, 0x000000070de00000| Untracked 
|  87|0x000000070e000000, 0x000000070e000000, 0x000000070e200000|  0%| F|  |TAMS 0x000000070e000000, 0x000000070e000000| Untracked 
|  88|0x000000070e200000, 0x000000070e200000, 0x000000070e400000|  0%| F|  |TAMS 0x000000070e200000, 0x000000070e200000| Untracked 
|  89|0x000000070e400000, 0x000000070e400000, 0x000000070e600000|  0%| F|  |TAMS 0x000000070e400000, 0x000000070e400000| Untracked 
|  90|0x000000070e600000, 0x000000070e600000, 0x000000070e800000|  0%| F|  |TAMS 0x000000070e600000, 0x000000070e600000| Untracked 
|  91|0x000000070e800000, 0x000000070e800000, 0x000000070ea00000|  0%| F|  |TAMS 0x000000070e800000, 0x000000070e800000| Untracked 
|  92|0x000000070ea00000, 0x000000070ea00000, 0x000000070ec00000|  0%| F|  |TAMS 0x000000070ea00000, 0x000000070ea00000| Untracked 
|  93|0x000000070ec00000, 0x000000070ec00000, 0x000000070ee00000|  0%| F|  |TAMS 0x000000070ec00000, 0x000000070ec00000| Untracked 
|  94|0x000000070ee00000, 0x000000070ee00000, 0x000000070f000000|  0%| F|  |TAMS 0x000000070ee00000, 0x000000070ee00000| Untracked 
|  95|0x000000070f000000, 0x000000070f000000, 0x000000070f200000|  0%| F|  |TAMS 0x000000070f000000, 0x000000070f000000| Untracked 
|  96|0x000000070f200000, 0x000000070f200000, 0x000000070f400000|  0%| F|  |TAMS 0x000000070f200000, 0x000000070f200000| Untracked 
|  97|0x000000070f400000, 0x000000070f400000, 0x000000070f600000|  0%| F|  |TAMS 0x000000070f400000, 0x000000070f400000| Untracked 
|  98|0x000000070f600000, 0x000000070f600000, 0x000000070f800000|  0%| F|  |TAMS 0x000000070f600000, 0x000000070f600000| Untracked 
|  99|0x000000070f800000, 0x000000070f800000, 0x000000070fa00000|  0%| F|  |TAMS 0x000000070f800000, 0x000000070f800000| Untracked 
| 100|0x000000070fa00000, 0x000000070fa00000, 0x000000070fc00000|  0%| F|  |TAMS 0x000000070fa00000, 0x000000070fa00000| Untracked 
| 101|0x000000070fc00000, 0x000000070fc00000, 0x000000070fe00000|  0%| F|  |TAMS 0x000000070fc00000, 0x000000070fc00000| Untracked 
| 102|0x000000070fe00000, 0x000000070fe00000, 0x0000000710000000|  0%| F|  |TAMS 0x000000070fe00000, 0x000000070fe00000| Untracked 
| 103|0x0000000710000000, 0x0000000710000000, 0x0000000710200000|  0%| F|  |TAMS 0x0000000710000000, 0x0000000710000000| Untracked 
| 104|0x0000000710200000, 0x0000000710200000, 0x0000000710400000|  0%| F|  |TAMS 0x0000000710200000, 0x0000000710200000| Untracked 
| 105|0x0000000710400000, 0x0000000710400000, 0x0000000710600000|  0%| F|  |TAMS 0x0000000710400000, 0x0000000710400000| Untracked 
| 106|0x0000000710600000, 0x00000007106e4e60, 0x0000000710800000| 44%| E|  |TAMS 0x0000000710600000, 0x0000000710600000| Complete 
| 107|0x0000000710800000, 0x0000000710a00000, 0x0000000710a00000|100%| E|CS|TAMS 0x0000000710800000, 0x0000000710800000| Complete 
| 108|0x0000000710a00000, 0x0000000710c00000, 0x0000000710c00000|100%| E|CS|TAMS 0x0000000710a00000, 0x0000000710a00000| Complete 
| 109|0x0000000710c00000, 0x0000000710e00000, 0x0000000710e00000|100%| E|  |TAMS 0x0000000710c00000, 0x0000000710c00000| Complete 
| 110|0x0000000710e00000, 0x0000000711000000, 0x0000000711000000|100%| E|CS|TAMS 0x0000000710e00000, 0x0000000710e00000| Complete 
| 111|0x0000000711000000, 0x0000000711200000, 0x0000000711200000|100%| E|CS|TAMS 0x0000000711000000, 0x0000000711000000| Complete 
| 112|0x0000000711200000, 0x0000000711310b68, 0x0000000711400000| 53%| S|CS|TAMS 0x0000000711200000, 0x0000000711200000| Complete 
| 113|0x0000000711400000, 0x0000000711600000, 0x0000000711600000|100%| S|CS|TAMS 0x0000000711400000, 0x0000000711400000| Complete 
| 114|0x0000000711600000, 0x0000000711800000, 0x0000000711800000|100%| S|CS|TAMS 0x0000000711600000, 0x0000000711600000| Complete 
| 115|0x0000000711800000, 0x0000000711a00000, 0x0000000711a00000|100%| S|CS|TAMS 0x0000000711800000, 0x0000000711800000| Complete 
| 116|0x0000000711a00000, 0x0000000711c00000, 0x0000000711c00000|100%| S|CS|TAMS 0x0000000711a00000, 0x0000000711a00000| Complete 
| 117|0x0000000711c00000, 0x0000000711e00000, 0x0000000711e00000|100%| E|CS|TAMS 0x0000000711c00000, 0x0000000711c00000| Complete 
| 118|0x0000000711e00000, 0x0000000712000000, 0x0000000712000000|100%| E|CS|TAMS 0x0000000711e00000, 0x0000000711e00000| Complete 
| 119|0x0000000712000000, 0x0000000712200000, 0x0000000712200000|100%| E|CS|TAMS 0x0000000712000000, 0x0000000712000000| Complete 
| 120|0x0000000712200000, 0x0000000712400000, 0x0000000712400000|100%| E|CS|TAMS 0x0000000712200000, 0x0000000712200000| Complete 
| 121|0x0000000712400000, 0x0000000712600000, 0x0000000712600000|100%| E|CS|TAMS 0x0000000712400000, 0x0000000712400000| Complete 
| 122|0x0000000712600000, 0x0000000712800000, 0x0000000712800000|100%| E|CS|TAMS 0x0000000712600000, 0x0000000712600000| Complete 
| 123|0x0000000712800000, 0x0000000712a00000, 0x0000000712a00000|100%| E|CS|TAMS 0x0000000712800000, 0x0000000712800000| Complete 
| 124|0x0000000712a00000, 0x0000000712c00000, 0x0000000712c00000|100%| E|CS|TAMS 0x0000000712a00000, 0x0000000712a00000| Complete 
| 125|0x0000000712c00000, 0x0000000712e00000, 0x0000000712e00000|100%| E|CS|TAMS 0x0000000712c00000, 0x0000000712c00000| Complete 
| 126|0x0000000712e00000, 0x0000000713000000, 0x0000000713000000|100%| E|CS|TAMS 0x0000000712e00000, 0x0000000712e00000| Complete 

Card table byte_map: [0x00000284c8f70000,0x00000284c9760000] _byte_map_base: 0x00000284c5757000

Marking Bits (Prev, Next): (CMBitMap*) 0x00000284b5d1cf70, (CMBitMap*) 0x00000284b5d1cf30
 Prev Bits: [0x00000284cde90000, 0x00000284d1dc8000)
 Next Bits: [0x00000284c9f50000, 0x00000284cde88000)

Polling page: 0x00000284b3c80000

Metaspace:

Usage:
  Non-class:     24.72 MB used.
      Class:      3.54 MB used.
       Both:     28.26 MB used.

Virtual space:
  Non-class space:       64.00 MB reserved,      24.88 MB ( 39%) committed,  1 nodes.
      Class space:        1.00 GB reserved,       3.62 MB ( <1%) committed,  1 nodes.
             Both:        1.06 GB reserved,      28.50 MB (  3%) committed. 

Chunk freelists:
   Non-Class:  6.55 MB
       Class:  12.38 MB
        Both:  18.92 MB

MaxMetaspaceSize: unlimited
CompressedClassSpaceSize: 1.00 GB
Initial GC threshold: 21.00 MB
Current GC threshold: 35.25 MB
CDS: off
MetaspaceReclaimPolicy: balanced
 - commit_granule_bytes: 65536.
 - commit_granule_words: 8192.
 - virtual_space_node_default_size: 8388608.
 - enlarge_chunks_in_place: 1.
 - new_chunks_are_fully_committed: 0.
 - uncommit_free_chunks: 1.
 - use_allocation_guard: 0.
 - handle_deallocations: 1.


Internal statistics:

num_allocs_failed_limit: 3.
num_arena_births: 206.
num_arena_deaths: 0.
num_vsnodes_births: 2.
num_vsnodes_deaths: 0.
num_space_committed: 456.
num_space_uncommitted: 0.
num_chunks_returned_to_freelist: 3.
num_chunks_taken_from_freelist: 862.
num_chunk_merges: 3.
num_chunk_splits: 595.
num_chunks_enlarged: 460.
num_inconsistent_stats: 0.

CodeHeap 'non-profiled nmethods': size=120000Kb used=1467Kb max_used=1467Kb free=118532Kb
 bounds [0x00000284c0f20000, 0x00000284c1190000, 0x00000284c8450000]
CodeHeap 'profiled nmethods': size=120000Kb used=5549Kb max_used=5549Kb free=114450Kb
 bounds [0x00000284b9450000, 0x00000284b99c0000, 0x00000284c0980000]
CodeHeap 'non-nmethods': size=5760Kb used=1456Kb max_used=1506Kb free=4303Kb
 bounds [0x00000284c0980000, 0x00000284c0bf0000, 0x00000284c0f20000]
 total_blobs=3927 nmethods=3099 adapters=740
 compilation: enabled
              stopped_count=0, restarted_count=0
 full_count=0

Compilation events (20 events):
Event: 3.928 Thread 0x00000284d4928700 3079       3       java.lang.Math::min (45 bytes)
Event: 3.929 Thread 0x00000284d4928700 nmethod 3079 0x00000284b99ae110 code [0x00000284b99ae2c0, 0x00000284b99ae618]
Event: 3.929 Thread 0x00000284d4928700 3080       1       com.sun.javafx.sg.prism.NGNode::isVisible (5 bytes)
Event: 3.929 Thread 0x00000284d4928700 nmethod 3080 0x00000284c108de10 code [0x00000284c108dfa0, 0x00000284c108e078]
Event: 3.929 Thread 0x00000284d4928700 3078       3       java.util.WeakHashMap$Entry::getKey (8 bytes)
Event: 3.929 Thread 0x00000284d4928700 nmethod 3078 0x00000284b99ae690 code [0x00000284b99ae840, 0x00000284b99aead8]
Event: 3.929 Thread 0x00000284d4928700 3082       3       java.nio.CharBuffer::arrayOffset (35 bytes)
Event: 3.929 Thread 0x00000284d4928700 nmethod 3082 0x00000284b99aeb90 code [0x00000284b99aed60, 0x00000284b99af038]
Event: 3.929 Thread 0x00000284d4928700 3081       3       java.nio.charset.CoderResult::isOverflow (14 bytes)
Event: 3.929 Thread 0x00000284d4928700 nmethod 3081 0x00000284b99af190 code [0x00000284b99af320, 0x00000284b99af498]
Event: 3.929 Thread 0x00000284d4928700 3083       1       java.lang.Thread::isInterrupted (5 bytes)
Event: 3.929 Thread 0x00000284d4928700 nmethod 3083 0x00000284c108e110 code [0x00000284c108e2a0, 0x00000284c108e378]
Event: 3.944 Thread 0x00000284d4928700 3084       3       javafx.scene.Node::getTransformedBounds (248 bytes)
Event: 3.945 Thread 0x00000284d4928700 nmethod 3084 0x00000284b99af510 code [0x00000284b99af8e0, 0x00000284b99b18c8]
Event: 3.945 Thread 0x00000284d4928700 3085       3       java.util.WeakHashMap$HashIterator::<init> (41 bytes)
Event: 3.945 Thread 0x00000284d4928700 nmethod 3085 0x00000284b99b2390 code [0x00000284b99b2560, 0x00000284b99b2968]
Event: 3.945 Thread 0x00000284d4928700 3086       3       java.io.BufferedWriter::ensureOpen (18 bytes)
Event: 3.945 Thread 0x00000284d4928700 nmethod 3086 0x00000284b99b2b10 code [0x00000284b99b2cc0, 0x00000284b99b2ec8]
Event: 3.945 Thread 0x00000284d4928700 3087       3       java.lang.StringBuilder::append (9 bytes)
Event: 3.945 Thread 0x00000284d4928700 nmethod 3087 0x00000284b99b2f90 code [0x00000284b99b3160, 0x00000284b99b3498]

GC Heap History (6 events):
Event: 0.280 GC heap before
{Heap before GC invocations=0 (full 0):
 garbage-first heap   total 260096K, used 20480K [0x0000000703200000, 0x0000000800000000)
  region size 2048K, 11 young (22528K), 0 survivors (0K)
 Metaspace       used 7132K, committed 7296K, reserved 1114112K
  class space    used 629K, committed 704K, reserved 1048576K
}
Event: 0.281 GC heap after
{Heap after GC invocations=1 (full 0):
 garbage-first heap   total 260096K, used 893K [0x0000000703200000, 0x0000000800000000)
  region size 2048K, 1 young (2048K), 1 survivors (2048K)
 Metaspace       used 7132K, committed 7296K, reserved 1114112K
  class space    used 629K, committed 704K, reserved 1048576K
}
Event: 0.849 GC heap before
{Heap before GC invocations=1 (full 0):
 garbage-first heap   total 260096K, used 41853K [0x0000000703200000, 0x0000000800000000)
  region size 2048K, 22 young (45056K), 1 survivors (2048K)
 Metaspace       used 16842K, committed 17088K, reserved 1114112K
  class space    used 1775K, committed 1920K, reserved 1048576K
}
Event: 0.853 GC heap after
{Heap after GC invocations=2 (full 0):
 garbage-first heap   total 260096K, used 8721K [0x0000000703200000, 0x0000000800000000)
  region size 2048K, 3 young (6144K), 3 survivors (6144K)
 Metaspace       used 16842K, committed 17088K, reserved 1114112K
  class space    used 1775K, committed 1920K, reserved 1048576K
}
Event: 1.466 GC heap before
{Heap before GC invocations=2 (full 0):
 garbage-first heap   total 260096K, used 96785K [0x0000000703200000, 0x0000000800000000)
  region size 2048K, 13 young (26624K), 3 survivors (6144K)
 Metaspace       used 21329K, committed 21504K, reserved 1114112K
  class space    used 2387K, committed 2496K, reserved 1048576K
}
Event: 1.470 GC heap after
{Heap after GC invocations=3 (full 0):
 garbage-first heap   total 260096K, used 81491K [0x0000000703200000, 0x0000000800000000)
  region size 2048K, 5 young (10240K), 5 survivors (10240K)
 Metaspace       used 21329K, committed 21504K, reserved 1114112K
  class space    used 2387K, committed 2496K, reserved 1048576K
}

Dll operation events (3 events):
Event: 0.007 Loaded shared library C:\Users\dell\.jdks\jbr-17.0.8.1\bin\java.dll
Event: 0.027 Loaded shared library C:\Users\dell\.jdks\jbr-17.0.8.1\bin\jsvml.dll
Event: 0.362 Loaded shared library C:\Users\dell\.jdks\jbr-17.0.8.1\bin\zip.dll

Deoptimization events (20 events):
Event: 1.957 Thread 0x00000284d4a82070 Uncommon trap: trap_request=0xffffff45 fr.pc=0x00000284c103b1b8 relative=0x0000000000004bb8
Event: 1.957 Thread 0x00000284d4a82070 Uncommon trap: reason=unstable_if action=reinterpret pc=0x00000284c103b1b8 method=java.lang.invoke.MethodType.checkPtypes([Ljava/lang/Class;)I @ 47 c2
Event: 1.957 Thread 0x00000284d4a82070 DEOPT PACKING pc=0x00000284c103b1b8 sp=0x000000aa593fbdf0
Event: 1.957 Thread 0x00000284d4a82070 DEOPT UNPACKING pc=0x00000284c09d69a3 sp=0x000000aa593fbd88 mode 2
Event: 2.068 Thread 0x00000284d4a82070 DEOPT PACKING pc=0x00000284b98c18c3 sp=0x000000aa593fd510
Event: 2.068 Thread 0x00000284d4a82070 DEOPT UNPACKING pc=0x00000284c09d7143 sp=0x000000aa593fc978 mode 0
Event: 2.069 Thread 0x00000284d4a82070 DEOPT PACKING pc=0x00000284b98c18c3 sp=0x000000aa593fd510
Event: 2.069 Thread 0x00000284d4a82070 DEOPT UNPACKING pc=0x00000284c09d7143 sp=0x000000aa593fc978 mode 0
Event: 2.069 Thread 0x00000284d4a82070 DEOPT PACKING pc=0x00000284b98c195f sp=0x000000aa593fd510
Event: 2.069 Thread 0x00000284d4a82070 DEOPT UNPACKING pc=0x00000284c09d7143 sp=0x000000aa593fc978 mode 0
Event: 2.195 Thread 0x00000284d4a82070 DEOPT PACKING pc=0x00000284b98e0803 sp=0x000000aa593fd420
Event: 2.195 Thread 0x00000284d4a82070 DEOPT UNPACKING pc=0x00000284c09d7143 sp=0x000000aa593fc840 mode 0
Event: 2.242 Thread 0x00000284d4a82070 DEOPT PACKING pc=0x00000284b98c7d42 sp=0x000000aa593fd690
Event: 2.242 Thread 0x00000284d4a82070 DEOPT UNPACKING pc=0x00000284c09d7143 sp=0x000000aa593fcb20 mode 0
Event: 3.661 Thread 0x00000284d4a82070 Uncommon trap: trap_request=0xffffff45 fr.pc=0x00000284c1063fc8 relative=0x00000000000004a8
Event: 3.661 Thread 0x00000284d4a82070 Uncommon trap: reason=unstable_if action=reinterpret pc=0x00000284c1063fc8 method=com.sun.marlin.MaskMarlinAlphaConsumer.setAndClearRelativeAlphas([IIII)V @ 93 c2
Event: 3.661 Thread 0x00000284d4a82070 DEOPT PACKING pc=0x00000284c1063fc8 sp=0x000000aa593fd180
Event: 3.661 Thread 0x00000284d4a82070 DEOPT UNPACKING pc=0x00000284c09d69a3 sp=0x000000aa593fd0b8 mode 2
Event: 3.945 Thread 0x00000284d4a82070 DEOPT PACKING pc=0x00000284b991d44a sp=0x000000aa593fd190
Event: 3.945 Thread 0x00000284d4a82070 DEOPT UNPACKING pc=0x00000284c09d7143 sp=0x000000aa593fc5c8 mode 0

Classes unloaded (0 events):
No events

Classes redefined (0 events):
No events

Internal exceptions (20 events):
Event: 1.185 Thread 0x00000284d4a82a90 Exception <a 'java/lang/ClassNotFoundException'{0x0000000712b5b078}: com/sun/glass/ui/win/themes_fr_FR> (0x0000000712b5b078) 
thrown [s\src\hotspot\share\prims\jni.cpp, line 536]
Event: 1.229 Thread 0x00000284d4a82a90 Exception <a 'java/lang/NoSuchMethodError'{0x000000071244d0f8}: 'void java.lang.invoke.DirectMethodHandle$Holder.invokeStaticInit(java.lang.Object, java.lang.Object)'> (0x000000071244d0f8) 
thrown [s\src\hotspot\share\interpreter\linkResolver.cpp, line 771]
Event: 1.421 Thread 0x00000284d4a82a90 Exception <a 'sun/nio/fs/WindowsException'{0x00000007123dd710}> (0x00000007123dd710) 
thrown [s\src\hotspot\share\prims\jni.cpp, line 517]
Event: 1.547 Thread 0x00000284d4a82a90 Exception <a 'java/io/FileNotFoundException'{0x000000071295ba88}> (0x000000071295ba88) 
thrown [s\src\hotspot\share\prims\jni.cpp, line 517]
Event: 1.634 Thread 0x00000284d4a82a90 Exception <a 'sun/nio/fs/WindowsException'{0x00000007122cb948}> (0x00000007122cb948) 
thrown [s\src\hotspot\share\prims\jni.cpp, line 517]
Event: 1.646 Thread 0x00000284d4a82a90 Exception <a 'sun/nio/fs/WindowsException'{0x0000000712363888}> (0x0000000712363888) 
thrown [s\src\hotspot\share\prims\jni.cpp, line 517]
Event: 1.654 Thread 0x00000284d4a82a90 Exception <a 'java/lang/NoSuchMethodError'{0x000000071200b240}: 'java.lang.Object java.lang.invoke.DirectMethodHandle$Holder.invokeInterface(java.lang.Object, java.lang.Object, java.lang.Object)'> (0x000000071200b240) 
thrown [s\src\hotspot\share\interpreter\linkResolver.cpp, line 771]
Event: 1.654 Thread 0x00000284d4a82a90 Exception <a 'java/lang/IncompatibleClassChangeError'{0x000000071200e908}: Found class java.lang.Object, but interface was expected> (0x000000071200e908) 
thrown [s\src\hotspot\share\interpreter\linkResolver.cpp, line 838]
Event: 1.690 Thread 0x00000284d4a82a90 Exception <a 'java/lang/ClassNotFoundException'{0x0000000711ef77c8}: com/sun/javafx/scene/control/skin/resources/controls> (0x0000000711ef77c8) 
thrown [s\src\hotspot\share\prims\jni.cpp, line 536]
Event: 1.690 Thread 0x00000284d4a82a90 Exception <a 'java/lang/ClassNotFoundException'{0x0000000711f05768}: com/sun/javafx/scene/control/skin/resources/controls_fr> (0x0000000711f05768) 
thrown [s\src\hotspot\share\prims\jni.cpp, line 536]
Event: 1.691 Thread 0x00000284d4a82a90 Exception <a 'java/lang/ClassNotFoundException'{0x0000000711f134a0}: com/sun/javafx/scene/control/skin/resources/controls_fr_FR> (0x0000000711f134a0) 
thrown [s\src\hotspot\share\prims\jni.cpp, line 536]
Event: 1.711 Thread 0x00000284d4a82a90 Implicit null exception at 0x00000284c0fcf40f to 0x00000284c0fcf874
Event: 1.712 Thread 0x00000284d4a82a90 Exception <a 'java/lang/NoSuchMethodError'{0x0000000711c92b70}: 'void java.lang.invoke.DirectMethodHandle$Holder.invokeSpecial(java.lang.Object, java.lang.Object, java.lang.Object, java.lang.Object, java.lang.Object, java.lang.Object)'> (0x0000000711c92b70) 
thrown [s\src\hotspot\share\interpreter\linkResolver.cpp, line 771]
Event: 1.714 Thread 0x00000284d4a82a90 Implicit null exception at 0x00000284c0fd0514 to 0x00000284c0fd097c
Event: 1.776 Thread 0x00000284d4a82a90 Exception <a 'java/lang/NoSuchMethodError'{0x0000000710eb0540}: 'java.lang.Object java.lang.invoke.DirectMethodHandle$Holder.newInvokeSpecial(java.lang.Object, java.lang.Object, int)'> (0x0000000710eb0540) 
thrown [s\src\hotspot\share\interpreter\linkResolver.cpp, line 771]
Event: 1.782 Thread 0x00000284d4a82a90 Exception <a 'java/lang/NoSuchMethodError'{0x0000000710efdd40}: 'long java.lang.invoke.DirectMethodHandle$Holder.invokeStatic(java.lang.Object, java.lang.Object, java.lang.Object)'> (0x0000000710efdd40) 
thrown [s\src\hotspot\share\interpreter\linkResolver.cpp, line 771]
Event: 1.782 Thread 0x00000284d4a82a90 Exception <a 'java/lang/NoSuchMethodError'{0x0000000710f014e8}: 'long java.lang.invoke.DirectMethodHandle$Holder.invokeStaticInit(java.lang.Object, java.lang.Object, java.lang.Object)'> (0x0000000710f014e8) 
thrown [s\src\hotspot\share\interpreter\linkResolver.cpp, line 771]
Event: 1.784 Thread 0x00000284d4a82a90 Exception <a 'java/lang/NoSuchMethodError'{0x0000000710f190f0}: 'java.lang.Object java.lang.invoke.DirectMethodHandle$Holder.newInvokeSpecial(java.lang.Object, java.lang.Object, long)'> (0x0000000710f190f0) 
thrown [s\src\hotspot\share\interpreter\linkResolver.cpp, line 771]
Event: 1.784 Thread 0x00000284d4a82a90 Exception <a 'java/lang/NoSuchMethodError'{0x0000000710f1cc60}: 'java.lang.Object java.lang.invoke.Invokers$Holder.linkToTargetMethod(java.lang.Object, long, java.lang.Object)'> (0x0000000710f1cc60) 
thrown [s\src\hotspot\share\interpreter\linkResolver.cpp, line 771]
Event: 1.795 Thread 0x00000284d4a82070 Exception <a 'java/lang/NoSuchMethodError'{0x0000000710c1ab78}: 'int java.lang.invoke.DirectMethodHandle$Holder.invokeStaticInit(java.lang.Object, java.lang.Object)'> (0x0000000710c1ab78) 
thrown [s\src\hotspot\share\interpreter\linkResolver.cpp, line 771]

VM Operations (20 events):
Event: 1.420 Executing VM operation: HandshakeAllThreads
Event: 1.420 Executing VM operation: HandshakeAllThreads done
Event: 1.423 Executing VM operation: HandshakeAllThreads
Event: 1.423 Executing VM operation: HandshakeAllThreads done
Event: 1.423 Executing VM operation: HandshakeAllThreads
Event: 1.423 Executing VM operation: HandshakeAllThreads done
Event: 1.466 Executing VM operation: CollectForMetadataAllocation
Event: 1.470 Executing VM operation: CollectForMetadataAllocation done
Event: 1.472 Executing VM operation: G1PauseRemark
Event: 1.473 Executing VM operation: G1PauseRemark done
Event: 1.473 Executing VM operation: G1PauseCleanup
Event: 1.473 Executing VM operation: G1PauseCleanup done
Event: 1.541 Executing VM operation: HandshakeAllThreads
Event: 1.541 Executing VM operation: HandshakeAllThreads done
Event: 1.752 Executing VM operation: ICBufferFull
Event: 1.752 Executing VM operation: ICBufferFull done
Event: 2.200 Executing VM operation: ICBufferFull
Event: 2.200 Executing VM operation: ICBufferFull done
Event: 3.200 Executing VM operation: Cleanup
Event: 3.200 Executing VM operation: Cleanup done

Events (20 events):
Event: 1.957 loading class sun/misc/Unsafe done
Event: 1.957 loading class jdk/internal/reflect/UnsafeQualifiedStaticObjectFieldAccessorImpl
Event: 1.957 loading class jdk/internal/reflect/UnsafeQualifiedStaticFieldAccessorImpl
Event: 1.957 loading class jdk/internal/reflect/UnsafeQualifiedStaticFieldAccessorImpl done
Event: 1.957 loading class jdk/internal/reflect/UnsafeQualifiedStaticObjectFieldAccessorImpl done
Event: 2.414 loading class java/util/EnumMap$Values
Event: 2.414 loading class java/util/EnumMap$Values done
Event: 2.414 loading class java/util/EnumMap$ValueIterator
Event: 2.414 loading class java/util/EnumMap$EnumMapIterator
Event: 2.414 loading class java/util/EnumMap$EnumMapIterator done
Event: 2.414 loading class java/util/EnumMap$ValueIterator done
Event: 2.489 Thread 0x00000284dac77050 Thread exited: 0x00000284dac77050
Event: 3.877 loading class java/util/Collections$SingletonSet
Event: 3.877 loading class java/util/Collections$SingletonSet done
Event: 3.884 Thread 0x00000284dabf8820 Thread added: 0x00000284dabf8820
Event: 3.885 loading class java/lang/Throwable$WrappedPrintStream
Event: 3.885 loading class java/lang/Throwable$PrintStreamOrWriter
Event: 3.885 loading class java/lang/Throwable$PrintStreamOrWriter done
Event: 3.885 loading class java/lang/Throwable$WrappedPrintStream done
Event: 3.886 Thread 0x00000284daf89070 Thread added: 0x00000284daf89070


Dynamic libraries:
0x00007ff7a40e0000 - 0x00007ff7a40ea000 	C:\Users\dell\.jdks\jbr-17.0.8.1\bin\java.exe
0x00007ff89de30000 - 0x00007ff89e028000 	C:\WINDOWS\SYSTEM32\ntdll.dll
0x00007ff89c170000 - 0x00007ff89c22d000 	C:\WINDOWS\System32\KERNEL32.DLL
0x00007ff89b810000 - 0x00007ff89bb06000 	C:\WINDOWS\System32\KERNELBASE.dll
0x00007ff89b6c0000 - 0x00007ff89b7c0000 	C:\WINDOWS\System32\ucrtbase.dll
0x00007ff8969a0000 - 0x00007ff8969b7000 	C:\Users\dell\.jdks\jbr-17.0.8.1\bin\jli.dll
0x00007ff896980000 - 0x00007ff89699b000 	C:\Users\dell\.jdks\jbr-17.0.8.1\bin\VCRUNTIME140.dll
0x00007ff89c620000 - 0x00007ff89c7bf000 	C:\WINDOWS\System32\USER32.dll
0x00007ff89b4e0000 - 0x00007ff89b502000 	C:\WINDOWS\System32\win32u.dll
0x00007ff8899f0000 - 0x00007ff889c8a000 	C:\WINDOWS\WinSxS\amd64_microsoft.windows.common-controls_6595b64144ccf1df_6.0.19041.3636_none_60b6a03d71f818d5\COMCTL32.dll
0x00007ff89d8c0000 - 0x00007ff89d8eb000 	C:\WINDOWS\System32\GDI32.dll
0x00007ff89c990000 - 0x00007ff89ca2e000 	C:\WINDOWS\System32\msvcrt.dll
0x00007ff89bb40000 - 0x00007ff89bc57000 	C:\WINDOWS\System32\gdi32full.dll
0x00007ff89bdc0000 - 0x00007ff89be5d000 	C:\WINDOWS\System32\msvcp_win.dll
0x00007ff89d6e0000 - 0x00007ff89d712000 	C:\WINDOWS\System32\IMM32.DLL
0x00000000766d0000 - 0x00000000766dc000 	C:\Program Files (x86)\360\Total Security\safemon\SafeWrapper.dll
0x00007ff89d9e0000 - 0x00007ff89da90000 	C:\WINDOWS\System32\ADVAPI32.dll
0x00007ff89c440000 - 0x00007ff89c4e0000 	C:\WINDOWS\System32\sechost.dll
0x00007ff89d790000 - 0x00007ff89d8b3000 	C:\WINDOWS\System32\RPCRT4.dll
0x00007ff89bb10000 - 0x00007ff89bb37000 	C:\WINDOWS\System32\bcrypt.dll
0x00007ff85f760000 - 0x00007ff85f7f2000 	C:\Program Files (x86)\360\Total Security\safemon\libzdtp64.dll
0x00007ff89cf70000 - 0x00007ff89d6db000 	C:\WINDOWS\System32\SHELL32.dll
0x00007ff89c5a0000 - 0x00007ff89c5f5000 	C:\WINDOWS\System32\SHLWAPI.dll
0x00007ff89b210000 - 0x00007ff89b21a000 	C:\WINDOWS\SYSTEM32\VERSION.dll
0x00007ff8977c0000 - 0x00007ff8977cc000 	C:\Users\dell\.jdks\jbr-17.0.8.1\bin\vcruntime140_1.dll
0x00007ff87eb00000 - 0x00007ff87eb8d000 	C:\Users\dell\.jdks\jbr-17.0.8.1\bin\msvcp140.dll
0x00007ff8537f0000 - 0x00007ff854473000 	C:\Users\dell\.jdks\jbr-17.0.8.1\bin\server\jvm.dll
0x00007ff89b1b0000 - 0x00007ff89b1fb000 	C:\WINDOWS\SYSTEM32\POWRPROF.dll
0x00007ff87a270000 - 0x00007ff87a279000 	C:\WINDOWS\SYSTEM32\WSOCK32.dll
0x00007ff8806d0000 - 0x00007ff8806f7000 	C:\WINDOWS\SYSTEM32\WINMM.dll
0x00007ff89d720000 - 0x00007ff89d78b000 	C:\WINDOWS\System32\WS2_32.dll
0x00007ff89b190000 - 0x00007ff89b1a2000 	C:\WINDOWS\SYSTEM32\UMPDC.dll
0x00007ff899c80000 - 0x00007ff899c92000 	C:\WINDOWS\SYSTEM32\kernel.appcore.dll
0x00007ff896970000 - 0x00007ff89697a000 	C:\Users\dell\.jdks\jbr-17.0.8.1\bin\jimage.dll
0x00007ff8991c0000 - 0x00007ff8993a4000 	C:\WINDOWS\SYSTEM32\DBGHELP.DLL
0x00007ff882d60000 - 0x00007ff882d94000 	C:\WINDOWS\SYSTEM32\dbgcore.DLL
0x00007ff89b630000 - 0x00007ff89b6b2000 	C:\WINDOWS\System32\bcryptPrimitives.dll
0x00007ff893e30000 - 0x00007ff893e3e000 	C:\Users\dell\.jdks\jbr-17.0.8.1\bin\instrument.dll
0x00007ff8913e0000 - 0x00007ff891405000 	C:\Users\dell\.jdks\jbr-17.0.8.1\bin\java.dll
0x00007ff894b30000 - 0x00007ff894b48000 	C:\Users\dell\.jdks\jbr-17.0.8.1\bin\zip.dll
0x00007ff85fcd0000 - 0x00007ff85fda7000 	C:\Users\dell\.jdks\jbr-17.0.8.1\bin\jsvml.dll
0x00007ff8994e0000 - 0x00007ff899c7e000 	C:\WINDOWS\SYSTEM32\windows.storage.dll
0x00007ff89da90000 - 0x00007ff89dde3000 	C:\WINDOWS\System32\combase.dll
0x00007ff89ae30000 - 0x00007ff89ae5e000 	C:\WINDOWS\SYSTEM32\Wldp.dll
0x00007ff89cea0000 - 0x00007ff89cf6d000 	C:\WINDOWS\System32\OLEAUT32.dll
0x00007ff89c030000 - 0x00007ff89c0dd000 	C:\WINDOWS\System32\SHCORE.dll
0x00007ff89b410000 - 0x00007ff89b433000 	C:\WINDOWS\SYSTEM32\profapi.dll
0x00007ff893d60000 - 0x00007ff893d79000 	C:\Users\dell\.jdks\jbr-17.0.8.1\bin\net.dll
0x00007ff895450000 - 0x00007ff89555a000 	C:\WINDOWS\SYSTEM32\WINHTTP.dll
0x00007ff89ab90000 - 0x00007ff89abfa000 	C:\WINDOWS\system32\mswsock.dll
0x00007ff893ce0000 - 0x00007ff893cf6000 	C:\Users\dell\.jdks\jbr-17.0.8.1\bin\nio.dll
0x00007ff891e30000 - 0x00007ff891e4a000 	C:\Program Files\JetBrains\IntelliJ IDEA 2023.2.2\bin\breakgen64.dll
0x00000284d4ec0000 - 0x00000284d4ec3000 	C:\Users\dell\.openjfx\cache\17.0.6\api-ms-win-core-console-l1-1-0.dll
0x00000284d4ed0000 - 0x00000284d4ed3000 	C:\Users\dell\.openjfx\cache\17.0.6\api-ms-win-core-console-l1-2-0.dll
0x00000284d4ee0000 - 0x00000284d4ee3000 	C:\Users\dell\.openjfx\cache\17.0.6\api-ms-win-core-datetime-l1-1-0.dll
0x00000284d4ef0000 - 0x00000284d4ef3000 	C:\Users\dell\.openjfx\cache\17.0.6\api-ms-win-core-debug-l1-1-0.dll
0x00000284d4f00000 - 0x00000284d4f03000 	C:\Users\dell\.openjfx\cache\17.0.6\api-ms-win-core-errorhandling-l1-1-0.dll
0x00000284d4f10000 - 0x00000284d4f14000 	C:\Users\dell\.openjfx\cache\17.0.6\api-ms-win-core-file-l1-1-0.dll
0x00000284d4f20000 - 0x00000284d4f23000 	C:\Users\dell\.openjfx\cache\17.0.6\api-ms-win-core-file-l1-2-0.dll
0x00000284d4f30000 - 0x00000284d4f33000 	C:\Users\dell\.openjfx\cache\17.0.6\api-ms-win-core-file-l2-1-0.dll
0x00000284d4f40000 - 0x00000284d4f43000 	C:\Users\dell\.openjfx\cache\17.0.6\api-ms-win-core-handle-l1-1-0.dll
0x00000284d4f50000 - 0x00000284d4f53000 	C:\Users\dell\.openjfx\cache\17.0.6\api-ms-win-core-heap-l1-1-0.dll
0x00000284d4f60000 - 0x00000284d4f63000 	C:\Users\dell\.openjfx\cache\17.0.6\api-ms-win-core-interlocked-l1-1-0.dll
0x00000284d4f70000 - 0x00000284d4f73000 	C:\Users\dell\.openjfx\cache\17.0.6\api-ms-win-core-libraryloader-l1-1-0.dll
0x00000284d4f80000 - 0x00000284d4f83000 	C:\Users\dell\.openjfx\cache\17.0.6\api-ms-win-core-localization-l1-2-0.dll
0x00000284d4f90000 - 0x00000284d4f93000 	C:\Users\dell\.openjfx\cache\17.0.6\api-ms-win-core-memory-l1-1-0.dll
0x00000284d4fa0000 - 0x00000284d4fa3000 	C:\Users\dell\.openjfx\cache\17.0.6\api-ms-win-core-namedpipe-l1-1-0.dll
0x00000284d4fb0000 - 0x00000284d4fb3000 	C:\Users\dell\.openjfx\cache\17.0.6\api-ms-win-core-processenvironment-l1-1-0.dll
0x00000284d4fc0000 - 0x00000284d4fc3000 	C:\Users\dell\.openjfx\cache\17.0.6\api-ms-win-core-processthreads-l1-1-0.dll
0x00000284d4fd0000 - 0x00000284d4fd3000 	C:\Users\dell\.openjfx\cache\17.0.6\api-ms-win-core-processthreads-l1-1-1.dll
0x00000284d4fe0000 - 0x00000284d4fe3000 	C:\Users\dell\.openjfx\cache\17.0.6\api-ms-win-core-profile-l1-1-0.dll
0x00000284d4ff0000 - 0x00000284d4ff3000 	C:\Users\dell\.openjfx\cache\17.0.6\api-ms-win-core-rtlsupport-l1-1-0.dll
0x00000284db7a0000 - 0x00000284db7a3000 	C:\Users\dell\.openjfx\cache\17.0.6\api-ms-win-core-string-l1-1-0.dll
0x00000284db7b0000 - 0x00000284db7b3000 	C:\Users\dell\.openjfx\cache\17.0.6\api-ms-win-core-synch-l1-1-0.dll
0x00000284db7c0000 - 0x00000284db7c3000 	C:\Users\dell\.openjfx\cache\17.0.6\api-ms-win-core-synch-l1-2-0.dll
0x00000284db7d0000 - 0x00000284db7d3000 	C:\Users\dell\.openjfx\cache\17.0.6\api-ms-win-core-sysinfo-l1-1-0.dll
0x00000284db7e0000 - 0x00000284db7e3000 	C:\Users\dell\.openjfx\cache\17.0.6\api-ms-win-core-timezone-l1-1-0.dll
0x00000284db7f0000 - 0x00000284db7f3000 	C:\Users\dell\.openjfx\cache\17.0.6\api-ms-win-core-util-l1-1-0.dll
0x00000284db800000 - 0x00000284db803000 	C:\Users\dell\.openjfx\cache\17.0.6\api-ms-win-crt-conio-l1-1-0.dll
0x00000284db810000 - 0x00000284db814000 	C:\Users\dell\.openjfx\cache\17.0.6\api-ms-win-crt-convert-l1-1-0.dll
0x00000284db820000 - 0x00000284db823000 	C:\Users\dell\.openjfx\cache\17.0.6\api-ms-win-crt-environment-l1-1-0.dll
0x00000284db830000 - 0x00000284db833000 	C:\Users\dell\.openjfx\cache\17.0.6\api-ms-win-crt-filesystem-l1-1-0.dll
0x00000284db840000 - 0x00000284db843000 	C:\Users\dell\.openjfx\cache\17.0.6\api-ms-win-crt-heap-l1-1-0.dll
0x00000284db850000 - 0x00000284db853000 	C:\Users\dell\.openjfx\cache\17.0.6\api-ms-win-crt-locale-l1-1-0.dll
0x00000284db860000 - 0x00000284db865000 	C:\Users\dell\.openjfx\cache\17.0.6\api-ms-win-crt-math-l1-1-0.dll
0x00000284db870000 - 0x00000284db875000 	C:\Users\dell\.openjfx\cache\17.0.6\api-ms-win-crt-multibyte-l1-1-0.dll
0x00000284db880000 - 0x00000284db890000 	C:\Users\dell\.openjfx\cache\17.0.6\api-ms-win-crt-private-l1-1-0.dll
0x00000284db890000 - 0x00000284db893000 	C:\Users\dell\.openjfx\cache\17.0.6\api-ms-win-crt-process-l1-1-0.dll
0x00000284db8a0000 - 0x00000284db8a4000 	C:\Users\dell\.openjfx\cache\17.0.6\api-ms-win-crt-runtime-l1-1-0.dll
0x00000284db8b0000 - 0x00000284db8b4000 	C:\Users\dell\.openjfx\cache\17.0.6\api-ms-win-crt-stdio-l1-1-0.dll
0x00000284db8c0000 - 0x00000284db8c4000 	C:\Users\dell\.openjfx\cache\17.0.6\api-ms-win-crt-string-l1-1-0.dll
0x00000284db8d0000 - 0x00000284db8d3000 	C:\Users\dell\.openjfx\cache\17.0.6\api-ms-win-crt-time-l1-1-0.dll
0x00000284db8e0000 - 0x00000284db8e3000 	C:\Users\dell\.openjfx\cache\17.0.6\api-ms-win-crt-utility-l1-1-0.dll
0x00007ff85a160000 - 0x00007ff85a25c000 	C:\Users\dell\.openjfx\cache\17.0.6\ucrtbase.dll
0x00007ff8888e0000 - 0x00007ff8888fa000 	C:\Users\dell\.openjfx\cache\17.0.6\vcruntime140.dll
0x00007ff893960000 - 0x00007ff89396c000 	C:\Users\dell\.openjfx\cache\17.0.6\vcruntime140_1.dll
0x00007ff8604c0000 - 0x00007ff86054d000 	C:\Users\dell\.openjfx\cache\17.0.6\msvcp140.dll
0x00007ff891380000 - 0x00007ff891389000 	C:\Users\dell\.openjfx\cache\17.0.6\msvcp140_1.dll
0x00007ff882e60000 - 0x00007ff882e8f000 	C:\Users\dell\.openjfx\cache\17.0.6\msvcp140_2.dll
0x00007ff882e30000 - 0x00007ff882e5a000 	C:\Users\dell\.openjfx\cache\17.0.6\prism_d3d.dll
0x00007ff882a70000 - 0x00007ff882c3d000 	C:\WINDOWS\system32\d3d9.dll
0x00007ff898e10000 - 0x00007ff898e3f000 	C:\WINDOWS\SYSTEM32\dwmapi.dll
0x00007ff898a50000 - 0x00007ff898aee000 	C:\WINDOWS\system32\uxtheme.dll
0x00007ff85bc10000 - 0x00007ff85bd75000 	C:\WINDOWS\System32\DriverStore\FileRepository\iigd_dch.inf_amd64_4de65d949492707a\igdumdim64.dll
0x00007ff89c310000 - 0x00007ff89c43b000 	C:\WINDOWS\System32\ole32.dll
0x00007ff836620000 - 0x00007ff83a2ab000 	C:\WINDOWS\System32\DriverStore\FileRepository\iigd_dch.inf_amd64_4de65d949492707a\igd9dxva64.dll
0x00007ff89ca30000 - 0x00007ff89ce9e000 	C:\WINDOWS\System32\SETUPAPI.dll
0x00007ff89b7c0000 - 0x00007ff89b80e000 	C:\WINDOWS\System32\cfgmgr32.dll
0x00007ff8907a0000 - 0x00007ff890ad6000 	C:\WINDOWS\System32\DriverStore\FileRepository\iigd_dch.inf_amd64_4de65d949492707a\igdgmm64.dll
0x00007ff85fe50000 - 0x00007ff85fe92000 	C:\Users\dell\.openjfx\cache\17.0.6\glass.dll
0x00007ff89c230000 - 0x00007ff89c30a000 	C:\WINDOWS\System32\COMDLG32.dll
0x00007ff89be60000 - 0x00007ff89bf75000 	C:\WINDOWS\System32\MSCTF.dll
0x00007ff890410000 - 0x00007ff890437000 	C:\WINDOWS\System32\DriverStore\FileRepository\iigd_dch.inf_amd64_4de65d949492707a\igdinfo64.dll
0x00007ff88c130000 - 0x00007ff88eebf000 	C:\WINDOWS\System32\DriverStore\FileRepository\iigd_dch.inf_amd64_4de65d949492707a\igc64.dll
0x00007ff892560000 - 0x00007ff89259b000 	C:\WINDOWS\SYSTEM32\dxcore.dll
0x00007ff865da0000 - 0x00007ff865dcd000 	C:\Users\dell\.openjfx\cache\17.0.6\javafx_iio.dll
0x00007ff880b10000 - 0x00007ff880b24000 	C:\Users\dell\.openjfx\cache\17.0.6\javafx_font.dll
0x00007ff88b100000 - 0x00007ff88b37f000 	C:\WINDOWS\SYSTEM32\dwrite.dll
0x00007ff89a8b0000 - 0x00007ff89a97b000 	C:\WINDOWS\SYSTEM32\DNSAPI.dll
0x00007ff89a870000 - 0x00007ff89a8ab000 	C:\WINDOWS\SYSTEM32\IPHLPAPI.DLL
0x00007ff89c0e0000 - 0x00007ff89c0e8000 	C:\WINDOWS\System32\NSI.dll
0x00007ff890740000 - 0x00007ff89074a000 	C:\Windows\System32\rasadhlp.dll
0x00007ff88aa80000 - 0x00007ff88ab00000 	C:\WINDOWS\System32\fwpuclnt.dll
0x00007ff89bf80000 - 0x00007ff89c029000 	C:\WINDOWS\System32\clbcatq.dll
0x00007ff895b80000 - 0x00007ff895d34000 	C:\WINDOWS\SYSTEM32\WindowsCodecs.dll
0x00007ff8768f0000 - 0x00007ff87692e000 	C:\WINDOWS\system32\dataexchange.dll
0x00007ff8974f0000 - 0x00007ff897753000 	C:\WINDOWS\system32\d3d11.dll
0x00007ff897e50000 - 0x00007ff898035000 	C:\WINDOWS\system32\dcomp.dll

dbghelp: loaded successfully - version: 4.0.5 - missing functions: none
symbol engine: initialized successfully - sym options: 0x614 - pdb path: .;C:\Users\dell\.jdks\jbr-17.0.8.1\bin;C:\WINDOWS\SYSTEM32;C:\WINDOWS\WinSxS\amd64_microsoft.windows.common-controls_6595b64144ccf1df_6.0.19041.3636_none_60b6a03d71f818d5;C:\Program Files (x86)\360\Total Security\safemon;C:\Users\dell\.jdks\jbr-17.0.8.1\bin\server;C:\Program Files\JetBrains\IntelliJ IDEA 2023.2.2\bin;C:\Users\dell\.openjfx\cache\17.0.6;C:\WINDOWS\System32\DriverStore\FileRepository\iigd_dch.inf_amd64_4de65d949492707a;C:\Program Files\Common Files\Microsoft Shared\Ink

VM Arguments:
jvm_args: -javaagent:C:\Program Files\JetBrains\IntelliJ IDEA 2023.2.2\lib\idea_rt.jar=55279:C:\Program Files\JetBrains\IntelliJ IDEA 2023.2.2\bin -Dfile.encoding=UTF-8 --module-path=C:\Users\dell\.m2\repository\org\openjfx\javafx-graphics\17.0.6\javafx-graphics-17.0.6-win.jar;C:\Users\dell\.m2\repository\com\google\oauth-client\google-oauth-client\1.34.1\google-oauth-client-1.34.1.jar;C:\Users\dell\.m2\repository\org\apache\httpcomponents\httpcore\4.4.13\httpcore-4.4.13.jar;C:\Users\dell\.m2\repository\com\zaxxer\SparseBitSet\1.2\SparseBitSet-1.2.jar;C:\Users\dell\.m2\repository\org\testng\testng\7.10.2\testng-7.10.2.jar;C:\Users\dell\.m2\repository\org\json\json\20210307\json-20210307.jar;C:\Users\dell\.m2\repository\com\google\zxing\core\3.4.1\core-3.4.1.jar;C:\Users\dell\.m2\repository\com\mysql\mysql-connector-j\8.2.0\mysql-connector-j-8.2.0.jar;C:\Users\dell\.m2\repository\org\openjfx\javafx-controls\17.0.6\javafx-controls-17.0.6-win.jar;C:\Users\dell\.m2\repository\org\openjfx\javafx-fxml\17.0.6\javafx-fxml-17.0.6-win.jar;C:\Users\dell\.m2\repository\org\apache\xmlbeans\xmlbeans\5.1.1\xmlbeans-5.1.1.jar;C:\Users\dell\.m2\repository\com\google\api-client\google-api-client\2.0.0\google-api-client-2.0.0.jar;C:\Users\dell\.m2\repository\org\apache\logging\log4j\log4j-api\2.18.0\log4j-api-2.18.0.jar;C:\Users\dell\.m2\repository\org\opentest4j\opentest4j\1.2.0\opentest4j-1.2.0.jar;F:\TJv2\TJv2\target\classes;C:\Users\dell\.m2\repository\org\glassfish\javax.json\1.1.4\javax.json-1.1.4.jar;C:\Users\dell\.m2\repository\commons-codec\commons-codec\1.11\commons-codec-1.11.jar;C:\Users\dell\.m2\repository\com\twilio\sdk\twilio\8.22.0\twilio-8.22.0.jar;C:\Users\dell\.m2\repository\org\junit\jupiter\junit-jupiter-api\5.9.2\junit-jupiter-api-5.9.2.jar;C:\Users\dell\.m2\repository\org\apache\pdfbox\fontbox\2.0.26\fontbox-2.0.26.jar;C:\Users\dell\.m2\repository\com\sun\mail\javax.mail\1.6.2\javax.mail-1.6.2.jar;C:\Users\dell\.m2\repository\org\apache\poi\poi-ooxml-lite\5.2.3\poi-ooxml-lite-5.2.3.jar;C:\Users\dell\.m2\repository\com\google\http-client\google-http-client-gson\1.42.1\google-http-client-gson-1.42.1.jar;C:\Users\dell\.m2\reposit-Djdk.module.main=com.example.tourjoy 
java_command: com.example.tourjoy/com.example.javafx.HelloApplication
java_class_path (initial): C:\Users\dell\.m2\repository\org\openjfx\javafx-controls\17.0.6\javafx-controls-17.0.6.jar;C:\Users\dell\.m2\repository\org\openjfx\javafx-graphics\17.0.6\javafx-graphics-17.0.6.jar;C:\Users\dell\.m2\repository\org\openjfx\javafx-base\17.0.6\javafx-base-17.0.6.jar;C:\Users\dell\.m2\repository\org\openjfx\javafx-web\17.0.6\javafx-web-17.0.6.jar;C:\Users\dell\.m2\repository\org\openjfx\javafx-media\17.0.6\javafx-media-17.0.6.jar;C:\Users\dell\.m2\repository\org\jfxtras\jfxtras-agenda\8.0-r6\jfxtras-agenda-8.0-r6.jar;C:\Users\dell\.m2\repository\org\jfxtras\jfxtras-controls\8.0-r6\jfxtras-controls-8.0-r6.jar;C:\Users\dell\.m2\repository\org\jfxtras\jfxtras-common\8.0-r6\jfxtras-common-8.0-r6.jar;C:\Users\dell\.m2\repository\org\jfxtras\jfxtras-fxml\8.0-r6\jfxtras-fxml-8.0-r6.jar;C:\Users\dell\.m2\repository\commons-logging\commons-logging\1.2\commons-logging-1.2.jar;C:\Users\dell\.m2\repository\com\google\guava\guava\25.1-android\guava-25.1-android.jar;C:\Users\dell\.m2\repository\com\google\code\findbugs\jsr305\3.0.2\jsr305-3.0.2.jar;C:\Users\dell\.m2\repository\org\checkerframework\checker-compat-qual\2.0.0\checker-compat-qual-2.0.0.jar;C:\Users\dell\.m2\repository\com\google\errorprone\error_prone_annotations\2.1.3\error_prone_annotations-2.1.3.jar;C:\Users\dell\.m2\repository\com\google\j2objc\j2objc-annotations\1.1\j2objc-annotations-1.1.jar;C:\Users\dell\.m2\repository\org\codehaus\mojo\animal-sniffer-annotations\1.14\animal-sniffer-annotations-1.14.jar;C:\Users\dell\.m2\repository\com\github\virtuald\curvesapi\1.07\curvesapi-1.07.jar;C:\Users\dell\.m2\repository\com\gluonhq\attach\util\4.0.9\util-4.0.9.jar;C:\Users\dell\.m2\repository\com\squareup\okhttp3\okhttp\4.9.3\okhttp-4.9.3.jar;C:\Users\dell\.m2\repository\com\squareup\okio\okio\2.8.0\okio-2.8.0.jar;C:\Users\dell\.m2\repository\org\jetbrains\kotlin\kotlin-stdlib-common\1.4.0\kotlin-stdlib-common-1.4.0.jar;C:\Users\dell\.m2\repository\org\jetbrains\kotlin\kotlin-stdlib\1.4.10\k
Launcher Type: SUN_STANDARD

[Global flags]
     intx CICompilerCount                          = 4                                         {product} {ergonomic}
     uint ConcGCThreads                            = 2                                         {product} {ergonomic}
     uint G1ConcRefinementThreads                  = 8                                         {product} {ergonomic}
   size_t G1HeapRegionSize                         = 2097152                                   {product} {ergonomic}
    uintx GCDrainStackTargetSize                   = 64                                        {product} {ergonomic}
   size_t InitialHeapSize                          = 266338304                                 {product} {ergonomic}
   size_t MarkStackSize                            = 4194304                                   {product} {ergonomic}
   size_t MaxHeapSize                              = 4242538496                                {product} {ergonomic}
   size_t MaxNewSize                               = 2543845376                                {product} {ergonomic}
   size_t MinHeapDeltaBytes                        = 2097152                                   {product} {ergonomic}
   size_t MinHeapSize                              = 8388608                                   {product} {ergonomic}
    uintx NonNMethodCodeHeapSize                   = 5839372                                {pd product} {ergonomic}
    uintx NonProfiledCodeHeapSize                  = 122909434                              {pd product} {ergonomic}
    uintx ProfiledCodeHeapSize                     = 122909434                              {pd product} {ergonomic}
    uintx ReservedCodeCacheSize                    = 251658240                              {pd product} {ergonomic}
     bool SegmentedCodeCache                       = true                                      {product} {ergonomic}
   size_t SoftMaxHeapSize                          = 4242538496                             {manageable} {ergonomic}
     bool UseCompressedClassPointers               = true                           {product lp64_product} {ergonomic}
     bool UseCompressedOops                        = true                           {product lp64_product} {ergonomic}
     bool UseG1GC                                  = true                                      {product} {ergonomic}
     bool UseLargePagesIndividualAllocation        = false                                  {pd product} {ergonomic}

Logging:
Log output configuration:
 #0: stdout all=warning uptime,level,tags
 #1: stderr all=off uptime,level,tags

Environment Variables:
PATH=C:\oraclexe\app\oracle\product\11.2.0\server\bin;;C:\Program Files (x86)\VMware\VMware Player\bin\;C:\oraclexe\app\oracle\product\11.2.0\server\bin;C:\Program Files (x86)\Common Files\Intel\Shared Libraries\redist\intel64\compiler;C:\WINDOWS\system32;C:\WINDOWS;C:\WINDOWS\System32\Wbem;C:\WINDOWS\System32\WindowsPowerShell\v1.0\;C:\WINDOWS\System32\OpenSSH\;C:\Program Files (x86)\NVIDIA Corporation\PhysX\Common;C:\Program Files\NVIDIA Corporation\NVIDIA NvDLISR;C:\xampp\php;C:\Program Files\dotnet\;C:\Strawberry\c\bin;C:\Strawberry\perl\site\bin;C:\Strawberry\perl\bin;C:\instantclient12_2;C:\oraclexe\app\oracle\admin\XE;C:\oraclexe;C:\Program Files\Git\cmd;C:\Users\dell\.jdks\jbr-17.0.8.1\bin;C:\ProgramData\ComposerSetup\bin;C:\Users\dell\scoop\shims;C:\Program Files\MySQL\MySQL Shell 8.0\bin\;C:\Users\dell\AppData\Local\Microsoft\WindowsApps;C:\Users\dell\AppData\Local\Programs\Microsoft VS Code\bin;C:\Users\dell\AppData\Roaming\Composer\vendor\bin;C:\Flex Windows\gcc\bin;C:\Flex Windows\Lex\bin;C:\Flex Windows\bison\bin
USERNAME=dell
OS=Windows_NT
PROCESSOR_IDENTIFIER=Intel64 Family 6 Model 165 Stepping 2, GenuineIntel
TMP=C:\Users\dell\AppData\Local\Temp
TEMP=C:\Users\dell\AppData\Local\Temp


JNI global refs:
JNI global refs: 33, weak refs: 0

JNI global refs memory usage: 843, weak refs: 841

OOME stack traces (most recent first):
Classloader memory used:
Loader bootstrap                                                                       : 1876K
Loader jdk.internal.loader.ClassLoaders$AppClassLoader                                 : 1693K
Loader jdk.internal.loader.ClassLoaders$PlatformClassLoader                            : 45359B
Loader jdk.internal.reflect.DelegatingClassLoader                                      : 2110B
Loader com.sun.javafx.reflect.MethodUtil                                               : 364B


---------------  S Y S T E M  ---------------

OS:
 Windows 10 , 64 bit Build 19041 (10.0.19041.3636)
OS uptime: 2 days 2:39 hours

CPU: total 8 (initial active 8) (4 cores per cpu, 2 threads per core) family 6 model 165 stepping 2 microcode 0xf8, cx8, cmov, fxsr, ht, mmx, 3dnowpref, sse, sse2, sse3, ssse3, sse4.1, sse4.2, popcnt, lzcnt, tsc, tscinvbit, avx, avx2, aes, erms, clmul, bmi1, bmi2, adx, fma, vzeroupper, clflush, clflushopt
Processor Information for all 8 processors :
  Max Mhz: 2496, Current Mhz: 2496, Mhz Limit: 2496

Memory: 4k page, system-wide physical 16177M (3164M free)
TotalPageFile size 25101M (AvailPageFile size 6M)
current process WorkingSet (physical memory assigned to process): 548M, peak: 549M
current process commit charge ("private bytes"): 712M, peak: 718M

vm_info: OpenJDK 64-Bit Server VM (17.0.8.1+7-b1059.3) for windows-amd64 JRE (17.0.8.1+7-b1059.3), built on 2023-09-11 by "builduser" with MS VC++ 16.10 / 16.11 (VS2019)

END.
